[0.046s] Invoking command in '/home/ubuntu/ros2_ws/build/camera1-1': CMAKE_PREFIX_PATH=${CMAKE_PREFIX_PATH}:/opt/ros/foxy /usr/bin/cmake --build /home/ubuntu/ros2_ws/build/camera1-1 -- -j4 -l4
[0.234s] [35m[1mScanning dependencies of target sub_jetson[0m
[0.347s] [ 33%] Built target sub_wsl
[0.349s] [ 66%] Built target pub
[0.400s] [ 83%] [32mBuilding CXX object CMakeFiles/sub_jetson.dir/src/sub_jetson.cpp.o[0m
[24.202s] [100%] [32m[1mLinking CXX executable sub_jetson[0m
[26.492s] [100%] Built target sub_jetson
[26.531s] Invoked command in '/home/ubuntu/ros2_ws/build/camera1-1' returned '0': CMAKE_PREFIX_PATH=${CMAKE_PREFIX_PATH}:/opt/ros/foxy /usr/bin/cmake --build /home/ubuntu/ros2_ws/build/camera1-1 -- -j4 -l4
[26.579s] Invoking command in '/home/ubuntu/ros2_ws/build/camera1-1': CMAKE_PREFIX_PATH=${CMAKE_PREFIX_PATH}:/opt/ros/foxy /usr/bin/cmake --install /home/ubuntu/ros2_ws/build/camera1-1
[26.610s] -- Install configuration: ""
[26.612s] -- Execute custom install script
[26.614s] -- Up-to-date symlink: /home/ubuntu/ros2_ws/install/camera1-1/lib/camera1-1/pub
[26.615s] -- Up-to-date symlink: /home/ubuntu/ros2_ws/install/camera1-1/lib/camera1-1/sub_jetson
[26.616s] -- Up-to-date symlink: /home/ubuntu/ros2_ws/install/camera1-1/lib/camera1-1/sub_wsl
[26.617s] -- Up-to-date symlink: /home/ubuntu/ros2_ws/install/camera1-1/share/ament_index/resource_index/package_run_dependencies/camera1-1
[26.619s] -- Up-to-date symlink: /home/ubuntu/ros2_ws/install/camera1-1/share/ament_index/resource_index/parent_prefix_path/camera1-1
[26.620s] -- Up-to-date symlink: /home/ubuntu/ros2_ws/install/camera1-1/share/camera1-1/environment/ament_prefix_path.sh
[26.621s] -- Up-to-date symlink: /home/ubuntu/ros2_ws/install/camera1-1/share/camera1-1/environment/ament_prefix_path.dsv
[26.622s] -- Up-to-date symlink: /home/ubuntu/ros2_ws/install/camera1-1/share/camera1-1/environment/path.sh
[26.623s] -- Up-to-date symlink: /home/ubuntu/ros2_ws/install/camera1-1/share/camera1-1/environment/path.dsv
[26.625s] -- Up-to-date symlink: /home/ubuntu/ros2_ws/install/camera1-1/share/camera1-1/local_setup.bash
[26.626s] -- Up-to-date symlink: /home/ubuntu/ros2_ws/install/camera1-1/share/camera1-1/local_setup.sh
[26.627s] -- Up-to-date symlink: /home/ubuntu/ros2_ws/install/camera1-1/share/camera1-1/local_setup.zsh
[26.628s] -- Up-to-date symlink: /home/ubuntu/ros2_ws/install/camera1-1/share/camera1-1/local_setup.dsv
[26.629s] -- Symlinking: /home/ubuntu/ros2_ws/install/camera1-1/share/camera1-1/package.dsv
[26.662s] -- Up-to-date symlink: /home/ubuntu/ros2_ws/install/camera1-1/share/ament_index/resource_index/packages/camera1-1
[26.663s] -- Up-to-date symlink: /home/ubuntu/ros2_ws/install/camera1-1/share/camera1-1/cmake/camera1-1Config.cmake
[26.664s] -- Up-to-date symlink: /home/ubuntu/ros2_ws/install/camera1-1/share/camera1-1/cmake/camera1-1Config-version.cmake
[26.666s] -- Up-to-date symlink: /home/ubuntu/ros2_ws/install/camera1-1/share/camera1-1/package.xml
[26.672s] Invoked command in '/home/ubuntu/ros2_ws/build/camera1-1' returned '0': CMAKE_PREFIX_PATH=${CMAKE_PREFIX_PATH}:/opt/ros/foxy /usr/bin/cmake --install /home/ubuntu/ros2_ws/build/camera1-1
