[0.047s] Invoking command in '/home/ubuntu/ros2_ws/build/camera1-3': CMAKE_PREFIX_PATH=${CMAKE_PREFIX_PATH}:/opt/ros/foxy /usr/bin/cmake --build /home/ubuntu/ros2_ws/build/camera1-3 -- -j4 -l4
[0.348s] [ 33%] Built target sub_jetson
[0.350s] [ 66%] Built target sub_wsl
[0.355s] [100%] Built target pub
[0.395s] Invoked command in '/home/ubuntu/ros2_ws/build/camera1-3' returned '0': CMAKE_PREFIX_PATH=${CMAKE_PREFIX_PATH}:/opt/ros/foxy /usr/bin/cmake --build /home/ubuntu/ros2_ws/build/camera1-3 -- -j4 -l4
[0.441s] Invoking command in '/home/ubuntu/ros2_ws/build/camera1-3': CMAKE_PREFIX_PATH=${CMAKE_PREFIX_PATH}:/opt/ros/foxy /usr/bin/cmake --install /home/ubuntu/ros2_ws/build/camera1-3
[0.474s] -- Install configuration: ""
[0.475s] -- Execute custom install script
[0.477s] -- Up-to-date symlink: /home/ubuntu/ros2_ws/install/camera1-3/lib/camera1-3/pub
[0.478s] -- Up-to-date symlink: /home/ubuntu/ros2_ws/install/camera1-3/lib/camera1-3/sub_jetson
[0.479s] -- Up-to-date symlink: /home/ubuntu/ros2_ws/install/camera1-3/lib/camera1-3/sub_wsl
[0.480s] -- Up-to-date symlink: /home/ubuntu/ros2_ws/install/camera1-3/share/ament_index/resource_index/package_run_dependencies/camera1-3
[0.482s] -- Up-to-date symlink: /home/ubuntu/ros2_ws/install/camera1-3/share/ament_index/resource_index/parent_prefix_path/camera1-3
[0.483s] -- Up-to-date symlink: /home/ubuntu/ros2_ws/install/camera1-3/share/camera1-3/environment/ament_prefix_path.sh
[0.484s] -- Up-to-date symlink: /home/ubuntu/ros2_ws/install/camera1-3/share/camera1-3/environment/ament_prefix_path.dsv
[0.485s] -- Up-to-date symlink: /home/ubuntu/ros2_ws/install/camera1-3/share/camera1-3/environment/path.sh
[0.486s] -- Up-to-date symlink: /home/ubuntu/ros2_ws/install/camera1-3/share/camera1-3/environment/path.dsv
[0.488s] -- Up-to-date symlink: /home/ubuntu/ros2_ws/install/camera1-3/share/camera1-3/local_setup.bash
[0.489s] -- Up-to-date symlink: /home/ubuntu/ros2_ws/install/camera1-3/share/camera1-3/local_setup.sh
[0.490s] -- Up-to-date symlink: /home/ubuntu/ros2_ws/install/camera1-3/share/camera1-3/local_setup.zsh
[0.491s] -- Up-to-date symlink: /home/ubuntu/ros2_ws/install/camera1-3/share/camera1-3/local_setup.dsv
[0.492s] -- Symlinking: /home/ubuntu/ros2_ws/install/camera1-3/share/camera1-3/package.dsv
[0.528s] -- Up-to-date symlink: /home/ubuntu/ros2_ws/install/camera1-3/share/ament_index/resource_index/packages/camera1-3
[0.529s] -- Up-to-date symlink: /home/ubuntu/ros2_ws/install/camera1-3/share/camera1-3/cmake/camera1-3Config.cmake
[0.530s] -- Up-to-date symlink: /home/ubuntu/ros2_ws/install/camera1-3/share/camera1-3/cmake/camera1-3Config-version.cmake
[0.531s] -- Up-to-date symlink: /home/ubuntu/ros2_ws/install/camera1-3/share/camera1-3/package.xml
[0.537s] Invoked command in '/home/ubuntu/ros2_ws/build/camera1-3' returned '0': CMAKE_PREFIX_PATH=${CMAKE_PREFIX_PATH}:/opt/ros/foxy /usr/bin/cmake --install /home/ubuntu/ros2_ws/build/camera1-3
