[0.009s] Invoking command in '/home/linux/ros2_ws/build/pub1-3': CMAKE_PREFIX_PATH=${CMAKE_PREFIX_PATH}:/opt/ros/foxy /usr/bin/cmake --build /home/linux/ros2_ws/build/pub1-3 -- -j16 -l16
[0.046s] -- Found ament_cmake: 0.9.12 (/opt/ros/foxy/share/ament_cmake/cmake)
[0.062s] -- Using PYTHON_EXECUTABLE: /usr/bin/python3
[0.155s] -- Override CMake install command with custom implementation using symlinks instead of copying resources
[0.166s] -- Found rclcpp: 2.4.3 (/opt/ros/foxy/share/rclcpp/cmake)
[0.267s] -- Using all available rosidl_typesupport_c: rosidl_typesupport_fastrtps_c;rosidl_typesupport_introspection_c
[0.270s] -- Found rosidl_adapter: 1.3.1 (/opt/ros/foxy/share/rosidl_adapter/cmake)
[2.600s] -- Using all available rosidl_typesupport_cpp: rosidl_typesupport_fastrtps_cpp;rosidl_typesupport_introspection_cpp
[2.638s] -- Found rmw_implementation_cmake: 1.0.4 (/opt/ros/foxy/share/rmw_implementation_cmake/cmake)
[2.640s] -- Using RMW implementation 'rmw_fastrtps_cpp' as default
[2.739s] -- Found geometry_msgs: 2.0.5 (/opt/ros/foxy/share/geometry_msgs/cmake)
[2.801s] -- Configuring done
[2.806s] -- Generating done
[2.807s] -- Build files have been written to: /home/linux/ros2_ws/build/pub1-3
[2.825s] [35m[1mScanning dependencies of target pub1-3[0m
[2.845s] [ 50%] [32mBuilding CXX object CMakeFiles/pub1-3.dir/src/pub1-3.cpp.o[0m
[4.681s] [100%] [32m[1mLinking CXX executable pub1-3[0m
[4.813s] [100%] Built target pub1-3
[4.820s] Invoked command in '/home/linux/ros2_ws/build/pub1-3' returned '0': CMAKE_PREFIX_PATH=${CMAKE_PREFIX_PATH}:/opt/ros/foxy /usr/bin/cmake --build /home/linux/ros2_ws/build/pub1-3 -- -j16 -l16
[4.827s] Invoking command in '/home/linux/ros2_ws/build/pub1-3': CMAKE_PREFIX_PATH=${CMAKE_PREFIX_PATH}:/opt/ros/foxy /usr/bin/cmake --install /home/linux/ros2_ws/build/pub1-3
[4.831s] -- Install configuration: ""
[4.832s] -- Execute custom install script
[4.832s] -- Up-to-date symlink: /home/linux/ros2_ws/install/pub1-3/lib/pub1-3/pub1-3
[4.832s] -- Up-to-date symlink: /home/linux/ros2_ws/install/pub1-3/share/ament_index/resource_index/package_run_dependencies/pub1-3
[4.832s] -- Up-to-date symlink: /home/linux/ros2_ws/install/pub1-3/share/ament_index/resource_index/parent_prefix_path/pub1-3
[4.832s] -- Up-to-date symlink: /home/linux/ros2_ws/install/pub1-3/share/pub1-3/environment/ament_prefix_path.sh
[4.833s] -- Up-to-date symlink: /home/linux/ros2_ws/install/pub1-3/share/pub1-3/environment/ament_prefix_path.dsv
[4.833s] -- Up-to-date symlink: /home/linux/ros2_ws/install/pub1-3/share/pub1-3/environment/path.sh
[4.833s] -- Up-to-date symlink: /home/linux/ros2_ws/install/pub1-3/share/pub1-3/environment/path.dsv
[4.833s] -- Up-to-date symlink: /home/linux/ros2_ws/install/pub1-3/share/pub1-3/local_setup.bash
[4.833s] -- Up-to-date symlink: /home/linux/ros2_ws/install/pub1-3/share/pub1-3/local_setup.sh
[4.833s] -- Up-to-date symlink: /home/linux/ros2_ws/install/pub1-3/share/pub1-3/local_setup.zsh
[4.833s] -- Up-to-date symlink: /home/linux/ros2_ws/install/pub1-3/share/pub1-3/local_setup.dsv
[4.833s] -- Symlinking: /home/linux/ros2_ws/install/pub1-3/share/pub1-3/package.dsv
[4.838s] -- Up-to-date symlink: /home/linux/ros2_ws/install/pub1-3/share/ament_index/resource_index/packages/pub1-3
[4.839s] -- Up-to-date symlink: /home/linux/ros2_ws/install/pub1-3/share/pub1-3/cmake/pub1-3Config.cmake
[4.839s] -- Up-to-date symlink: /home/linux/ros2_ws/install/pub1-3/share/pub1-3/cmake/pub1-3Config-version.cmake
[4.839s] -- Up-to-date symlink: /home/linux/ros2_ws/install/pub1-3/share/pub1-3/package.xml
[4.840s] Invoked command in '/home/linux/ros2_ws/build/pub1-3' returned '0': CMAKE_PREFIX_PATH=${CMAKE_PREFIX_PATH}:/opt/ros/foxy /usr/bin/cmake --install /home/linux/ros2_ws/build/pub1-3
