[0.053s] Invoking command in '/home/ubuntu/ros2_ws/build/camera1-2': CMAKE_PREFIX_PATH=${CMAKE_PREFIX_PATH}:/opt/ros/foxy /usr/bin/cmake --build /home/ubuntu/ros2_ws/build/camera1-2 -- -j4 -l4
[0.248s] [35m[1mScanning dependencies of target sub_jetson[0m
[0.369s] [ 33%] Built target sub_wsl
[0.384s] [ 66%] Built target pub
[0.431s] [ 83%] [32mBuilding CXX object CMakeFiles/sub_jetson.dir/src/sub_jetson.cpp.o[0m
[30.046s] [100%] [32m[1mLinking CXX executable sub_jetson[0m
[32.615s] [100%] Built target sub_jetson
[32.663s] Invoked command in '/home/ubuntu/ros2_ws/build/camera1-2' returned '0': CMAKE_PREFIX_PATH=${CMAKE_PREFIX_PATH}:/opt/ros/foxy /usr/bin/cmake --build /home/ubuntu/ros2_ws/build/camera1-2 -- -j4 -l4
[32.718s] Invoking command in '/home/ubuntu/ros2_ws/build/camera1-2': CMAKE_PREFIX_PATH=${CMAKE_PREFIX_PATH}:/opt/ros/foxy /usr/bin/cmake --install /home/ubuntu/ros2_ws/build/camera1-2
[32.755s] -- Install configuration: ""
[32.756s] -- Execute custom install script
[32.759s] -- Up-to-date symlink: /home/ubuntu/ros2_ws/install/camera1-2/lib/camera1-2/pub
[32.760s] -- Up-to-date symlink: /home/ubuntu/ros2_ws/install/camera1-2/lib/camera1-2/sub_jetson
[32.761s] -- Up-to-date symlink: /home/ubuntu/ros2_ws/install/camera1-2/lib/camera1-2/sub_wsl
[32.763s] -- Up-to-date symlink: /home/ubuntu/ros2_ws/install/camera1-2/share/ament_index/resource_index/package_run_dependencies/camera1-2
[32.765s] -- Up-to-date symlink: /home/ubuntu/ros2_ws/install/camera1-2/share/ament_index/resource_index/parent_prefix_path/camera1-2
[32.767s] -- Up-to-date symlink: /home/ubuntu/ros2_ws/install/camera1-2/share/camera1-2/environment/ament_prefix_path.sh
[32.769s] -- Up-to-date symlink: /home/ubuntu/ros2_ws/install/camera1-2/share/camera1-2/environment/ament_prefix_path.dsv
[32.770s] -- Up-to-date symlink: /home/ubuntu/ros2_ws/install/camera1-2/share/camera1-2/environment/path.sh
[32.772s] -- Up-to-date symlink: /home/ubuntu/ros2_ws/install/camera1-2/share/camera1-2/environment/path.dsv
[32.773s] -- Up-to-date symlink: /home/ubuntu/ros2_ws/install/camera1-2/share/camera1-2/local_setup.bash
[32.775s] -- Up-to-date symlink: /home/ubuntu/ros2_ws/install/camera1-2/share/camera1-2/local_setup.sh
[32.776s] -- Up-to-date symlink: /home/ubuntu/ros2_ws/install/camera1-2/share/camera1-2/local_setup.zsh
[32.778s] -- Up-to-date symlink: /home/ubuntu/ros2_ws/install/camera1-2/share/camera1-2/local_setup.dsv
[32.779s] -- Symlinking: /home/ubuntu/ros2_ws/install/camera1-2/share/camera1-2/package.dsv
[32.819s] -- Up-to-date symlink: /home/ubuntu/ros2_ws/install/camera1-2/share/ament_index/resource_index/packages/camera1-2
[32.821s] -- Up-to-date symlink: /home/ubuntu/ros2_ws/install/camera1-2/share/camera1-2/cmake/camera1-2Config.cmake
[32.822s] -- Up-to-date symlink: /home/ubuntu/ros2_ws/install/camera1-2/share/camera1-2/cmake/camera1-2Config-version.cmake
[32.823s] -- Up-to-date symlink: /home/ubuntu/ros2_ws/install/camera1-2/share/camera1-2/package.xml
[32.830s] Invoked command in '/home/ubuntu/ros2_ws/build/camera1-2' returned '0': CMAKE_PREFIX_PATH=${CMAKE_PREFIX_PATH}:/opt/ros/foxy /usr/bin/cmake --install /home/ubuntu/ros2_ws/build/camera1-2
