[0.063s] Invoking command in '/home/ubuntu/ros2_ws/build/camera1-2': CMAKE_PREFIX_PATH=${CMAKE_PREFIX_PATH}:/opt/ros/foxy /usr/bin/cmake --build /home/ubuntu/ros2_ws/build/camera1-2 -- -j4 -l4
[0.378s] [35m[1mScanning dependencies of target sub_jetson[0m
[0.505s] [ 33%] Built target sub_wsl
[0.508s] [ 66%] Built target pub
[0.555s] [ 83%] [32mBuilding CXX object CMakeFiles/sub_jetson.dir/src/sub_jetson.cpp.o[0m
[10.977s] In file included from [01m[K/opt/ros/foxy/include/rclcpp/context.hpp:19[m[K,
[10.978s]                  from [01m[K/opt/ros/foxy/include/rclcpp/contexts/default_context.hpp:18[m[K,
[10.978s]                  from [01m[K/opt/ros/foxy/include/rclcpp/executor.hpp:32[m[K,
[10.979s]                  from [01m[K/opt/ros/foxy/include/rclcpp/executors/multi_threaded_executor.hpp:26[m[K,
[10.979s]                  from [01m[K/opt/ros/foxy/include/rclcpp/executors.hpp:21[m[K,
[10.980s]                  from [01m[K/opt/ros/foxy/include/rclcpp/rclcpp.hpp:146[m[K,
[10.980s]                  from [01m[K/home/ubuntu/ros2_ws/src/camera1-2/src/sub_jetson.cpp:1[m[K:
[10.981s] /usr/include/c++/9/functional: In instantiation of ‘[01m[Kstruct std::_Bind_check_arity<void (*)(std::shared_ptr<rclcpp::Node>, std::shared_ptr<sensor_msgs::msg::CompressedImage_<std::allocator<void> > >), std::shared_ptr<rclcpp::Node>&, const std::_Placeholder<1>&, cv::VideoWriter&>[m[K’:
[10.981s] [01m[K/usr/include/c++/9/functional:787:12:[m[K   required from ‘[01m[Kstruct std::_Bind_helper<false, void (&)(std::shared_ptr<rclcpp::Node>, std::shared_ptr<sensor_msgs::msg::CompressedImage_<std::allocator<void> > >), std::shared_ptr<rclcpp::Node>&, const std::_Placeholder<1>&, cv::VideoWriter&>[m[K’
[10.981s] [01m[K/usr/include/c++/9/functional:808:5:[m[K   required by substitution of ‘[01m[Ktemplate<class _Func, class ... _BoundArgs> typename std::_Bind_helper<std::__is_socketlike<_Func>::value, _Func, _BoundArgs ...>::type std::bind(_Func&&, _BoundArgs&& ...) [with _Func = void (&)(std::shared_ptr<rclcpp::Node>, std::shared_ptr<sensor_msgs::msg::CompressedImage_<std::allocator<void> > >); _BoundArgs = {std::shared_ptr<rclcpp::Node>&, const std::_Placeholder<1>&, cv::VideoWriter&}][m[K’
[10.982s] [01m[K/home/ubuntu/ros2_ws/src/camera1-2/src/sub_jetson.cpp:58:57:[m[K   required from here
[10.982s] [01m[K/usr/include/c++/9/functional:758:43:[m[K [01;31m[Kerror: [m[Kstatic assertion failed: Wrong number of arguments for function
[10.983s]   758 |       static_assert([01;31m[Ksizeof...(_BoundArgs) == sizeof...(_Args)[m[K,
[10.983s]       |                     [01;31m[K~~~~~~~~~~~~~~~~~~~~~~^~~~~~~~~~~~~~~~~~~[m[K
[11.019s] [01m[K/home/ubuntu/ros2_ws/src/camera1-2/src/sub_jetson.cpp:[m[K In function ‘[01m[Kint main(int, char**)[m[K’:
[11.020s] [01m[K/home/ubuntu/ros2_ws/src/camera1-2/src/sub_jetson.cpp:58:57:[m[K [01;31m[Kerror: [m[Kno match for ‘[01m[Koperator=[m[K’ (operand types are ‘[01m[Kstd::function<void(std::shared_ptr<sensor_msgs::msg::CompressedImage_<std::allocator<void> > >)>[m[K’ and ‘[01m[Kstd::_Bind_helper<false, void (&)(std::shared_ptr<rclcpp::Node>, std::shared_ptr<sensor_msgs::msg::CompressedImage_<std::allocator<void> > >), std::shared_ptr<rclcpp::Node>&, const std::_Placeholder<1>&, cv::VideoWriter&>::type[m[K’ {aka ‘[01m[Kstd::_Bind<void (*(std::shared_ptr<rclcpp::Node>, std::_Placeholder<1>, cv::VideoWriter))(std::shared_ptr<rclcpp::Node>, std::shared_ptr<sensor_msgs::msg::CompressedImage_<std::allocator<void> > >)>[m[K’})
[11.021s]    58 |     fn = std::bind(mysub_callback, node, _1, outputVideo[01;31m[K)[m[K;
[11.021s]       |                                                         [01;31m[K^[m[K
[11.021s] In file included from [01m[K/usr/include/c++/9/future:48[m[K,
[11.022s]                  from [01m[K/opt/ros/foxy/include/rclcpp/executors.hpp:18[m[K,
[11.022s]                  from [01m[K/opt/ros/foxy/include/rclcpp/rclcpp.hpp:146[m[K,
[11.022s]                  from [01m[K/home/ubuntu/ros2_ws/src/camera1-2/src/sub_jetson.cpp:1[m[K:
[11.023s] [01m[K/usr/include/c++/9/bits/std_function.h:462:7:[m[K [01;36m[Knote: [m[Kcandidate: ‘[01m[Kstd::function<_Res(_ArgTypes ...)>& std::function<_Res(_ArgTypes ...)>::operator=(const std::function<_Res(_ArgTypes ...)>&) [with _Res = void; _ArgTypes = {std::shared_ptr<sensor_msgs::msg::CompressedImage_<std::allocator<void> > >}][m[K’
[11.023s]   462 |       [01;36m[Koperator[m[K=(const function& __x)
[11.023s]       |       [01;36m[K^~~~~~~~[m[K
[11.024s] [01m[K/usr/include/c++/9/bits/std_function.h:462:33:[m[K [01;36m[Knote: [m[K  no known conversion for argument 1 from ‘[01m[Kstd::_Bind_helper<false, void (&)(std::shared_ptr<rclcpp::Node>, std::shared_ptr<sensor_msgs::msg::CompressedImage_<std::allocator<void> > >), std::shared_ptr<rclcpp::Node>&, const std::_Placeholder<1>&, cv::VideoWriter&>::type[m[K’ {aka ‘[01m[Kstd::_Bind<void (*(std::shared_ptr<rclcpp::Node>, std::_Placeholder<1>, cv::VideoWriter))(std::shared_ptr<rclcpp::Node>, std::shared_ptr<sensor_msgs::msg::CompressedImage_<std::allocator<void> > >)>[m[K’} to ‘[01m[Kconst std::function<void(std::shared_ptr<sensor_msgs::msg::CompressedImage_<std::allocator<void> > >)>&[m[K’
[11.024s]   462 |       operator=([01;36m[Kconst function& __x[m[K)
[11.025s]       |                 [01;36m[K~~~~~~~~~~~~~~~~^~~[m[K
[11.025s] [01m[K/usr/include/c++/9/bits/std_function.h:480:7:[m[K [01;36m[Knote: [m[Kcandidate: ‘[01m[Kstd::function<_Res(_ArgTypes ...)>& std::function<_Res(_ArgTypes ...)>::operator=(std::function<_Res(_ArgTypes ...)>&&) [with _Res = void; _ArgTypes = {std::shared_ptr<sensor_msgs::msg::CompressedImage_<std::allocator<void> > >}][m[K’
[11.025s]   480 |       [01;36m[Koperator[m[K=(function&& __x) noexcept
[11.026s]       |       [01;36m[K^~~~~~~~[m[K
[11.026s] [01m[K/usr/include/c++/9/bits/std_function.h:480:28:[m[K [01;36m[Knote: [m[K  no known conversion for argument 1 from ‘[01m[Kstd::_Bind_helper<false, void (&)(std::shared_ptr<rclcpp::Node>, std::shared_ptr<sensor_msgs::msg::CompressedImage_<std::allocator<void> > >), std::shared_ptr<rclcpp::Node>&, const std::_Placeholder<1>&, cv::VideoWriter&>::type[m[K’ {aka ‘[01m[Kstd::_Bind<void (*(std::shared_ptr<rclcpp::Node>, std::_Placeholder<1>, cv::VideoWriter))(std::shared_ptr<rclcpp::Node>, std::shared_ptr<sensor_msgs::msg::CompressedImage_<std::allocator<void> > >)>[m[K’} to ‘[01m[Kstd::function<void(std::shared_ptr<sensor_msgs::msg::CompressedImage_<std::allocator<void> > >)>&&[m[K’
[11.026s]   480 |       operator=([01;36m[Kfunction&& __x[m[K) noexcept
[11.027s]       |                 [01;36m[K~~~~~~~~~~~^~~[m[K
[11.027s] [01m[K/usr/include/c++/9/bits/std_function.h:494:7:[m[K [01;36m[Knote: [m[Kcandidate: ‘[01m[Kstd::function<_Res(_ArgTypes ...)>& std::function<_Res(_ArgTypes ...)>::operator=(std::nullptr_t) [with _Res = void; _ArgTypes = {std::shared_ptr<sensor_msgs::msg::CompressedImage_<std::allocator<void> > >}; std::nullptr_t = std::nullptr_t][m[K’
[11.028s]   494 |       [01;36m[Koperator[m[K=(nullptr_t) noexcept
[11.028s]       |       [01;36m[K^~~~~~~~[m[K
[11.028s] [01m[K/usr/include/c++/9/bits/std_function.h:494:17:[m[K [01;36m[Knote: [m[K  no known conversion for argument 1 from ‘[01m[Kstd::_Bind_helper<false, void (&)(std::shared_ptr<rclcpp::Node>, std::shared_ptr<sensor_msgs::msg::CompressedImage_<std::allocator<void> > >), std::shared_ptr<rclcpp::Node>&, const std::_Placeholder<1>&, cv::VideoWriter&>::type[m[K’ {aka ‘[01m[Kstd::_Bind<void (*(std::shared_ptr<rclcpp::Node>, std::_Placeholder<1>, cv::VideoWriter))(std::shared_ptr<rclcpp::Node>, std::shared_ptr<sensor_msgs::msg::CompressedImage_<std::allocator<void> > >)>[m[K’} to ‘[01m[Kstd::nullptr_t[m[K’
[11.029s]   494 |       operator=([01;36m[Knullptr_t[m[K) noexcept
[11.029s]       |                 [01;36m[K^~~~~~~~~[m[K
[11.029s] [01m[K/usr/include/c++/9/bits/std_function.h:523:2:[m[K [01;36m[Knote: [m[Kcandidate: ‘[01m[Ktemplate<class _Functor> std::function<_Res(_ArgTypes ...)>::_Requires<std::function<_Res(_ArgTypes ...)>::_Callable<typename std::decay<_Functor>::type>, std::function<_Res(_ArgTypes ...)>&> std::function<_Res(_ArgTypes ...)>::operator=(_Functor&&) [with _Functor = _Functor; _Res = void; _ArgTypes = {std::shared_ptr<sensor_msgs::msg::CompressedImage_<std::allocator<void> > >}][m[K’
[11.030s]   523 |  [01;36m[Koperator[m[K=(_Functor&& __f)
[11.030s]       |  [01;36m[K^~~~~~~~[m[K
[11.030s] [01m[K/usr/include/c++/9/bits/std_function.h:523:2:[m[K [01;36m[Knote: [m[K  template argument deduction/substitution failed:
[11.031s] /usr/include/c++/9/bits/std_function.h: In substitution of ‘[01m[Ktemplate<class _Res, class ... _ArgTypes> template<class _Cond, class _Tp> using _Requires = typename std::enable_if<_Cond::value, _Tp>::type [with _Cond = std::function<void(std::shared_ptr<sensor_msgs::msg::CompressedImage_<std::allocator<void> > >)>::_Callable<std::_Bind<void (*(std::shared_ptr<rclcpp::Node>, std::_Placeholder<1>, cv::VideoWriter))(std::shared_ptr<rclcpp::Node>, std::shared_ptr<sensor_msgs::msg::CompressedImage_<std::allocator<void> > >)>, std::__invoke_result<std::_Bind<void (*(std::shared_ptr<rclcpp::Node>, std::_Placeholder<1>, cv::VideoWriter))(std::shared_ptr<rclcpp::Node>, std::shared_ptr<sensor_msgs::msg::CompressedImage_<std::allocator<void> > >)>&, std::shared_ptr<sensor_msgs::msg::CompressedImage_<std::allocator<void> > > > >; _Tp = std::function<void(std::shared_ptr<sensor_msgs::msg::CompressedImage_<std::allocator<void> > >)>&; _Res = void; _ArgTypes = {std::shared_ptr<sensor_msgs::msg::CompressedImage_<std::allocator<void> > >}][m[K’:
[11.031s] [01m[K/usr/include/c++/9/bits/std_function.h:523:2:[m[K   required by substitution of ‘[01m[Ktemplate<class _Functor> std::function<void(std::shared_ptr<sensor_msgs::msg::CompressedImage_<std::allocator<void> > >)>::_Requires<std::function<void(std::shared_ptr<sensor_msgs::msg::CompressedImage_<std::allocator<void> > >)>::_Callable<typename std::decay<_Tp>::type, std::__invoke_result<typename std::decay<_Tp>::type&, std::shared_ptr<sensor_msgs::msg::CompressedImage_<std::allocator<void> > > > >, std::function<void(std::shared_ptr<sensor_msgs::msg::CompressedImage_<std::allocator<void> > >)>&> std::function<void(std::shared_ptr<sensor_msgs::msg::CompressedImage_<std::allocator<void> > >)>::operator=<_Functor>(_Functor&&) [with _Functor = std::_Bind<void (*(std::shared_ptr<rclcpp::Node>, std::_Placeholder<1>, cv::VideoWriter))(std::shared_ptr<rclcpp::Node>, std::shared_ptr<sensor_msgs::msg::CompressedImage_<std::allocator<void> > >)>][m[K’
[11.032s] [01m[K/home/ubuntu/ros2_ws/src/camera1-2/src/sub_jetson.cpp:58:57:[m[K   required from here
[11.032s] [01m[K/usr/include/c++/9/bits/std_function.h:385:8:[m[K [01;31m[Kerror: [m[Kno type named ‘[01m[Ktype[m[K’ in ‘[01m[Kstruct std::enable_if<false, std::function<void(std::shared_ptr<sensor_msgs::msg::CompressedImage_<std::allocator<void> > >)>&>[m[K’
[11.032s]   385 |  using [01;31m[K_Requires[m[K = typename enable_if<_Cond::value, _Tp>::type;
[11.032s]       |        [01;31m[K^~~~~~~~~[m[K
[11.033s] [01m[K/usr/include/c++/9/bits/std_function.h:532:2:[m[K [01;36m[Knote: [m[Kcandidate: ‘[01m[Ktemplate<class _Functor> std::function<_Res(_ArgTypes ...)>& std::function<_Res(_ArgTypes ...)>::operator=(std::reference_wrapper<_Functor>) [with _Functor = _Functor; _Res = void; _ArgTypes = {std::shared_ptr<sensor_msgs::msg::CompressedImage_<std::allocator<void> > >}][m[K’
[11.033s]   532 |  [01;36m[Koperator[m[K=(reference_wrapper<_Functor> __f) noexcept
[11.033s]       |  [01;36m[K^~~~~~~~[m[K
[11.034s] [01m[K/usr/include/c++/9/bits/std_function.h:532:2:[m[K [01;36m[Knote: [m[K  template argument deduction/substitution failed:
[11.034s] [01m[K/home/ubuntu/ros2_ws/src/camera1-2/src/sub_jetson.cpp:58:57:[m[K [01;36m[Knote: [m[K  ‘[01m[Kstd::_Bind<void (*(std::shared_ptr<rclcpp::Node>, std::_Placeholder<1>, cv::VideoWriter))(std::shared_ptr<rclcpp::Node>, std::shared_ptr<sensor_msgs::msg::CompressedImage_<std::allocator<void> > >)>[m[K’ is not derived from ‘[01m[Kstd::reference_wrapper<_Tp>[m[K’
[11.035s]    58 |     fn = std::bind(mysub_callback, node, _1, outputVideo[01;36m[K)[m[K;
[11.035s]       |                                                         [01;36m[K^[m[K
[17.962s] make[2]: *** [CMakeFiles/sub_jetson.dir/build.make:63: CMakeFiles/sub_jetson.dir/src/sub_jetson.cpp.o] Error 1
[17.963s] make[1]: *** [CMakeFiles/Makefile2:109: CMakeFiles/sub_jetson.dir/all] Error 2
[17.964s] make: *** [Makefile:141: all] Error 2
[17.971s] Invoked command in '/home/ubuntu/ros2_ws/build/camera1-2' returned '2': CMAKE_PREFIX_PATH=${CMAKE_PREFIX_PATH}:/opt/ros/foxy /usr/bin/cmake --build /home/ubuntu/ros2_ws/build/camera1-2 -- -j4 -l4
