[1.238s] DEBUG:colcon:Command line arguments: ['/usr/bin/colcon', 'build', '--symlink-install', '--packages-select', 'camera']
[1.239s] DEBUG:colcon:Parsed command line arguments: Namespace(allow_overriding=[], ament_cmake_args=None, base_paths=['.'], build_base='build', catkin_cmake_args=None, catkin_skip_building_tests=False, cmake_args=None, cmake_clean_cache=False, cmake_clean_first=False, cmake_force_configure=False, cmake_target=None, cmake_target_skip_unavailable=False, continue_on_error=False, event_handlers=None, executor='parallel', ignore_user_meta=False, install_base='install', log_base=None, log_level=None, main=<bound method BuildVerb.main of <colcon_core.verb.build.BuildVerb object at 0xffffbb866d90>>, merge_install=False, metas=['./colcon.meta'], mixin=None, mixin_files=None, mixin_verb=('build',), packages_above=None, packages_above_and_dependencies=None, packages_above_depth=None, packages_end=None, packages_ignore=None, packages_ignore_regex=None, packages_select=['camera'], packages_select_build_failed=False, packages_select_by_dep=None, packages_select_regex=None, packages_select_test_failures=False, packages_skip=None, packages_skip_build_finished=False, packages_skip_by_dep=None, packages_skip_regex=None, packages_skip_test_passed=False, packages_skip_up_to=None, packages_start=None, packages_up_to=None, packages_up_to_regex=None, parallel_workers=4, paths=None, symlink_install=True, test_result_base=None, verb_extension=<colcon_core.verb.build.BuildVerb object at 0xffffbb866d90>, verb_name='build', verb_parser=<colcon_mixin.mixin.mixin_argument.MixinArgumentDecorator object at 0xffffbb7c5790>)
[1.951s] Level 1:colcon.colcon_core.package_discovery:discover_packages(colcon_meta) check parameters
[1.951s] Level 1:colcon.colcon_core.package_discovery:discover_packages(recursive) check parameters
[1.951s] Level 1:colcon.colcon_core.package_discovery:discover_packages(ignore) check parameters
[1.951s] Level 1:colcon.colcon_core.package_discovery:discover_packages(path) check parameters
[1.952s] Level 1:colcon.colcon_core.package_discovery:discover_packages(colcon_meta) discover
[1.952s] Level 1:colcon.colcon_core.package_discovery:discover_packages(recursive) discover
[1.952s] INFO:colcon.colcon_core.package_discovery:Crawling recursively for packages in '/home/ubuntu/ros2_ws'
[1.953s] Level 1:colcon.colcon_core.package_identification:_identify(.) by extensions ['ignore', 'ignore_ament_install']
[1.954s] Level 1:colcon.colcon_core.package_identification:_identify(.) by extension 'ignore'
[1.954s] Level 1:colcon.colcon_core.package_identification:_identify(.) by extension 'ignore_ament_install'
[1.954s] Level 1:colcon.colcon_core.package_identification:_identify(.) by extensions ['colcon_pkg']
[1.954s] Level 1:colcon.colcon_core.package_identification:_identify(.) by extension 'colcon_pkg'
[1.955s] Level 1:colcon.colcon_core.package_identification:_identify(.) by extensions ['colcon_meta']
[1.955s] Level 1:colcon.colcon_core.package_identification:_identify(.) by extension 'colcon_meta'
[1.955s] Level 1:colcon.colcon_core.package_identification:_identify(.) by extensions ['ros']
[1.955s] Level 1:colcon.colcon_core.package_identification:_identify(.) by extension 'ros'
[2.025s] Level 1:colcon.colcon_core.package_identification:_identify(.) by extensions ['cmake', 'python']
[2.025s] Level 1:colcon.colcon_core.package_identification:_identify(.) by extension 'cmake'
[2.025s] Level 1:colcon.colcon_core.package_identification:_identify(.) by extension 'python'
[2.025s] Level 1:colcon.colcon_core.package_identification:_identify(.) by extensions ['python_setup_py']
[2.026s] Level 1:colcon.colcon_core.package_identification:_identify(.) by extension 'python_setup_py'
[2.026s] Level 1:colcon.colcon_core.package_identification:_identify(build) by extensions ['ignore', 'ignore_ament_install']
[2.026s] Level 1:colcon.colcon_core.package_identification:_identify(build) by extension 'ignore'
[2.027s] Level 1:colcon.colcon_core.package_identification:_identify(build) ignored
[2.027s] Level 1:colcon.colcon_core.package_identification:_identify(install) by extensions ['ignore', 'ignore_ament_install']
[2.027s] Level 1:colcon.colcon_core.package_identification:_identify(install) by extension 'ignore'
[2.027s] Level 1:colcon.colcon_core.package_identification:_identify(install) ignored
[2.028s] Level 1:colcon.colcon_core.package_identification:_identify(log) by extensions ['ignore', 'ignore_ament_install']
[2.028s] Level 1:colcon.colcon_core.package_identification:_identify(log) by extension 'ignore'
[2.028s] Level 1:colcon.colcon_core.package_identification:_identify(log) ignored
[2.029s] Level 1:colcon.colcon_core.package_identification:_identify(src) by extensions ['ignore', 'ignore_ament_install']
[2.029s] Level 1:colcon.colcon_core.package_identification:_identify(src) by extension 'ignore'
[2.029s] Level 1:colcon.colcon_core.package_identification:_identify(src) by extension 'ignore_ament_install'
[2.029s] Level 1:colcon.colcon_core.package_identification:_identify(src) by extensions ['colcon_pkg']
[2.029s] Level 1:colcon.colcon_core.package_identification:_identify(src) by extension 'colcon_pkg'
[2.029s] Level 1:colcon.colcon_core.package_identification:_identify(src) by extensions ['colcon_meta']
[2.030s] Level 1:colcon.colcon_core.package_identification:_identify(src) by extension 'colcon_meta'
[2.030s] Level 1:colcon.colcon_core.package_identification:_identify(src) by extensions ['ros']
[2.030s] Level 1:colcon.colcon_core.package_identification:_identify(src) by extension 'ros'
[2.030s] Level 1:colcon.colcon_core.package_identification:_identify(src) by extensions ['cmake', 'python']
[2.030s] Level 1:colcon.colcon_core.package_identification:_identify(src) by extension 'cmake'
[2.030s] Level 1:colcon.colcon_core.package_identification:_identify(src) by extension 'python'
[2.031s] Level 1:colcon.colcon_core.package_identification:_identify(src) by extensions ['python_setup_py']
[2.031s] Level 1:colcon.colcon_core.package_identification:_identify(src) by extension 'python_setup_py'
[2.031s] Level 1:colcon.colcon_core.package_identification:_identify(src/camera) by extensions ['ignore', 'ignore_ament_install']
[2.031s] Level 1:colcon.colcon_core.package_identification:_identify(src/camera) by extension 'ignore'
[2.032s] Level 1:colcon.colcon_core.package_identification:_identify(src/camera) by extension 'ignore_ament_install'
[2.032s] Level 1:colcon.colcon_core.package_identification:_identify(src/camera) by extensions ['colcon_pkg']
[2.032s] Level 1:colcon.colcon_core.package_identification:_identify(src/camera) by extension 'colcon_pkg'
[2.032s] Level 1:colcon.colcon_core.package_identification:_identify(src/camera) by extensions ['colcon_meta']
[2.032s] Level 1:colcon.colcon_core.package_identification:_identify(src/camera) by extension 'colcon_meta'
[2.032s] Level 1:colcon.colcon_core.package_identification:_identify(src/camera) by extensions ['ros']
[2.033s] Level 1:colcon.colcon_core.package_identification:_identify(src/camera) by extension 'ros'
[2.045s] DEBUG:colcon.colcon_core.package_identification:Package 'src/camera' with type 'ros.ament_cmake' and name 'camera'
[2.045s] Level 1:colcon.colcon_core.package_discovery:discover_packages(recursive) using defaults
[2.045s] Level 1:colcon.colcon_core.package_discovery:discover_packages(ignore) discover
[2.045s] Level 1:colcon.colcon_core.package_discovery:discover_packages(ignore) using defaults
[2.045s] Level 1:colcon.colcon_core.package_discovery:discover_packages(path) discover
[2.045s] Level 1:colcon.colcon_core.package_discovery:discover_packages(path) using defaults
[2.165s] Level 1:colcon.colcon_core.package_discovery:discover_packages(prefix_path) check parameters
[2.165s] Level 1:colcon.colcon_core.package_discovery:discover_packages(prefix_path) discover
[2.184s] DEBUG:colcon.colcon_installed_package_information.package_discovery:Found 256 installed packages in /opt/ros/foxy
[2.191s] Level 1:colcon.colcon_core.package_discovery:discover_packages(prefix_path) using defaults
[2.565s] Level 5:colcon.colcon_core.verb:set package 'camera' build argument 'cmake_args' from command line to 'None'
[2.566s] Level 5:colcon.colcon_core.verb:set package 'camera' build argument 'cmake_target' from command line to 'None'
[2.566s] Level 5:colcon.colcon_core.verb:set package 'camera' build argument 'cmake_target_skip_unavailable' from command line to 'False'
[2.566s] Level 5:colcon.colcon_core.verb:set package 'camera' build argument 'cmake_clean_cache' from command line to 'False'
[2.566s] Level 5:colcon.colcon_core.verb:set package 'camera' build argument 'cmake_clean_first' from command line to 'False'
[2.566s] Level 5:colcon.colcon_core.verb:set package 'camera' build argument 'cmake_force_configure' from command line to 'False'
[2.566s] Level 5:colcon.colcon_core.verb:set package 'camera' build argument 'ament_cmake_args' from command line to 'None'
[2.566s] Level 5:colcon.colcon_core.verb:set package 'camera' build argument 'catkin_cmake_args' from command line to 'None'
[2.566s] Level 5:colcon.colcon_core.verb:set package 'camera' build argument 'catkin_skip_building_tests' from command line to 'False'
[2.566s] DEBUG:colcon.colcon_core.verb:Building package 'camera' with the following arguments: {'ament_cmake_args': None, 'build_base': '/home/ubuntu/ros2_ws/build/camera', 'catkin_cmake_args': None, 'catkin_skip_building_tests': False, 'cmake_args': None, 'cmake_clean_cache': False, 'cmake_clean_first': False, 'cmake_force_configure': False, 'cmake_target': None, 'cmake_target_skip_unavailable': False, 'install_base': '/home/ubuntu/ros2_ws/install/camera', 'merge_install': False, 'path': '/home/ubuntu/ros2_ws/src/camera', 'symlink_install': True, 'test_result_base': None}
[2.567s] INFO:colcon.colcon_core.executor:Executing jobs using 'parallel' executor
[2.570s] DEBUG:colcon.colcon_parallel_executor.executor.parallel:run_until_complete
[2.571s] INFO:colcon.colcon_ros.task.ament_cmake.build:Building ROS package in '/home/ubuntu/ros2_ws/src/camera' with build type 'ament_cmake'
[2.572s] INFO:colcon.colcon_cmake.task.cmake.build:Building CMake package in '/home/ubuntu/ros2_ws/src/camera'
[2.591s] INFO:colcon.colcon_core.plugin_system:Skipping extension 'colcon_core.shell.bat': Not used on non-Windows systems
[2.592s] INFO:colcon.colcon_core.shell:Skip shell extension 'powershell' for command environment: Not usable outside of PowerShell
[2.592s] DEBUG:colcon.colcon_core.shell:Skip shell extension 'dsv' for command environment
[2.626s] DEBUG:colcon.colcon_core.event_handler.log_command:Invoking command in '/home/ubuntu/ros2_ws/build/camera': CMAKE_PREFIX_PATH=/opt/ros/foxy /usr/bin/cmake /home/ubuntu/ros2_ws/src/camera -DAMENT_CMAKE_SYMLINK_INSTALL=1 -DCMAKE_INSTALL_PREFIX=/home/ubuntu/ros2_ws/install/camera
[11.035s] DEBUG:colcon.colcon_core.event_handler.log_command:Invoked command in '/home/ubuntu/ros2_ws/build/camera' returned '0': CMAKE_PREFIX_PATH=/opt/ros/foxy /usr/bin/cmake /home/ubuntu/ros2_ws/src/camera -DAMENT_CMAKE_SYMLINK_INSTALL=1 -DCMAKE_INSTALL_PREFIX=/home/ubuntu/ros2_ws/install/camera
[11.046s] DEBUG:colcon.colcon_core.event_handler.log_command:Invoking command in '/home/ubuntu/ros2_ws/build/camera': CMAKE_PREFIX_PATH=/opt/ros/foxy /usr/bin/cmake --build /home/ubuntu/ros2_ws/build/camera -- -j4 -l4
[45.191s] DEBUG:colcon.colcon_core.event_handler.log_command:Invoked command in '/home/ubuntu/ros2_ws/build/camera' returned '0': CMAKE_PREFIX_PATH=/opt/ros/foxy /usr/bin/cmake --build /home/ubuntu/ros2_ws/build/camera -- -j4 -l4
[45.240s] DEBUG:colcon.colcon_core.event_handler.log_command:Invoking command in '/home/ubuntu/ros2_ws/build/camera': CMAKE_PREFIX_PATH=/opt/ros/foxy /usr/bin/cmake --install /home/ubuntu/ros2_ws/build/camera
[45.869s] Level 1:colcon.colcon_core.environment:create_environment_scripts_only(camera)
[45.870s] DEBUG:colcon.colcon_core.event_handler.log_command:Invoked command in '/home/ubuntu/ros2_ws/build/camera' returned '0': CMAKE_PREFIX_PATH=/opt/ros/foxy /usr/bin/cmake --install /home/ubuntu/ros2_ws/build/camera
[45.896s] Level 1:colcon.colcon_core.environment:checking '/home/ubuntu/ros2_ws/install/camera' for CMake module files
[45.899s] Level 1:colcon.colcon_core.environment:checking '/home/ubuntu/ros2_ws/install/camera' for CMake config files
[45.901s] Level 1:colcon.colcon_core.shell:create_environment_hook('camera', 'cmake_prefix_path')
[45.902s] INFO:colcon.colcon_core.shell:Creating environment hook '/home/ubuntu/ros2_ws/install/camera/share/camera/hook/cmake_prefix_path.ps1'
[45.907s] INFO:colcon.colcon_core.shell:Creating environment descriptor '/home/ubuntu/ros2_ws/install/camera/share/camera/hook/cmake_prefix_path.dsv'
[45.909s] INFO:colcon.colcon_core.shell:Creating environment hook '/home/ubuntu/ros2_ws/install/camera/share/camera/hook/cmake_prefix_path.sh'
[45.913s] Level 1:colcon.colcon_core.environment:checking '/home/ubuntu/ros2_ws/install/camera/lib'
[45.914s] Level 1:colcon.colcon_core.environment:checking '/home/ubuntu/ros2_ws/install/camera/bin'
[45.914s] Level 1:colcon.colcon_core.environment:checking '/home/ubuntu/ros2_ws/install/camera/lib/pkgconfig/camera.pc'
[45.915s] Level 1:colcon.colcon_core.environment:checking '/home/ubuntu/ros2_ws/install/camera/lib/python3.8/site-packages'
[45.916s] Level 1:colcon.colcon_core.environment:checking '/home/ubuntu/ros2_ws/install/camera/bin'
[45.918s] INFO:colcon.colcon_core.shell:Creating package script '/home/ubuntu/ros2_ws/install/camera/share/camera/package.ps1'
[45.921s] INFO:colcon.colcon_core.shell:Creating package descriptor '/home/ubuntu/ros2_ws/install/camera/share/camera/package.dsv'
[45.924s] INFO:colcon.colcon_core.shell:Creating package script '/home/ubuntu/ros2_ws/install/camera/share/camera/package.sh'
[45.928s] INFO:colcon.colcon_core.shell:Creating package script '/home/ubuntu/ros2_ws/install/camera/share/camera/package.bash'
[45.932s] INFO:colcon.colcon_core.shell:Creating package script '/home/ubuntu/ros2_ws/install/camera/share/camera/package.zsh'
[45.936s] Level 1:colcon.colcon_core.environment:create_file_with_runtime_dependencies(/home/ubuntu/ros2_ws/install/camera/share/colcon-core/packages/camera)
[45.938s] Level 1:colcon.colcon_core.environment:create_environment_scripts_only(camera)
[45.939s] Level 1:colcon.colcon_core.environment:checking '/home/ubuntu/ros2_ws/install/camera' for CMake module files
[45.942s] Level 1:colcon.colcon_core.environment:checking '/home/ubuntu/ros2_ws/install/camera' for CMake config files
[45.945s] Level 1:colcon.colcon_core.shell:create_environment_hook('camera', 'cmake_prefix_path')
[45.946s] INFO:colcon.colcon_core.shell:Creating environment hook '/home/ubuntu/ros2_ws/install/camera/share/camera/hook/cmake_prefix_path.ps1'
[45.947s] INFO:colcon.colcon_core.shell:Creating environment descriptor '/home/ubuntu/ros2_ws/install/camera/share/camera/hook/cmake_prefix_path.dsv'
[45.949s] INFO:colcon.colcon_core.shell:Creating environment hook '/home/ubuntu/ros2_ws/install/camera/share/camera/hook/cmake_prefix_path.sh'
[45.952s] Level 1:colcon.colcon_core.environment:checking '/home/ubuntu/ros2_ws/install/camera/lib'
[45.952s] Level 1:colcon.colcon_core.environment:checking '/home/ubuntu/ros2_ws/install/camera/bin'
[45.953s] Level 1:colcon.colcon_core.environment:checking '/home/ubuntu/ros2_ws/install/camera/lib/pkgconfig/camera.pc'
[45.953s] Level 1:colcon.colcon_core.environment:checking '/home/ubuntu/ros2_ws/install/camera/lib/python3.8/site-packages'
[45.954s] Level 1:colcon.colcon_core.environment:checking '/home/ubuntu/ros2_ws/install/camera/bin'
[45.955s] INFO:colcon.colcon_core.shell:Creating package script '/home/ubuntu/ros2_ws/install/camera/share/camera/package.ps1'
[45.957s] INFO:colcon.colcon_core.shell:Creating package descriptor '/home/ubuntu/ros2_ws/install/camera/share/camera/package.dsv'
[45.960s] INFO:colcon.colcon_core.shell:Creating package script '/home/ubuntu/ros2_ws/install/camera/share/camera/package.sh'
[45.961s] INFO:colcon.colcon_core.shell:Creating package script '/home/ubuntu/ros2_ws/install/camera/share/camera/package.bash'
[45.963s] INFO:colcon.colcon_core.shell:Creating package script '/home/ubuntu/ros2_ws/install/camera/share/camera/package.zsh'
[45.965s] Level 1:colcon.colcon_core.environment:create_file_with_runtime_dependencies(/home/ubuntu/ros2_ws/install/camera/share/colcon-core/packages/camera)
[45.966s] DEBUG:colcon.colcon_parallel_executor.executor.parallel:closing loop
[45.967s] DEBUG:colcon.colcon_parallel_executor.executor.parallel:loop closed
[45.968s] DEBUG:colcon.colcon_parallel_executor.executor.parallel:run_until_complete finished with '0'
[45.968s] DEBUG:colcon.colcon_core.event_reactor:joining thread
[46.001s] INFO:colcon.colcon_core.plugin_system:Skipping extension 'colcon_notification.desktop_notification.notify_send': Could not find 'notify-send'
[46.002s] INFO:colcon.colcon_core.plugin_system:Skipping extension 'colcon_notification.desktop_notification.terminal_notifier': Not used on non-Darwin systems
[46.002s] INFO:colcon.colcon_core.plugin_system:Skipping extension 'colcon_notification.desktop_notification.win32': Not used on non-Windows systems
[46.002s] INFO:colcon.colcon_notification.desktop_notification:Sending desktop notification using 'notify2'
[46.040s] DEBUG:colcon.colcon_notification.desktop_notification.notify2:Failed to initialize notify2: org.freedesktop.DBus.Error.ServiceUnknown: The name org.freedesktop.Notifications was not provided by any .service files
[46.041s] DEBUG:colcon.colcon_core.event_reactor:joined thread
[46.042s] INFO:colcon.colcon_core.shell:Creating prefix script '/home/ubuntu/ros2_ws/install/local_setup.ps1'
[46.048s] INFO:colcon.colcon_core.shell:Creating prefix util module '/home/ubuntu/ros2_ws/install/_local_setup_util_ps1.py'
[46.056s] INFO:colcon.colcon_core.shell:Creating prefix chain script '/home/ubuntu/ros2_ws/install/setup.ps1'
[46.061s] INFO:colcon.colcon_core.shell:Creating prefix script '/home/ubuntu/ros2_ws/install/local_setup.sh'
[46.064s] INFO:colcon.colcon_core.shell:Creating prefix util module '/home/ubuntu/ros2_ws/install/_local_setup_util_sh.py'
[46.066s] INFO:colcon.colcon_core.shell:Creating prefix chain script '/home/ubuntu/ros2_ws/install/setup.sh'
[46.071s] INFO:colcon.colcon_core.shell:Creating prefix script '/home/ubuntu/ros2_ws/install/local_setup.bash'
[46.073s] INFO:colcon.colcon_core.shell:Creating prefix chain script '/home/ubuntu/ros2_ws/install/setup.bash'
[46.077s] INFO:colcon.colcon_core.shell:Creating prefix script '/home/ubuntu/ros2_ws/install/local_setup.zsh'
[46.080s] INFO:colcon.colcon_core.shell:Creating prefix chain script '/home/ubuntu/ros2_ws/install/setup.zsh'
