[0.011s] Invoking command in '/home/linux/ros2_ws/src/build/pub2-3': CMAKE_PREFIX_PATH=${CMAKE_PREFIX_PATH}:/opt/ros/foxy /usr/bin/cmake /home/linux/ros2_ws/src/pub2-3 -DAMENT_CMAKE_SYMLINK_INSTALL=1 -DCMAKE_INSTALL_PREFIX=/home/linux/ros2_ws/src/install/pub2-3
[0.174s] -- The C compiler identification is GNU 9.4.0
[0.370s] -- The CXX compiler identification is GNU 9.4.0
[0.440s] -- Check for working C compiler: /usr/bin/cc
[0.519s] -- Check for working C compiler: /usr/bin/cc -- works
[0.521s] -- Detecting C compiler ABI info
[0.601s] -- Detecting C compiler ABI info - done
[0.607s] -- Detecting C compile features
[0.607s] -- Detecting C compile features - done
[0.610s] -- Check for working CXX compiler: /usr/bin/c++
[0.695s] -- Check for working CXX compiler: /usr/bin/c++ -- works
[0.695s] -- Detecting CXX compiler ABI info
[0.788s] -- Detecting CXX compiler ABI info - done
[0.795s] -- Detecting CXX compile features
[0.795s] -- Detecting CXX compile features - done
[0.800s] -- Found ament_cmake: 0.9.12 (/opt/ros/foxy/share/ament_cmake/cmake)
[0.818s] -- Found PythonInterp: /usr/bin/python3 (found suitable version "3.8.10", minimum required is "3") 
[0.819s] -- Using PYTHON_EXECUTABLE: /usr/bin/python3
[0.912s] -- Override CMake install command with custom implementation using symlinks instead of copying resources
[0.936s] -- Found rclcpp: 2.4.3 (/opt/ros/foxy/share/rclcpp/cmake)
[1.052s] -- Using all available rosidl_typesupport_c: rosidl_typesupport_fastrtps_c;rosidl_typesupport_introspection_c
[1.057s] -- Found rosidl_adapter: 1.3.1 (/opt/ros/foxy/share/rosidl_adapter/cmake)
[1.641s] -- Found OpenSSL: /usr/lib/x86_64-linux-gnu/libcrypto.so (found version "1.1.1f")  
[2.248s] -- Found FastRTPS: /opt/ros/foxy/include  
[3.429s] -- Using all available rosidl_typesupport_cpp: rosidl_typesupport_fastrtps_cpp;rosidl_typesupport_introspection_cpp
[3.474s] -- Found rmw_implementation_cmake: 1.0.4 (/opt/ros/foxy/share/rmw_implementation_cmake/cmake)
[3.475s] -- Using RMW implementation 'rmw_fastrtps_cpp' as default
[3.477s] -- Looking for pthread.h
[3.556s] -- Looking for pthread.h - found
[3.556s] -- Performing Test CMAKE_HAVE_LIBC_PTHREAD
[3.639s] -- Performing Test CMAKE_HAVE_LIBC_PTHREAD - Failed
[3.639s] -- Looking for pthread_create in pthreads
[3.701s] -- Looking for pthread_create in pthreads - not found
[3.702s] -- Looking for pthread_create in pthread
[3.781s] -- Looking for pthread_create in pthread - found
[3.781s] -- Found Threads: TRUE  
[3.890s] -- Found geometry_msgs: 2.0.5 (/opt/ros/foxy/share/geometry_msgs/cmake)
[3.955s] -- Configuring done
[3.960s] -- Generating done
[3.961s] -- Build files have been written to: /home/linux/ros2_ws/src/build/pub2-3
[3.965s] Invoked command in '/home/linux/ros2_ws/src/build/pub2-3' returned '0': CMAKE_PREFIX_PATH=${CMAKE_PREFIX_PATH}:/opt/ros/foxy /usr/bin/cmake /home/linux/ros2_ws/src/pub2-3 -DAMENT_CMAKE_SYMLINK_INSTALL=1 -DCMAKE_INSTALL_PREFIX=/home/linux/ros2_ws/src/install/pub2-3
[3.968s] Invoking command in '/home/linux/ros2_ws/src/build/pub2-3': CMAKE_PREFIX_PATH=${CMAKE_PREFIX_PATH}:/opt/ros/foxy /usr/bin/cmake --build /home/linux/ros2_ws/src/build/pub2-3 -- -j16 -l16
[3.989s] [35m[1mScanning dependencies of target pub2-3[0m
[4.049s] [ 50%] [32mBuilding CXX object CMakeFiles/pub2-3.dir/src/pub2-3.cpp.o[0m
[5.881s] [100%] [32m[1mLinking CXX executable pub2-3[0m
[6.007s] [100%] Built target pub2-3
[6.013s] Invoked command in '/home/linux/ros2_ws/src/build/pub2-3' returned '0': CMAKE_PREFIX_PATH=${CMAKE_PREFIX_PATH}:/opt/ros/foxy /usr/bin/cmake --build /home/linux/ros2_ws/src/build/pub2-3 -- -j16 -l16
[6.020s] Invoking command in '/home/linux/ros2_ws/src/build/pub2-3': CMAKE_PREFIX_PATH=${CMAKE_PREFIX_PATH}:/opt/ros/foxy /usr/bin/cmake --install /home/linux/ros2_ws/src/build/pub2-3
[6.025s] -- Install configuration: ""
[6.026s] -- Execute custom install script
[6.027s] -- Symlinking: /home/linux/ros2_ws/src/install/pub2-3/lib/pub2-3/pub2-3
[6.032s] -- Symlinking: /home/linux/ros2_ws/src/install/pub2-3/share/ament_index/resource_index/package_run_dependencies/pub2-3
[6.037s] -- Symlinking: /home/linux/ros2_ws/src/install/pub2-3/share/ament_index/resource_index/parent_prefix_path/pub2-3
[6.042s] -- Symlinking: /home/linux/ros2_ws/src/install/pub2-3/share/pub2-3/environment/ament_prefix_path.sh
[6.047s] -- Symlinking: /home/linux/ros2_ws/src/install/pub2-3/share/pub2-3/environment/ament_prefix_path.dsv
[6.051s] -- Symlinking: /home/linux/ros2_ws/src/install/pub2-3/share/pub2-3/environment/path.sh
[6.056s] -- Symlinking: /home/linux/ros2_ws/src/install/pub2-3/share/pub2-3/environment/path.dsv
[6.062s] -- Symlinking: /home/linux/ros2_ws/src/install/pub2-3/share/pub2-3/local_setup.bash
[6.066s] -- Symlinking: /home/linux/ros2_ws/src/install/pub2-3/share/pub2-3/local_setup.sh
[6.071s] -- Symlinking: /home/linux/ros2_ws/src/install/pub2-3/share/pub2-3/local_setup.zsh
[6.076s] -- Symlinking: /home/linux/ros2_ws/src/install/pub2-3/share/pub2-3/local_setup.dsv
[6.080s] -- Symlinking: /home/linux/ros2_ws/src/install/pub2-3/share/pub2-3/package.dsv
[6.085s] -- Symlinking: /home/linux/ros2_ws/src/install/pub2-3/share/ament_index/resource_index/packages/pub2-3
[6.090s] -- Symlinking: /home/linux/ros2_ws/src/install/pub2-3/share/pub2-3/cmake/pub2-3Config.cmake
[6.094s] -- Symlinking: /home/linux/ros2_ws/src/install/pub2-3/share/pub2-3/cmake/pub2-3Config-version.cmake
[6.099s] -- Symlinking: /home/linux/ros2_ws/src/install/pub2-3/share/pub2-3/package.xml
[6.105s] Invoked command in '/home/linux/ros2_ws/src/build/pub2-3' returned '0': CMAKE_PREFIX_PATH=${CMAKE_PREFIX_PATH}:/opt/ros/foxy /usr/bin/cmake --install /home/linux/ros2_ws/src/build/pub2-3
