[01m[K/home/ubuntu/ros2_ws/src/camera1-2/src/sub_jetson.cpp:52:42:[m[K [01;35m[Kwarning: [m[Kmulti-character character constant [[01;35m[K-Wmultichar[m[K]
   52 |     int fourcc = cv::VideoWriter::fourcc([01;35m[K'ｘ'[m[K, '２', '６', '４');
      |                                          [01;35m[K^~~~~[m[K
[01m[K/home/ubuntu/ros2_ws/src/camera1-2/src/sub_jetson.cpp:52:49:[m[K [01;35m[Kwarning: [m[Kmulti-character character constant [[01;35m[K-Wmultichar[m[K]
   52 |     int fourcc = cv::VideoWriter::fourcc('ｘ', [01;35m[K'２'[m[K, '６', '４');
      |                                                 [01;35m[K^~~~~[m[K
[01m[K/home/ubuntu/ros2_ws/src/camera1-2/src/sub_jetson.cpp:52:56:[m[K [01;35m[Kwarning: [m[Kmulti-character character constant [[01;35m[K-Wmultichar[m[K]
   52 |     int fourcc = cv::VideoWriter::fourcc('ｘ', '２', [01;35m[K'６'[m[K, '４');
      |                                                        [01;35m[K^~~~~[m[K
[01m[K/home/ubuntu/ros2_ws/src/camera1-2/src/sub_jetson.cpp:52:63:[m[K [01;35m[Kwarning: [m[Kmulti-character character constant [[01;35m[K-Wmultichar[m[K]
   52 |     int fourcc = cv::VideoWriter::fourcc('ｘ', '２', '６', [01;35m[K'４'[m[K);
      |                                                               [01;35m[K^~~~~[m[K
[01m[K/home/ubuntu/ros2_ws/src/camera1-2/src/sub_jetson.cpp:[m[K In function ‘[01m[Kint main(int, char**)[m[K’:
[01m[K/home/ubuntu/ros2_ws/src/camera1-2/src/sub_jetson.cpp:52:42:[m[K [01;35m[Kwarning: [m[Kunsigned conversion from ‘[01m[Kint[m[K’ to ‘[01m[Kchar[m[K’ changes value from ‘[01m[K15711640[m[K’ to ‘[01m[K'\230'[m[K’ [[01;35m[K-Woverflow[m[K]
   52 |     int fourcc = cv::VideoWriter::fourcc([01;35m[K'ｘ'[m[K, '２', '６', '４');
      |                                          [01;35m[K^~~~~[m[K
[01m[K/home/ubuntu/ros2_ws/src/camera1-2/src/sub_jetson.cpp:52:49:[m[K [01;35m[Kwarning: [m[Kunsigned conversion from ‘[01m[Kint[m[K’ to ‘[01m[Kchar[m[K’ changes value from ‘[01m[K15711378[m[K’ to ‘[01m[K'\222'[m[K’ [[01;35m[K-Woverflow[m[K]
   52 |     int fourcc = cv::VideoWriter::fourcc('ｘ', [01;35m[K'２'[m[K, '６', '４');
      |                                                 [01;35m[K^~~~~[m[K
[01m[K/home/ubuntu/ros2_ws/src/camera1-2/src/sub_jetson.cpp:52:56:[m[K [01;35m[Kwarning: [m[Kunsigned conversion from ‘[01m[Kint[m[K’ to ‘[01m[Kchar[m[K’ changes value from ‘[01m[K15711382[m[K’ to ‘[01m[K'\226'[m[K’ [[01;35m[K-Woverflow[m[K]
   52 |     int fourcc = cv::VideoWriter::fourcc('ｘ', '２', [01;35m[K'６'[m[K, '４');
      |                                                        [01;35m[K^~~~~[m[K
[01m[K/home/ubuntu/ros2_ws/src/camera1-2/src/sub_jetson.cpp:52:63:[m[K [01;35m[Kwarning: [m[Kunsigned conversion from ‘[01m[Kint[m[K’ to ‘[01m[Kchar[m[K’ changes value from ‘[01m[K15711380[m[K’ to ‘[01m[K'\224'[m[K’ [[01;35m[K-Woverflow[m[K]
   52 |     int fourcc = cv::VideoWriter::fourcc('ｘ', '２', '６', [01;35m[K'４'[m[K);
      |                                                               [01;35m[K^~~~~[m[K
