[0.053s] Invoking command in '/home/ubuntu/ros2_ws/build/camera1-2': CMAKE_PREFIX_PATH=${CMAKE_PREFIX_PATH}:/opt/ros/foxy /usr/bin/cmake --build /home/ubuntu/ros2_ws/build/camera1-2 -- -j4 -l4
[0.247s] [35m[1mScanning dependencies of target sub_jetson[0m
[0.371s] [ 33%] Built target sub_wsl
[0.383s] [ 66%] Built target pub
[0.424s] [ 83%] [32mBuilding CXX object CMakeFiles/sub_jetson.dir/src/sub_jetson.cpp.o[0m
[28.369s] [100%] [32m[1mLinking CXX executable sub_jetson[0m
[30.907s] [100%] Built target sub_jetson
[30.949s] Invoked command in '/home/ubuntu/ros2_ws/build/camera1-2' returned '0': CMAKE_PREFIX_PATH=${CMAKE_PREFIX_PATH}:/opt/ros/foxy /usr/bin/cmake --build /home/ubuntu/ros2_ws/build/camera1-2 -- -j4 -l4
[30.997s] Invoking command in '/home/ubuntu/ros2_ws/build/camera1-2': CMAKE_PREFIX_PATH=${CMAKE_PREFIX_PATH}:/opt/ros/foxy /usr/bin/cmake --install /home/ubuntu/ros2_ws/build/camera1-2
[31.029s] -- Install configuration: ""
[31.030s] -- Execute custom install script
[31.033s] -- Up-to-date symlink: /home/ubuntu/ros2_ws/install/camera1-2/lib/camera1-2/pub
[31.034s] -- Up-to-date symlink: /home/ubuntu/ros2_ws/install/camera1-2/lib/camera1-2/sub_jetson
[31.035s] -- Up-to-date symlink: /home/ubuntu/ros2_ws/install/camera1-2/lib/camera1-2/sub_wsl
[31.037s] -- Up-to-date symlink: /home/ubuntu/ros2_ws/install/camera1-2/share/ament_index/resource_index/package_run_dependencies/camera1-2
[31.039s] -- Up-to-date symlink: /home/ubuntu/ros2_ws/install/camera1-2/share/ament_index/resource_index/parent_prefix_path/camera1-2
[31.040s] -- Up-to-date symlink: /home/ubuntu/ros2_ws/install/camera1-2/share/camera1-2/environment/ament_prefix_path.sh
[31.042s] -- Up-to-date symlink: /home/ubuntu/ros2_ws/install/camera1-2/share/camera1-2/environment/ament_prefix_path.dsv
[31.044s] -- Up-to-date symlink: /home/ubuntu/ros2_ws/install/camera1-2/share/camera1-2/environment/path.sh
[31.045s] -- Up-to-date symlink: /home/ubuntu/ros2_ws/install/camera1-2/share/camera1-2/environment/path.dsv
[31.047s] -- Up-to-date symlink: /home/ubuntu/ros2_ws/install/camera1-2/share/camera1-2/local_setup.bash
[31.048s] -- Up-to-date symlink: /home/ubuntu/ros2_ws/install/camera1-2/share/camera1-2/local_setup.sh
[31.049s] -- Up-to-date symlink: /home/ubuntu/ros2_ws/install/camera1-2/share/camera1-2/local_setup.zsh
[31.051s] -- Up-to-date symlink: /home/ubuntu/ros2_ws/install/camera1-2/share/camera1-2/local_setup.dsv
[31.052s] -- Symlinking: /home/ubuntu/ros2_ws/install/camera1-2/share/camera1-2/package.dsv
[31.087s] -- Up-to-date symlink: /home/ubuntu/ros2_ws/install/camera1-2/share/ament_index/resource_index/packages/camera1-2
[31.089s] -- Up-to-date symlink: /home/ubuntu/ros2_ws/install/camera1-2/share/camera1-2/cmake/camera1-2Config.cmake
[31.090s] -- Up-to-date symlink: /home/ubuntu/ros2_ws/install/camera1-2/share/camera1-2/cmake/camera1-2Config-version.cmake
[31.091s] -- Up-to-date symlink: /home/ubuntu/ros2_ws/install/camera1-2/share/camera1-2/package.xml
[31.098s] Invoked command in '/home/ubuntu/ros2_ws/build/camera1-2' returned '0': CMAKE_PREFIX_PATH=${CMAKE_PREFIX_PATH}:/opt/ros/foxy /usr/bin/cmake --install /home/ubuntu/ros2_ws/build/camera1-2
