[01m[K/home/ubuntu/ros2_ws/src/camera1-2/src/sub_jetson.cpp:[m[K In function ‘[01m[Kvoid keyboard_handler(int)[m[K’:
[01m[K/home/ubuntu/ros2_ws/src/camera1-2/src/sub_jetson.cpp:14:27:[m[K [01;35m[Kwarning: [m[Kunused parameter ‘[01m[Ksignum[m[K’ [[01;35m[K-Wunused-parameter[m[K]
   14 | void keyboard_handler([01;35m[Kint signum[m[K)
      |                       [01;35m[K~~~~^~~~~~[m[K
[01m[K/home/ubuntu/ros2_ws/src/camera1-2/src/sub_jetson.cpp:[m[K In function ‘[01m[Kvoid mysub_callback(rclcpp::Node::SharedPtr, sensor_msgs::msg::CompressedImage_<std::allocator<void> >::SharedPtr)[m[K’:
[01m[K/home/ubuntu/ros2_ws/src/camera1-2/src/sub_jetson.cpp:29:5:[m[K [01;31m[Kerror: [m[K‘[01m[KMat[m[K’ was not declared in this scope; did you mean ‘[01m[Kcv::Mat[m[K’?
   29 |     [01;31m[KMat[m[K gray, thresh;
      |     [01;31m[K^~~[m[K
      |     [32m[Kcv::Mat[m[K
In file included from [01m[K/usr/include/opencv4/opencv2/core.hpp:59[m[K,
                 from [01m[K/usr/include/opencv4/opencv2/opencv.hpp:52[m[K,
                 from [01m[K/home/ubuntu/ros2_ws/src/camera1-2/src/sub_jetson.cpp:3[m[K:
[01m[K/usr/include/opencv4/opencv2/core/mat.hpp:791:18:[m[K [01;36m[Knote: [m[K‘[01m[Kcv::Mat[m[K’ declared here
  791 | class CV_EXPORTS [01;36m[KMat[m[K
      |                  [01;36m[K^~~[m[K
[01m[K/home/ubuntu/ros2_ws/src/camera1-2/src/sub_jetson.cpp:30:25:[m[K [01;31m[Kerror: [m[K‘[01m[Kgray[m[K’ was not declared in this scope
   30 |     cv::cvtColor(frame, [01;31m[Kgray[m[K, cv::COLOR_BGR2GRAY);
      |                         [01;31m[K^~~~[m[K
[01m[K/home/ubuntu/ros2_ws/src/camera1-2/src/sub_jetson.cpp:31:25:[m[K [01;31m[Kerror: [m[K‘[01m[Kthresh[m[K’ was not declared in this scope
   31 |     cv::threshold(gray, [01;31m[Kthresh[m[K, 0, 255, cv::THRESH_BINARY | cv::THRESH_OTSU);
      |                         [01;31m[K^~~~~~[m[K
[01m[K/home/ubuntu/ros2_ws/src/camera1-2/src/sub_jetson.cpp:34:12:[m[K [01;31m[Kerror: [m[Kno match for ‘[01m[Koperator<<[m[K’ (operand types are ‘[01m[Kcv::VideoWriter[m[K’ and ‘[01m[Kcv::VideoWriter[m[K’)
   34 |     [32m[Kwriter[m[K [01;31m[K<<[m[K [34m[Koutput_video[m[K;
      |     [32m[K~~~~~~[m[K [01;31m[K^~[m[K [34m[K~~~~~~~~~~~~[m[K
      |     [32m[K|[m[K         [34m[K|[m[K
      |     [32m[K|[m[K         [34m[Kcv::VideoWriter[m[K
      |     [32m[Kcv::VideoWriter[m[K
In file included from [01m[K/usr/include/opencv4/opencv2/highgui.hpp:51[m[K,
                 from [01m[K/usr/include/opencv4/opencv2/opencv.hpp:68[m[K,
                 from [01m[K/home/ubuntu/ros2_ws/src/camera1-2/src/sub_jetson.cpp:3[m[K:
[01m[K/usr/include/opencv4/opencv2/videoio.hpp:921:26:[m[K [01;36m[Knote: [m[Kcandidate: ‘[01m[Kvirtual cv::VideoWriter& cv::VideoWriter::operator<<(const cv::Mat&)[m[K’
  921 |     virtual VideoWriter& [01;36m[Koperator[m[K << (const Mat& image);
      |                          [01;36m[K^~~~~~~~[m[K
[01m[K/usr/include/opencv4/opencv2/videoio.hpp:921:50:[m[K [01;36m[Knote: [m[K  no known conversion for argument 1 from ‘[01m[Kcv::VideoWriter[m[K’ to ‘[01m[Kconst cv::Mat&[m[K’
  921 |     virtual VideoWriter& operator << ([01;36m[Kconst Mat& image[m[K);
      |                                       [01;36m[K~~~~~~~~~~~^~~~~[m[K
[01m[K/usr/include/opencv4/opencv2/videoio.hpp:926:26:[m[K [01;36m[Knote: [m[Kcandidate: ‘[01m[Kvirtual cv::VideoWriter& cv::VideoWriter::operator<<(const cv::UMat&)[m[K’
  926 |     virtual VideoWriter& [01;36m[Koperator[m[K << (const UMat& image);
      |                          [01;36m[K^~~~~~~~[m[K
[01m[K/usr/include/opencv4/opencv2/videoio.hpp:926:51:[m[K [01;36m[Knote: [m[K  no known conversion for argument 1 from ‘[01m[Kcv::VideoWriter[m[K’ to ‘[01m[Kconst cv::UMat&[m[K’
  926 |     virtual VideoWriter& operator << ([01;36m[Kconst UMat& image[m[K);
      |                                       [01;36m[K~~~~~~~~~~~~^~~~~[m[K
In file included from [01m[K/usr/include/opencv4/opencv2/core.hpp:57[m[K,
                 from [01m[K/usr/include/opencv4/opencv2/opencv.hpp:52[m[K,
                 from [01m[K/home/ubuntu/ros2_ws/src/camera1-2/src/sub_jetson.cpp:3[m[K:
[01m[K/usr/include/opencv4/opencv2/core/matx.hpp:938:33:[m[K [01;36m[Knote: [m[Kcandidate: ‘[01m[Ktemplate<class _Tp, class _T2, int m, int n> cv::MatxCommaInitializer<_Tp, m, n> cv::operator<<(const cv::Matx<_Tp, m, n>&, _T2)[m[K’
  938 | MatxCommaInitializer<_Tp, m, n> [01;36m[Koperator[m[K << (const Matx<_Tp, m, n>& mtx, _T2 val)
      |                                 [01;36m[K^~~~~~~~[m[K
[01m[K/usr/include/opencv4/opencv2/core/matx.hpp:938:33:[m[K [01;36m[Knote: [m[K  template argument deduction/substitution failed:
[01m[K/home/ubuntu/ros2_ws/src/camera1-2/src/sub_jetson.cpp:34:15:[m[K [01;36m[Knote: [m[K  ‘[01m[Kcv::VideoWriter[m[K’ is not derived from ‘[01m[Kconst cv::Matx<_Tp, m, n>[m[K’
   34 |     writer << [01;36m[Koutput_video[m[K;
      |               [01;36m[K^~~~~~~~~~~~[m[K
In file included from [01m[K/usr/include/opencv4/opencv2/core.hpp:57[m[K,
                 from [01m[K/usr/include/opencv4/opencv2/opencv.hpp:52[m[K,
                 from [01m[K/home/ubuntu/ros2_ws/src/camera1-2/src/sub_jetson.cpp:3[m[K:
[01m[K/usr/include/opencv4/opencv2/core/matx.hpp:1151:30:[m[K [01;36m[Knote: [m[Kcandidate: ‘[01m[Ktemplate<class _Tp, class _T2, int cn> cv::VecCommaInitializer<_Tp, cn> cv::operator<<(const cv::Vec<_Tp, n>&, _T2)[m[K’
 1151 | VecCommaInitializer<_Tp, cn> [01;36m[Koperator[m[K << (const Vec<_Tp, cn>& vec, _T2 val)
      |                              [01;36m[K^~~~~~~~[m[K
[01m[K/usr/include/opencv4/opencv2/core/matx.hpp:1151:30:[m[K [01;36m[Knote: [m[K  template argument deduction/substitution failed:
[01m[K/home/ubuntu/ros2_ws/src/camera1-2/src/sub_jetson.cpp:34:15:[m[K [01;36m[Knote: [m[K  ‘[01m[Kcv::VideoWriter[m[K’ is not derived from ‘[01m[Kconst cv::Vec<_Tp, n>[m[K’
   34 |     writer << [01;36m[Koutput_video[m[K;
      |               [01;36m[K^~~~~~~~~~~~[m[K
In file included from [01m[K/usr/include/opencv4/opencv2/core/mat.hpp:3724[m[K,
                 from [01m[K/usr/include/opencv4/opencv2/core.hpp:59[m[K,
                 from [01m[K/usr/include/opencv4/opencv2/opencv.hpp:52[m[K,
                 from [01m[K/home/ubuntu/ros2_ws/src/camera1-2/src/sub_jetson.cpp:3[m[K:
[01m[K/usr/include/opencv4/opencv2/core/mat.inl.hpp:3345:27:[m[K [01;36m[Knote: [m[Kcandidate: ‘[01m[Ktemplate<class _Tp, class T2> cv::MatCommaInitializer_<_Tp> cv::operator<<(const cv::Mat_<_Tp>&, T2)[m[K’
 3345 | MatCommaInitializer_<_Tp> [01;36m[Koperator[m[K << (const Mat_<_Tp>& m, T2 val)
      |                           [01;36m[K^~~~~~~~[m[K
[01m[K/usr/include/opencv4/opencv2/core/mat.inl.hpp:3345:27:[m[K [01;36m[Knote: [m[K  template argument deduction/substitution failed:
[01m[K/home/ubuntu/ros2_ws/src/camera1-2/src/sub_jetson.cpp:34:15:[m[K [01;36m[Knote: [m[K  ‘[01m[Kcv::VideoWriter[m[K’ is not derived from ‘[01m[Kconst cv::Mat_<_Tp>[m[K’
   34 |     writer << [01;36m[Koutput_video[m[K;
      |               [01;36m[K^~~~~~~~~~~~[m[K
In file included from [01m[K/usr/include/opencv4/opencv2/core.hpp:60[m[K,
                 from [01m[K/usr/include/opencv4/opencv2/opencv.hpp:52[m[K,
                 from [01m[K/home/ubuntu/ros2_ws/src/camera1-2/src/sub_jetson.cpp:3[m[K:
[01m[K/usr/include/opencv4/opencv2/core/persistence.hpp:791:25:[m[K [01;36m[Knote: [m[Kcandidate: ‘[01m[Kcv::FileStorage& cv::operator<<(cv::FileStorage&, const String&)[m[K’
  791 | CV_EXPORTS FileStorage& [01;36m[Koperator[m[K << (FileStorage& fs, const String& str);
      |                         [01;36m[K^~~~~~~~[m[K
[01m[K/usr/include/opencv4/opencv2/core/persistence.hpp:791:51:[m[K [01;36m[Knote: [m[K  no known conversion for argument 1 from ‘[01m[Kcv::VideoWriter[m[K’ to ‘[01m[Kcv::FileStorage&[m[K’
  791 | CV_EXPORTS FileStorage& operator << ([01;36m[KFileStorage& fs[m[K, const String& str);
      |                                      [01;36m[K~~~~~~~~~~~~~^~[m[K
[01m[K/usr/include/opencv4/opencv2/core/persistence.hpp:1206:14:[m[K [01;36m[Knote: [m[Kcandidate: ‘[01m[Ktemplate<class _Tp> cv::FileStorage& cv::operator<<(cv::FileStorage&, const _Tp&)[m[K’
 1206 | FileStorage& [01;36m[Koperator[m[K << (FileStorage& fs, const _Tp& value)
      |              [01;36m[K^~~~~~~~[m[K
[01m[K/usr/include/opencv4/opencv2/core/persistence.hpp:1206:14:[m[K [01;36m[Knote: [m[K  template argument deduction/substitution failed:
[01m[K/home/ubuntu/ros2_ws/src/camera1-2/src/sub_jetson.cpp:34:5:[m[K [01;36m[Knote: [m[K  cannot convert ‘[01m[Kwriter[m[K’ (type ‘[01m[Kcv::VideoWriter[m[K’) to type ‘[01m[Kcv::FileStorage&[m[K’
   34 |     [01;36m[Kwriter[m[K << output_video;
      |     [01;36m[K^~~~~~[m[K
In file included from [01m[K/usr/include/opencv4/opencv2/core.hpp:60[m[K,
                 from [01m[K/usr/include/opencv4/opencv2/opencv.hpp:52[m[K,
                 from [01m[K/home/ubuntu/ros2_ws/src/camera1-2/src/sub_jetson.cpp:3[m[K:
[01m[K/usr/include/opencv4/opencv2/core/persistence.hpp:1221:14:[m[K [01;36m[Knote: [m[Kcandidate: ‘[01m[Kcv::FileStorage& cv::operator<<(cv::FileStorage&, const char*)[m[K’
 1221 | FileStorage& [01;36m[Koperator[m[K << (FileStorage& fs, const char* str)
      |              [01;36m[K^~~~~~~~[m[K
[01m[K/usr/include/opencv4/opencv2/core/persistence.hpp:1221:40:[m[K [01;36m[Knote: [m[K  no known conversion for argument 1 from ‘[01m[Kcv::VideoWriter[m[K’ to ‘[01m[Kcv::FileStorage&[m[K’
 1221 | FileStorage& operator << ([01;36m[KFileStorage& fs[m[K, const char* str)
      |                           [01;36m[K~~~~~~~~~~~~~^~[m[K
[01m[K/usr/include/opencv4/opencv2/core/persistence.hpp:1229:14:[m[K [01;36m[Knote: [m[Kcandidate: ‘[01m[Kcv::FileStorage& cv::operator<<(cv::FileStorage&, char*)[m[K’
 1229 | FileStorage& [01;36m[Koperator[m[K << (FileStorage& fs, char* value)
      |              [01;36m[K^~~~~~~~[m[K
[01m[K/usr/include/opencv4/opencv2/core/persistence.hpp:1229:40:[m[K [01;36m[Knote: [m[K  no known conversion for argument 1 from ‘[01m[Kcv::VideoWriter[m[K’ to ‘[01m[Kcv::FileStorage&[m[K’
 1229 | FileStorage& operator << ([01;36m[KFileStorage& fs[m[K, char* value)
      |                           [01;36m[K~~~~~~~~~~~~~^~[m[K
In file included from [01m[K/usr/include/opencv4/opencv2/opencv.hpp:52[m[K,
                 from [01m[K/home/ubuntu/ros2_ws/src/camera1-2/src/sub_jetson.cpp:3[m[K:
[01m[K/usr/include/opencv4/opencv2/core.hpp:3044:9:[m[K [01;36m[Knote: [m[Kcandidate: ‘[01m[Kcv::String& cv::operator<<(cv::String&, cv::Ptr<cv::Formatted>)[m[K’
 3044 | String& [01;36m[Koperator[m[K << (String& out, Ptr<Formatted> fmtd)
      |         [01;36m[K^~~~~~~~[m[K
[01m[K/usr/include/opencv4/opencv2/core.hpp:3044:30:[m[K [01;36m[Knote: [m[K  no known conversion for argument 1 from ‘[01m[Kcv::VideoWriter[m[K’ to ‘[01m[Kcv::String&[m[K’ {aka ‘[01m[Kstd::__cxx11::basic_string<char>&[m[K’}
 3044 | String& operator << ([01;36m[KString& out[m[K, Ptr<Formatted> fmtd)
      |                      [01;36m[K~~~~~~~~^~~[m[K
[01m[K/usr/include/opencv4/opencv2/core.hpp:3053:9:[m[K [01;36m[Knote: [m[Kcandidate: ‘[01m[Kcv::String& cv::operator<<(cv::String&, const cv::Mat&)[m[K’
 3053 | String& [01;36m[Koperator[m[K << (String& out, const Mat& mtx)
      |         [01;36m[K^~~~~~~~[m[K
[01m[K/usr/include/opencv4/opencv2/core.hpp:3053:30:[m[K [01;36m[Knote: [m[K  no known conversion for argument 1 from ‘[01m[Kcv::VideoWriter[m[K’ to ‘[01m[Kcv::String&[m[K’ {aka ‘[01m[Kstd::__cxx11::basic_string<char>&[m[K’}
 3053 | String& operator << ([01;36m[KString& out[m[K, const Mat& mtx)
      |                      [01;36m[K~~~~~~~~^~~[m[K
In file included from [01m[K/usr/include/opencv4/opencv2/core.hpp:3292[m[K,
                 from [01m[K/usr/include/opencv4/opencv2/opencv.hpp:52[m[K,
                 from [01m[K/home/ubuntu/ros2_ws/src/camera1-2/src/sub_jetson.cpp:3[m[K:
[01m[K/usr/include/opencv4/opencv2/core/cvstd.inl.hpp:77:15:[m[K [01;36m[Knote: [m[Kcandidate: ‘[01m[Kstd::ostream& cv::operator<<(std::ostream&, cv::Ptr<cv::Formatted>)[m[K’
   77 | std::ostream& [01;36m[Koperator[m[K << (std::ostream& out, Ptr<Formatted> fmtd)
      |               [01;36m[K^~~~~~~~[m[K
[01m[K/usr/include/opencv4/opencv2/core/cvstd.inl.hpp:77:42:[m[K [01;36m[Knote: [m[K  no known conversion for argument 1 from ‘[01m[Kcv::VideoWriter[m[K’ to ‘[01m[Kstd::ostream&[m[K’ {aka ‘[01m[Kstd::basic_ostream<char>&[m[K’}
   77 | std::ostream& operator << ([01;36m[Kstd::ostream& out[m[K, Ptr<Formatted> fmtd)
      |                            [01;36m[K~~~~~~~~~~~~~~^~~[m[K
[01m[K/usr/include/opencv4/opencv2/core/cvstd.inl.hpp:86:15:[m[K [01;36m[Knote: [m[Kcandidate: ‘[01m[Kstd::ostream& cv::operator<<(std::ostream&, const cv::Mat&)[m[K’
   86 | std::ostream& [01;36m[Koperator[m[K << (std::ostream& out, const Mat& mtx)
      |               [01;36m[K^~~~~~~~[m[K
[01m[K/usr/include/opencv4/opencv2/core/cvstd.inl.hpp:86:42:[m[K [01;36m[Knote: [m[K  no known conversion for argument 1 from ‘[01m[Kcv::VideoWriter[m[K’ to ‘[01m[Kstd::ostream&[m[K’ {aka ‘[01m[Kstd::basic_ostream<char>&[m[K’}
   86 | std::ostream& operator << ([01;36m[Kstd::ostream& out[m[K, const Mat& mtx)
      |                            [01;36m[K~~~~~~~~~~~~~~^~~[m[K
[01m[K/usr/include/opencv4/opencv2/core/cvstd.inl.hpp:92:15:[m[K [01;36m[Knote: [m[Kcandidate: ‘[01m[Kstd::ostream& cv::operator<<(std::ostream&, const cv::UMat&)[m[K’
   92 | std::ostream& [01;36m[Koperator[m[K << (std::ostream& out, const UMat& m)
      |               [01;36m[K^~~~~~~~[m[K
[01m[K/usr/include/opencv4/opencv2/core/cvstd.inl.hpp:92:42:[m[K [01;36m[Knote: [m[K  no known conversion for argument 1 from ‘[01m[Kcv::VideoWriter[m[K’ to ‘[01m[Kstd::ostream&[m[K’ {aka ‘[01m[Kstd::basic_ostream<char>&[m[K’}
   92 | std::ostream& operator << ([01;36m[Kstd::ostream& out[m[K, const UMat& m)
      |                            [01;36m[K~~~~~~~~~~~~~~^~~[m[K
[01m[K/usr/include/opencv4/opencv2/core/cvstd.inl.hpp:98:15:[m[K [01;36m[Knote: [m[Kcandidate: ‘[01m[Ktemplate<class _Tp> std::ostream& cv::operator<<(std::ostream&, const cv::Complex<_Tp>&)[m[K’
   98 | std::ostream& [01;36m[Koperator[m[K << (std::ostream& out, const Complex<_Tp>& c)
      |               [01;36m[K^~~~~~~~[m[K
[01m[K/usr/include/opencv4/opencv2/core/cvstd.inl.hpp:98:15:[m[K [01;36m[Knote: [m[K  template argument deduction/substitution failed:
[01m[K/home/ubuntu/ros2_ws/src/camera1-2/src/sub_jetson.cpp:34:15:[m[K [01;36m[Knote: [m[K  ‘[01m[Kcv::VideoWriter[m[K’ is not derived from ‘[01m[Kconst cv::Complex<_Tp>[m[K’
   34 |     writer << [01;36m[Koutput_video[m[K;
      |               [01;36m[K^~~~~~~~~~~~[m[K
In file included from [01m[K/usr/include/opencv4/opencv2/core.hpp:3292[m[K,
                 from [01m[K/usr/include/opencv4/opencv2/opencv.hpp:52[m[K,
                 from [01m[K/home/ubuntu/ros2_ws/src/camera1-2/src/sub_jetson.cpp:3[m[K:
[01m[K/usr/include/opencv4/opencv2/core/cvstd.inl.hpp:104:15:[m[K [01;36m[Knote: [m[Kcandidate: ‘[01m[Ktemplate<class _Tp> std::ostream& cv::operator<<(std::ostream&, const std::vector<cv::Point_<_Tp> >&)[m[K’
  104 | std::ostream& [01;36m[Koperator[m[K << (std::ostream& out, const std::vector<Point_<_Tp> >& vec)
      |               [01;36m[K^~~~~~~~[m[K
[01m[K/usr/include/opencv4/opencv2/core/cvstd.inl.hpp:104:15:[m[K [01;36m[Knote: [m[K  template argument deduction/substitution failed:
[01m[K/home/ubuntu/ros2_ws/src/camera1-2/src/sub_jetson.cpp:34:15:[m[K [01;36m[Knote: [m[K  ‘[01m[Kcv::VideoWriter[m[K’ is not derived from ‘[01m[Kconst std::vector<cv::Point_<_Tp> >[m[K’
   34 |     writer << [01;36m[Koutput_video[m[K;
      |               [01;36m[K^~~~~~~~~~~~[m[K
In file included from [01m[K/usr/include/opencv4/opencv2/core.hpp:3292[m[K,
                 from [01m[K/usr/include/opencv4/opencv2/opencv.hpp:52[m[K,
                 from [01m[K/home/ubuntu/ros2_ws/src/camera1-2/src/sub_jetson.cpp:3[m[K:
[01m[K/usr/include/opencv4/opencv2/core/cvstd.inl.hpp:111:15:[m[K [01;36m[Knote: [m[Kcandidate: ‘[01m[Ktemplate<class _Tp> std::ostream& cv::operator<<(std::ostream&, const std::vector<cv::Point3_<_Tp> >&)[m[K’
  111 | std::ostream& [01;36m[Koperator[m[K << (std::ostream& out, const std::vector<Point3_<_Tp> >& vec)
      |               [01;36m[K^~~~~~~~[m[K
[01m[K/usr/include/opencv4/opencv2/core/cvstd.inl.hpp:111:15:[m[K [01;36m[Knote: [m[K  template argument deduction/substitution failed:
[01m[K/home/ubuntu/ros2_ws/src/camera1-2/src/sub_jetson.cpp:34:15:[m[K [01;36m[Knote: [m[K  ‘[01m[Kcv::VideoWriter[m[K’ is not derived from ‘[01m[Kconst std::vector<cv::Point3_<_Tp> >[m[K’
   34 |     writer << [01;36m[Koutput_video[m[K;
      |               [01;36m[K^~~~~~~~~~~~[m[K
In file included from [01m[K/usr/include/opencv4/opencv2/core.hpp:3292[m[K,
                 from [01m[K/usr/include/opencv4/opencv2/opencv.hpp:52[m[K,
                 from [01m[K/home/ubuntu/ros2_ws/src/camera1-2/src/sub_jetson.cpp:3[m[K:
[01m[K/usr/include/opencv4/opencv2/core/cvstd.inl.hpp:118:15:[m[K [01;36m[Knote: [m[Kcandidate: ‘[01m[Ktemplate<class _Tp, int m, int n> std::ostream& cv::operator<<(std::ostream&, const cv::Matx<_Tp, m, n>&)[m[K’
  118 | std::ostream& [01;36m[Koperator[m[K << (std::ostream& out, const Matx<_Tp, m, n>& matx)
      |               [01;36m[K^~~~~~~~[m[K
[01m[K/usr/include/opencv4/opencv2/core/cvstd.inl.hpp:118:15:[m[K [01;36m[Knote: [m[K  template argument deduction/substitution failed:
[01m[K/home/ubuntu/ros2_ws/src/camera1-2/src/sub_jetson.cpp:34:15:[m[K [01;36m[Knote: [m[K  ‘[01m[Kcv::VideoWriter[m[K’ is not derived from ‘[01m[Kconst cv::Matx<_Tp, m, n>[m[K’
   34 |     writer << [01;36m[Koutput_video[m[K;
      |               [01;36m[K^~~~~~~~~~~~[m[K
In file included from [01m[K/usr/include/opencv4/opencv2/core.hpp:3292[m[K,
                 from [01m[K/usr/include/opencv4/opencv2/opencv.hpp:52[m[K,
                 from [01m[K/home/ubuntu/ros2_ws/src/camera1-2/src/sub_jetson.cpp:3[m[K:
[01m[K/usr/include/opencv4/opencv2/core/cvstd.inl.hpp:124:15:[m[K [01;36m[Knote: [m[Kcandidate: ‘[01m[Ktemplate<class _Tp> std::ostream& cv::operator<<(std::ostream&, const cv::Point_<_Tp>&)[m[K’
  124 | std::ostream& [01;36m[Koperator[m[K << (std::ostream& out, const Point_<_Tp>& p)
      |               [01;36m[K^~~~~~~~[m[K
[01m[K/usr/include/opencv4/opencv2/core/cvstd.inl.hpp:124:15:[m[K [01;36m[Knote: [m[K  template argument deduction/substitution failed:
[01m[K/home/ubuntu/ros2_ws/src/camera1-2/src/sub_jetson.cpp:34:15:[m[K [01;36m[Knote: [m[K  ‘[01m[Kcv::VideoWriter[m[K’ is not derived from ‘[01m[Kconst cv::Point_<_Tp>[m[K’
   34 |     writer << [01;36m[Koutput_video[m[K;
      |               [01;36m[K^~~~~~~~~~~~[m[K
In file included from [01m[K/usr/include/opencv4/opencv2/core.hpp:3292[m[K,
                 from [01m[K/usr/include/opencv4/opencv2/opencv.hpp:52[m[K,
                 from [01m[K/home/ubuntu/ros2_ws/src/camera1-2/src/sub_jetson.cpp:3[m[K:
[01m[K/usr/include/opencv4/opencv2/core/cvstd.inl.hpp:131:15:[m[K [01;36m[Knote: [m[Kcandidate: ‘[01m[Ktemplate<class _Tp> std::ostream& cv::operator<<(std::ostream&, const cv::Point3_<_Tp>&)[m[K’
  131 | std::ostream& [01;36m[Koperator[m[K << (std::ostream& out, const Point3_<_Tp>& p)
      |               [01;36m[K^~~~~~~~[m[K
[01m[K/usr/include/opencv4/opencv2/core/cvstd.inl.hpp:131:15:[m[K [01;36m[Knote: [m[K  template argument deduction/substitution failed:
[01m[K/home/ubuntu/ros2_ws/src/camera1-2/src/sub_jetson.cpp:34:15:[m[K [01;36m[Knote: [m[K  ‘[01m[Kcv::VideoWriter[m[K’ is not derived from ‘[01m[Kconst cv::Point3_<_Tp>[m[K’
   34 |     writer << [01;36m[Koutput_video[m[K;
      |               [01;36m[K^~~~~~~~~~~~[m[K
In file included from [01m[K/usr/include/opencv4/opencv2/core.hpp:3292[m[K,
                 from [01m[K/usr/include/opencv4/opencv2/opencv.hpp:52[m[K,
                 from [01m[K/home/ubuntu/ros2_ws/src/camera1-2/src/sub_jetson.cpp:3[m[K:
[01m[K/usr/include/opencv4/opencv2/core/cvstd.inl.hpp:138:15:[m[K [01;36m[Knote: [m[Kcandidate: ‘[01m[Ktemplate<class _Tp, int n> std::ostream& cv::operator<<(std::ostream&, const cv::Vec<_Tp, m>&)[m[K’
  138 | std::ostream& [01;36m[Koperator[m[K << (std::ostream& out, const Vec<_Tp, n>& vec)
      |               [01;36m[K^~~~~~~~[m[K
[01m[K/usr/include/opencv4/opencv2/core/cvstd.inl.hpp:138:15:[m[K [01;36m[Knote: [m[K  template argument deduction/substitution failed:
[01m[K/home/ubuntu/ros2_ws/src/camera1-2/src/sub_jetson.cpp:34:15:[m[K [01;36m[Knote: [m[K  ‘[01m[Kcv::VideoWriter[m[K’ is not derived from ‘[01m[Kconst cv::Vec<_Tp, m>[m[K’
   34 |     writer << [01;36m[Koutput_video[m[K;
      |               [01;36m[K^~~~~~~~~~~~[m[K
In file included from [01m[K/usr/include/opencv4/opencv2/core.hpp:3292[m[K,
                 from [01m[K/usr/include/opencv4/opencv2/opencv.hpp:52[m[K,
                 from [01m[K/home/ubuntu/ros2_ws/src/camera1-2/src/sub_jetson.cpp:3[m[K:
[01m[K/usr/include/opencv4/opencv2/core/cvstd.inl.hpp:160:15:[m[K [01;36m[Knote: [m[Kcandidate: ‘[01m[Ktemplate<class _Tp> std::ostream& cv::operator<<(std::ostream&, const cv::Size_<_Tp>&)[m[K’
  160 | std::ostream& [01;36m[Koperator[m[K << (std::ostream& out, const Size_<_Tp>& size)
      |               [01;36m[K^~~~~~~~[m[K
[01m[K/usr/include/opencv4/opencv2/core/cvstd.inl.hpp:160:15:[m[K [01;36m[Knote: [m[K  template argument deduction/substitution failed:
[01m[K/home/ubuntu/ros2_ws/src/camera1-2/src/sub_jetson.cpp:34:15:[m[K [01;36m[Knote: [m[K  ‘[01m[Kcv::VideoWriter[m[K’ is not derived from ‘[01m[Kconst cv::Size_<_Tp>[m[K’
   34 |     writer << [01;36m[Koutput_video[m[K;
      |               [01;36m[K^~~~~~~~~~~~[m[K
In file included from [01m[K/usr/include/opencv4/opencv2/core.hpp:3292[m[K,
                 from [01m[K/usr/include/opencv4/opencv2/opencv.hpp:52[m[K,
                 from [01m[K/home/ubuntu/ros2_ws/src/camera1-2/src/sub_jetson.cpp:3[m[K:
[01m[K/usr/include/opencv4/opencv2/core/cvstd.inl.hpp:166:15:[m[K [01;36m[Knote: [m[Kcandidate: ‘[01m[Ktemplate<class _Tp> std::ostream& cv::operator<<(std::ostream&, const cv::Rect_<_Tp>&)[m[K’
  166 | std::ostream& [01;36m[Koperator[m[K << (std::ostream& out, const Rect_<_Tp>& rect)
      |               [01;36m[K^~~~~~~~[m[K
[01m[K/usr/include/opencv4/opencv2/core/cvstd.inl.hpp:166:15:[m[K [01;36m[Knote: [m[K  template argument deduction/substitution failed:
[01m[K/home/ubuntu/ros2_ws/src/camera1-2/src/sub_jetson.cpp:34:15:[m[K [01;36m[Knote: [m[K  ‘[01m[Kcv::VideoWriter[m[K’ is not derived from ‘[01m[Kconst cv::Rect_<_Tp>[m[K’
   34 |     writer << [01;36m[Koutput_video[m[K;
      |               [01;36m[K^~~~~~~~~~~~[m[K
In file included from [01m[K/usr/include/opencv4/opencv2/core.hpp:3292[m[K,
                 from [01m[K/usr/include/opencv4/opencv2/opencv.hpp:52[m[K,
                 from [01m[K/home/ubuntu/ros2_ws/src/camera1-2/src/sub_jetson.cpp:3[m[K:
[01m[K/usr/include/opencv4/opencv2/core/cvstd.inl.hpp:171:29:[m[K [01;36m[Knote: [m[Kcandidate: ‘[01m[Kstd::ostream& cv::operator<<(std::ostream&, const cv::MatSize&)[m[K’
  171 | static inline std::ostream& [01;36m[Koperator[m[K << (std::ostream& out, const MatSize& msize)
      |                             [01;36m[K^~~~~~~~[m[K
[01m[K/usr/include/opencv4/opencv2/core/cvstd.inl.hpp:171:56:[m[K [01;36m[Knote: [m[K  no known conversion for argument 1 from ‘[01m[Kcv::VideoWriter[m[K’ to ‘[01m[Kstd::ostream&[m[K’ {aka ‘[01m[Kstd::basic_ostream<char>&[m[K’}
  171 | static inline std::ostream& operator << ([01;36m[Kstd::ostream& out[m[K, const MatSize& msize)
      |                                          [01;36m[K~~~~~~~~~~~~~~^~~[m[K
[01m[K/usr/include/opencv4/opencv2/core/cvstd.inl.hpp:183:29:[m[K [01;36m[Knote: [m[Kcandidate: ‘[01m[Kstd::ostream& cv::operator<<(std::ostream&, cv::Range&)[m[K’
  183 | static inline std::ostream &[01;36m[Koperator[m[K<< (std::ostream &s, cv::Range &r)
      |                             [01;36m[K^~~~~~~~[m[K
[01m[K/usr/include/opencv4/opencv2/core/cvstd.inl.hpp:183:55:[m[K [01;36m[Knote: [m[K  no known conversion for argument 1 from ‘[01m[Kcv::VideoWriter[m[K’ to ‘[01m[Kstd::ostream&[m[K’ {aka ‘[01m[Kstd::basic_ostream<char>&[m[K’}
  183 | static inline std::ostream &operator<< ([01;36m[Kstd::ostream &s[m[K, cv::Range &r)
      |                                         [01;36m[K~~~~~~~~~~~~~~^[m[K
In file included from [01m[K/usr/include/opencv4/opencv2/core.hpp:3293[m[K,
                 from [01m[K/usr/include/opencv4/opencv2/opencv.hpp:52[m[K,
                 from [01m[K/home/ubuntu/ros2_ws/src/camera1-2/src/sub_jetson.cpp:3[m[K:
[01m[K/usr/include/opencv4/opencv2/core/utility.hpp:407:15:[m[K [01;36m[Knote: [m[Kcandidate: ‘[01m[Kstd::ostream& cv::operator<<(std::ostream&, const cv::TickMeter&)[m[K’
  407 | std::ostream& [01;36m[Koperator[m[K << (std::ostream& out, const TickMeter& tm)
      |               [01;36m[K^~~~~~~~[m[K
[01m[K/usr/include/opencv4/opencv2/core/utility.hpp:407:42:[m[K [01;36m[Knote: [m[K  no known conversion for argument 1 from ‘[01m[Kcv::VideoWriter[m[K’ to ‘[01m[Kstd::ostream&[m[K’ {aka ‘[01m[Kstd::basic_ostream<char>&[m[K’}
  407 | std::ostream& operator << ([01;36m[Kstd::ostream& out[m[K, const TickMeter& tm)
      |                            [01;36m[K~~~~~~~~~~~~~~^~~[m[K
[01m[K/home/ubuntu/ros2_ws/src/camera1-2/src/sub_jetson.cpp:[m[K In function ‘[01m[Kint main(int, char**)[m[K’:
[01m[K/home/ubuntu/ros2_ws/src/camera1-2/src/sub_jetson.cpp:54:5:[m[K [01;31m[Kerror: [m[Kexpected ‘[01m[K,[m[K’ or ‘[01m[K;[m[K’ before ‘[01m[Kcv[m[K’
   54 |     [01;31m[Kcv[m[K::VideoWriter outputVideo("output_video.mp4", fourcc, fps, cv::Size(640, 480));
      |     [01;31m[K^~[m[K
[01m[K/home/ubuntu/ros2_ws/src/camera1-2/src/sub_jetson.cpp:52:9:[m[K [01;35m[Kwarning: [m[Kunused variable ‘[01m[Kfourcc[m[K’ [[01;35m[K-Wunused-variable[m[K]
   52 |     int [01;35m[Kfourcc[m[K = cv::VideoWriter::fourcc('m', 'p', '4', 'v');
      |         [01;35m[K^~~~~~[m[K
[01m[K/home/ubuntu/ros2_ws/src/camera1-2/src/sub_jetson.cpp:53:11:[m[K [01;35m[Kwarning: [m[Kunused variable ‘[01m[Kfps[m[K’ [[01;35m[K-Wunused-variable[m[K]
   53 |     float [01;35m[Kfps[m[K = 30
      |           [01;35m[K^~~[m[K
make[2]: *** [CMakeFiles/sub_jetson.dir/build.make:63: CMakeFiles/sub_jetson.dir/src/sub_jetson.cpp.o] Error 1
make[1]: *** [CMakeFiles/Makefile2:109: CMakeFiles/sub_jetson.dir/all] Error 2
make[1]: *** Waiting for unfinished jobs....
make: *** [Makefile:141: all] Error 2
