[0.041s] Invoking command in '/home/ubuntu/ros2_ws/build/camera1-2': CMAKE_PREFIX_PATH=${CMAKE_PREFIX_PATH}:/opt/ros/foxy /usr/bin/cmake /home/ubuntu/ros2_ws/src/camera1-2 -DAMENT_CMAKE_SYMLINK_INSTALL=1 -DCMAKE_INSTALL_PREFIX=/home/ubuntu/ros2_ws/install/camera1-2
[0.285s] -- The C compiler identification is GNU 9.4.0
[0.500s] -- The CXX compiler identification is GNU 9.4.0
[0.518s] -- Check for working C compiler: /usr/bin/cc
[0.797s] -- Check for working C compiler: /usr/bin/cc -- works
[0.800s] -- Detecting C compiler ABI info
[1.080s] -- Detecting C compiler ABI info - done
[1.117s] -- Detecting C compile features
[1.118s] -- Detecting C compile features - done
[1.126s] -- Check for working CXX compiler: /usr/bin/c++
[1.439s] -- Check for working CXX compiler: /usr/bin/c++ -- works
[1.443s] -- Detecting CXX compiler ABI info
[1.753s] -- Detecting CXX compiler ABI info - done
[1.791s] -- Detecting CXX compile features
[1.792s] -- Detecting CXX compile features - done
[1.813s] -- Found ament_cmake: 0.9.12 (/opt/ros/foxy/share/ament_cmake/cmake)
[1.930s] -- Found PythonInterp: /usr/bin/python3 (found suitable version "3.8.10", minimum required is "3") 
[1.930s] -- Using PYTHON_EXECUTABLE: /usr/bin/python3
[2.639s] -- Override CMake install command with custom implementation using symlinks instead of copying resources
[2.843s] -- Found rclcpp: 2.4.3 (/opt/ros/foxy/share/rclcpp/cmake)
[3.129s] -- Using all available rosidl_typesupport_c: rosidl_typesupport_fastrtps_c;rosidl_typesupport_introspection_c
[3.183s] -- Found rosidl_adapter: 1.3.1 (/opt/ros/foxy/share/rosidl_adapter/cmake)
[3.718s] -- Found OpenSSL: /usr/lib/aarch64-linux-gnu/libcrypto.so (found version "1.1.1f")  
[3.934s] -- Found FastRTPS: /opt/ros/foxy/include  
[4.448s] -- Using all available rosidl_typesupport_cpp: rosidl_typesupport_fastrtps_cpp;rosidl_typesupport_introspection_cpp
[4.704s] -- Found rmw_implementation_cmake: 1.0.4 (/opt/ros/foxy/share/rmw_implementation_cmake/cmake)
[4.709s] -- Using RMW implementation 'rmw_fastrtps_cpp' as default
[4.713s] -- Looking for pthread.h
[5.009s] -- Looking for pthread.h - found
[5.010s] -- Performing Test CMAKE_HAVE_LIBC_PTHREAD
[5.303s] -- Performing Test CMAKE_HAVE_LIBC_PTHREAD - Failed
[5.304s] -- Looking for pthread_create in pthreads
[5.543s] -- Looking for pthread_create in pthreads - not found
[5.543s] -- Looking for pthread_create in pthread
[5.832s] -- Looking for pthread_create in pthread - found
[5.836s] -- Found Threads: TRUE  
[6.455s] -- Found sensor_msgs: 2.0.5 (/opt/ros/foxy/share/sensor_msgs/cmake)
[6.882s] -- Found cv_bridge: 3.0.7 (/opt/ros/foxy/share/cv_bridge/cmake)
[7.003s] -- Found OpenCV: /usr (found version "4.2.0") 
[7.340s] -- Configuring done
[7.462s] -- Generating done
[7.533s] -- Build files have been written to: /home/ubuntu/ros2_ws/build/camera1-2
[7.565s] Invoked command in '/home/ubuntu/ros2_ws/build/camera1-2' returned '0': CMAKE_PREFIX_PATH=${CMAKE_PREFIX_PATH}:/opt/ros/foxy /usr/bin/cmake /home/ubuntu/ros2_ws/src/camera1-2 -DAMENT_CMAKE_SYMLINK_INSTALL=1 -DCMAKE_INSTALL_PREFIX=/home/ubuntu/ros2_ws/install/camera1-2
[7.574s] Invoking command in '/home/ubuntu/ros2_ws/build/camera1-2': CMAKE_PREFIX_PATH=${CMAKE_PREFIX_PATH}:/opt/ros/foxy /usr/bin/cmake --build /home/ubuntu/ros2_ws/build/camera1-2 -- -j4 -l4
[7.739s] [35m[1mScanning dependencies of target sub_wsl[0m
[7.741s] [35m[1mScanning dependencies of target sub_jetson[0m
[7.742s] [35m[1mScanning dependencies of target pub[0m
[7.966s] [ 16%] [32mBuilding CXX object CMakeFiles/sub_wsl.dir/src/sub_wsl.cpp.o[0m
[7.982s] [ 33%] [32mBuilding CXX object CMakeFiles/sub_jetson.dir/src/sub_jetson.cpp.o[0m
[8.012s] [ 50%] [32mBuilding CXX object CMakeFiles/pub.dir/src/pub.cpp.o[0m
[20.603s] [01m[K/home/ubuntu/ros2_ws/src/camera1-2/src/sub_jetson.cpp:[m[K In function ‘[01m[Kvoid keyboard_handler(int)[m[K’:
[20.604s] [01m[K/home/ubuntu/ros2_ws/src/camera1-2/src/sub_jetson.cpp:14:27:[m[K [01;35m[Kwarning: [m[Kunused parameter ‘[01m[Ksignum[m[K’ [[01;35m[K-Wunused-parameter[m[K]
[20.605s]    14 | void keyboard_handler([01;35m[Kint signum[m[K)
[20.606s]       |                       [01;35m[K~~~~^~~~~~[m[K
[20.623s] [01m[K/home/ubuntu/ros2_ws/src/camera1-2/src/sub_jetson.cpp:[m[K In function ‘[01m[Kvoid mysub_callback(rclcpp::Node::SharedPtr, sensor_msgs::msg::CompressedImage_<std::allocator<void> >::SharedPtr)[m[K’:
[20.624s] [01m[K/home/ubuntu/ros2_ws/src/camera1-2/src/sub_jetson.cpp:29:5:[m[K [01;31m[Kerror: [m[K‘[01m[KMat[m[K’ was not declared in this scope; did you mean ‘[01m[Kcv::Mat[m[K’?
[20.625s]    29 |     [01;31m[KMat[m[K gray, thresh;
[20.627s]       |     [01;31m[K^~~[m[K
[20.628s]       |     [32m[Kcv::Mat[m[K
[20.629s] In file included from [01m[K/usr/include/opencv4/opencv2/core.hpp:59[m[K,
[20.630s]                  from [01m[K/usr/include/opencv4/opencv2/opencv.hpp:52[m[K,
[20.631s]                  from [01m[K/home/ubuntu/ros2_ws/src/camera1-2/src/sub_jetson.cpp:3[m[K:
[20.632s] [01m[K/usr/include/opencv4/opencv2/core/mat.hpp:791:18:[m[K [01;36m[Knote: [m[K‘[01m[Kcv::Mat[m[K’ declared here
[20.633s]   791 | class CV_EXPORTS [01;36m[KMat[m[K
[20.634s]       |                  [01;36m[K^~~[m[K
[20.635s] [01m[K/home/ubuntu/ros2_ws/src/camera1-2/src/sub_jetson.cpp:30:25:[m[K [01;31m[Kerror: [m[K‘[01m[Kgray[m[K’ was not declared in this scope
[20.636s]    30 |     cv::cvtColor(frame, [01;31m[Kgray[m[K, cv::COLOR_BGR2GRAY);
[20.637s]       |                         [01;31m[K^~~~[m[K
[20.644s] [01m[K/home/ubuntu/ros2_ws/src/camera1-2/src/sub_jetson.cpp:31:25:[m[K [01;31m[Kerror: [m[K‘[01m[Kthresh[m[K’ was not declared in this scope
[20.653s]    31 |     cv::threshold(gray, [01;31m[Kthresh[m[K, 0, 255, cv::THRESH_BINARY | cv::THRESH_OTSU);
[20.654s]       |                         [01;31m[K^~~~~~[m[K
[20.654s] [01m[K/home/ubuntu/ros2_ws/src/camera1-2/src/sub_jetson.cpp:34:12:[m[K [01;31m[Kerror: [m[Kno match for ‘[01m[Koperator<<[m[K’ (operand types are ‘[01m[Kcv::VideoWriter[m[K’ and ‘[01m[Kcv::VideoWriter[m[K’)
[20.655s]    34 |     [32m[Kwriter[m[K [01;31m[K<<[m[K [34m[Koutput_video[m[K;
[20.656s]       |     [32m[K~~~~~~[m[K [01;31m[K^~[m[K [34m[K~~~~~~~~~~~~[m[K
[20.657s]       |     [32m[K|[m[K         [34m[K|[m[K
[20.657s]       |     [32m[K|[m[K         [34m[Kcv::VideoWriter[m[K
[20.658s]       |     [32m[Kcv::VideoWriter[m[K
[20.659s] In file included from [01m[K/usr/include/opencv4/opencv2/highgui.hpp:51[m[K,
[20.661s]                  from [01m[K/usr/include/opencv4/opencv2/opencv.hpp:68[m[K,
[20.661s]                  from [01m[K/home/ubuntu/ros2_ws/src/camera1-2/src/sub_jetson.cpp:3[m[K:
[20.662s] [01m[K/usr/include/opencv4/opencv2/videoio.hpp:921:26:[m[K [01;36m[Knote: [m[Kcandidate: ‘[01m[Kvirtual cv::VideoWriter& cv::VideoWriter::operator<<(const cv::Mat&)[m[K’
[20.663s]   921 |     virtual VideoWriter& [01;36m[Koperator[m[K << (const Mat& image);
[20.664s]       |                          [01;36m[K^~~~~~~~[m[K
[20.664s] [01m[K/usr/include/opencv4/opencv2/videoio.hpp:921:50:[m[K [01;36m[Knote: [m[K  no known conversion for argument 1 from ‘[01m[Kcv::VideoWriter[m[K’ to ‘[01m[Kconst cv::Mat&[m[K’
[20.665s]   921 |     virtual VideoWriter& operator << ([01;36m[Kconst Mat& image[m[K);
[20.666s]       |                                       [01;36m[K~~~~~~~~~~~^~~~~[m[K
[20.666s] [01m[K/usr/include/opencv4/opencv2/videoio.hpp:926:26:[m[K [01;36m[Knote: [m[Kcandidate: ‘[01m[Kvirtual cv::VideoWriter& cv::VideoWriter::operator<<(const cv::UMat&)[m[K’
[20.667s]   926 |     virtual VideoWriter& [01;36m[Koperator[m[K << (const UMat& image);
[20.671s]       |                          [01;36m[K^~~~~~~~[m[K
[20.671s] [01m[K/usr/include/opencv4/opencv2/videoio.hpp:926:51:[m[K [01;36m[Knote: [m[K  no known conversion for argument 1 from ‘[01m[Kcv::VideoWriter[m[K’ to ‘[01m[Kconst cv::UMat&[m[K’
[20.672s]   926 |     virtual VideoWriter& operator << ([01;36m[Kconst UMat& image[m[K);
[20.673s]       |                                       [01;36m[K~~~~~~~~~~~~^~~~~[m[K
[20.674s] In file included from [01m[K/usr/include/opencv4/opencv2/core.hpp:57[m[K,
[20.674s]                  from [01m[K/usr/include/opencv4/opencv2/opencv.hpp:52[m[K,
[20.675s]                  from [01m[K/home/ubuntu/ros2_ws/src/camera1-2/src/sub_jetson.cpp:3[m[K:
[20.676s] [01m[K/usr/include/opencv4/opencv2/core/matx.hpp:938:33:[m[K [01;36m[Knote: [m[Kcandidate: ‘[01m[Ktemplate<class _Tp, class _T2, int m, int n> cv::MatxCommaInitializer<_Tp, m, n> cv::operator<<(const cv::Matx<_Tp, m, n>&, _T2)[m[K’
[20.677s]   938 | MatxCommaInitializer<_Tp, m, n> [01;36m[Koperator[m[K << (const Matx<_Tp, m, n>& mtx, _T2 val)
[20.677s]       |                                 [01;36m[K^~~~~~~~[m[K
[20.678s] [01m[K/usr/include/opencv4/opencv2/core/matx.hpp:938:33:[m[K [01;36m[Knote: [m[K  template argument deduction/substitution failed:
[20.679s] [01m[K/home/ubuntu/ros2_ws/src/camera1-2/src/sub_jetson.cpp:34:15:[m[K [01;36m[Knote: [m[K  ‘[01m[Kcv::VideoWriter[m[K’ is not derived from ‘[01m[Kconst cv::Matx<_Tp, m, n>[m[K’
[20.679s]    34 |     writer << [01;36m[Koutput_video[m[K;
[20.680s]       |               [01;36m[K^~~~~~~~~~~~[m[K
[20.681s] In file included from [01m[K/usr/include/opencv4/opencv2/core.hpp:57[m[K,
[20.682s]                  from [01m[K/usr/include/opencv4/opencv2/opencv.hpp:52[m[K,
[20.682s]                  from [01m[K/home/ubuntu/ros2_ws/src/camera1-2/src/sub_jetson.cpp:3[m[K:
[20.683s] [01m[K/usr/include/opencv4/opencv2/core/matx.hpp:1151:30:[m[K [01;36m[Knote: [m[Kcandidate: ‘[01m[Ktemplate<class _Tp, class _T2, int cn> cv::VecCommaInitializer<_Tp, cn> cv::operator<<(const cv::Vec<_Tp, n>&, _T2)[m[K’
[20.684s]  1151 | VecCommaInitializer<_Tp, cn> [01;36m[Koperator[m[K << (const Vec<_Tp, cn>& vec, _T2 val)
[20.685s]       |                              [01;36m[K^~~~~~~~[m[K
[20.686s] [01m[K/usr/include/opencv4/opencv2/core/matx.hpp:1151:30:[m[K [01;36m[Knote: [m[K  template argument deduction/substitution failed:
[20.686s] [01m[K/home/ubuntu/ros2_ws/src/camera1-2/src/sub_jetson.cpp:34:15:[m[K [01;36m[Knote: [m[K  ‘[01m[Kcv::VideoWriter[m[K’ is not derived from ‘[01m[Kconst cv::Vec<_Tp, n>[m[K’
[20.687s]    34 |     writer << [01;36m[Koutput_video[m[K;
[20.688s]       |               [01;36m[K^~~~~~~~~~~~[m[K
[20.688s] In file included from [01m[K/usr/include/opencv4/opencv2/core/mat.hpp:3724[m[K,
[20.689s]                  from [01m[K/usr/include/opencv4/opencv2/core.hpp:59[m[K,
[20.690s]                  from [01m[K/usr/include/opencv4/opencv2/opencv.hpp:52[m[K,
[20.691s]                  from [01m[K/home/ubuntu/ros2_ws/src/camera1-2/src/sub_jetson.cpp:3[m[K:
[20.692s] [01m[K/usr/include/opencv4/opencv2/core/mat.inl.hpp:3345:27:[m[K [01;36m[Knote: [m[Kcandidate: ‘[01m[Ktemplate<class _Tp, class T2> cv::MatCommaInitializer_<_Tp> cv::operator<<(const cv::Mat_<_Tp>&, T2)[m[K’
[20.692s]  3345 | MatCommaInitializer_<_Tp> [01;36m[Koperator[m[K << (const Mat_<_Tp>& m, T2 val)
[20.693s]       |                           [01;36m[K^~~~~~~~[m[K
[20.694s] [01m[K/usr/include/opencv4/opencv2/core/mat.inl.hpp:3345:27:[m[K [01;36m[Knote: [m[K  template argument deduction/substitution failed:
[20.694s] [01m[K/home/ubuntu/ros2_ws/src/camera1-2/src/sub_jetson.cpp:34:15:[m[K [01;36m[Knote: [m[K  ‘[01m[Kcv::VideoWriter[m[K’ is not derived from ‘[01m[Kconst cv::Mat_<_Tp>[m[K’
[20.695s]    34 |     writer << [01;36m[Koutput_video[m[K;
[20.696s]       |               [01;36m[K^~~~~~~~~~~~[m[K
[20.696s] In file included from [01m[K/usr/include/opencv4/opencv2/core.hpp:60[m[K,
[20.697s]                  from [01m[K/usr/include/opencv4/opencv2/opencv.hpp:52[m[K,
[20.698s]                  from [01m[K/home/ubuntu/ros2_ws/src/camera1-2/src/sub_jetson.cpp:3[m[K:
[20.699s] [01m[K/usr/include/opencv4/opencv2/core/persistence.hpp:791:25:[m[K [01;36m[Knote: [m[Kcandidate: ‘[01m[Kcv::FileStorage& cv::operator<<(cv::FileStorage&, const String&)[m[K’
[20.700s]   791 | CV_EXPORTS FileStorage& [01;36m[Koperator[m[K << (FileStorage& fs, const String& str);
[20.700s]       |                         [01;36m[K^~~~~~~~[m[K
[20.703s] [01m[K/usr/include/opencv4/opencv2/core/persistence.hpp:791:51:[m[K [01;36m[Knote: [m[K  no known conversion for argument 1 from ‘[01m[Kcv::VideoWriter[m[K’ to ‘[01m[Kcv::FileStorage&[m[K’
[20.703s]   791 | CV_EXPORTS FileStorage& operator << ([01;36m[KFileStorage& fs[m[K, const String& str);
[20.704s]       |                                      [01;36m[K~~~~~~~~~~~~~^~[m[K
[20.705s] [01m[K/usr/include/opencv4/opencv2/core/persistence.hpp:1206:14:[m[K [01;36m[Knote: [m[Kcandidate: ‘[01m[Ktemplate<class _Tp> cv::FileStorage& cv::operator<<(cv::FileStorage&, const _Tp&)[m[K’
[20.706s]  1206 | FileStorage& [01;36m[Koperator[m[K << (FileStorage& fs, const _Tp& value)
[20.707s]       |              [01;36m[K^~~~~~~~[m[K
[20.709s] [01m[K/usr/include/opencv4/opencv2/core/persistence.hpp:1206:14:[m[K [01;36m[Knote: [m[K  template argument deduction/substitution failed:
[20.711s] [01m[K/home/ubuntu/ros2_ws/src/camera1-2/src/sub_jetson.cpp:34:5:[m[K [01;36m[Knote: [m[K  cannot convert ‘[01m[Kwriter[m[K’ (type ‘[01m[Kcv::VideoWriter[m[K’) to type ‘[01m[Kcv::FileStorage&[m[K’
[20.712s]    34 |     [01;36m[Kwriter[m[K << output_video;
[20.713s]       |     [01;36m[K^~~~~~[m[K
[20.713s] In file included from [01m[K/usr/include/opencv4/opencv2/core.hpp:60[m[K,
[20.714s]                  from [01m[K/usr/include/opencv4/opencv2/opencv.hpp:52[m[K,
[20.715s]                  from [01m[K/home/ubuntu/ros2_ws/src/camera1-2/src/sub_jetson.cpp:3[m[K:
[20.716s] [01m[K/usr/include/opencv4/opencv2/core/persistence.hpp:1221:14:[m[K [01;36m[Knote: [m[Kcandidate: ‘[01m[Kcv::FileStorage& cv::operator<<(cv::FileStorage&, const char*)[m[K’
[20.716s]  1221 | FileStorage& [01;36m[Koperator[m[K << (FileStorage& fs, const char* str)
[20.717s]       |              [01;36m[K^~~~~~~~[m[K
[20.718s] [01m[K/usr/include/opencv4/opencv2/core/persistence.hpp:1221:40:[m[K [01;36m[Knote: [m[K  no known conversion for argument 1 from ‘[01m[Kcv::VideoWriter[m[K’ to ‘[01m[Kcv::FileStorage&[m[K’
[20.719s]  1221 | FileStorage& operator << ([01;36m[KFileStorage& fs[m[K, const char* str)
[20.719s]       |                           [01;36m[K~~~~~~~~~~~~~^~[m[K
[20.720s] [01m[K/usr/include/opencv4/opencv2/core/persistence.hpp:1229:14:[m[K [01;36m[Knote: [m[Kcandidate: ‘[01m[Kcv::FileStorage& cv::operator<<(cv::FileStorage&, char*)[m[K’
[20.721s]  1229 | FileStorage& [01;36m[Koperator[m[K << (FileStorage& fs, char* value)
[20.721s]       |              [01;36m[K^~~~~~~~[m[K
[20.722s] [01m[K/usr/include/opencv4/opencv2/core/persistence.hpp:1229:40:[m[K [01;36m[Knote: [m[K  no known conversion for argument 1 from ‘[01m[Kcv::VideoWriter[m[K’ to ‘[01m[Kcv::FileStorage&[m[K’
[20.723s]  1229 | FileStorage& operator << ([01;36m[KFileStorage& fs[m[K, char* value)
[20.724s]       |                           [01;36m[K~~~~~~~~~~~~~^~[m[K
[20.724s] In file included from [01m[K/usr/include/opencv4/opencv2/opencv.hpp:52[m[K,
[20.725s]                  from [01m[K/home/ubuntu/ros2_ws/src/camera1-2/src/sub_jetson.cpp:3[m[K:
[20.726s] [01m[K/usr/include/opencv4/opencv2/core.hpp:3044:9:[m[K [01;36m[Knote: [m[Kcandidate: ‘[01m[Kcv::String& cv::operator<<(cv::String&, cv::Ptr<cv::Formatted>)[m[K’
[20.726s]  3044 | String& [01;36m[Koperator[m[K << (String& out, Ptr<Formatted> fmtd)
[20.727s]       |         [01;36m[K^~~~~~~~[m[K
[20.728s] [01m[K/usr/include/opencv4/opencv2/core.hpp:3044:30:[m[K [01;36m[Knote: [m[K  no known conversion for argument 1 from ‘[01m[Kcv::VideoWriter[m[K’ to ‘[01m[Kcv::String&[m[K’ {aka ‘[01m[Kstd::__cxx11::basic_string<char>&[m[K’}
[20.729s]  3044 | String& operator << ([01;36m[KString& out[m[K, Ptr<Formatted> fmtd)
[20.729s]       |                      [01;36m[K~~~~~~~~^~~[m[K
[20.730s] [01m[K/usr/include/opencv4/opencv2/core.hpp:3053:9:[m[K [01;36m[Knote: [m[Kcandidate: ‘[01m[Kcv::String& cv::operator<<(cv::String&, const cv::Mat&)[m[K’
[20.731s]  3053 | String& [01;36m[Koperator[m[K << (String& out, const Mat& mtx)
[20.731s]       |         [01;36m[K^~~~~~~~[m[K
[20.732s] [01m[K/usr/include/opencv4/opencv2/core.hpp:3053:30:[m[K [01;36m[Knote: [m[K  no known conversion for argument 1 from ‘[01m[Kcv::VideoWriter[m[K’ to ‘[01m[Kcv::String&[m[K’ {aka ‘[01m[Kstd::__cxx11::basic_string<char>&[m[K’}
[20.733s]  3053 | String& operator << ([01;36m[KString& out[m[K, const Mat& mtx)
[20.734s]       |                      [01;36m[K~~~~~~~~^~~[m[K
[20.734s] In file included from [01m[K/usr/include/opencv4/opencv2/core.hpp:3292[m[K,
[20.735s]                  from [01m[K/usr/include/opencv4/opencv2/opencv.hpp:52[m[K,
[20.736s]                  from [01m[K/home/ubuntu/ros2_ws/src/camera1-2/src/sub_jetson.cpp:3[m[K:
[20.737s] [01m[K/usr/include/opencv4/opencv2/core/cvstd.inl.hpp:77:15:[m[K [01;36m[Knote: [m[Kcandidate: ‘[01m[Kstd::ostream& cv::operator<<(std::ostream&, cv::Ptr<cv::Formatted>)[m[K’
[20.737s]    77 | std::ostream& [01;36m[Koperator[m[K << (std::ostream& out, Ptr<Formatted> fmtd)
[20.738s]       |               [01;36m[K^~~~~~~~[m[K
[20.739s] [01m[K/usr/include/opencv4/opencv2/core/cvstd.inl.hpp:77:42:[m[K [01;36m[Knote: [m[K  no known conversion for argument 1 from ‘[01m[Kcv::VideoWriter[m[K’ to ‘[01m[Kstd::ostream&[m[K’ {aka ‘[01m[Kstd::basic_ostream<char>&[m[K’}
[20.740s]    77 | std::ostream& operator << ([01;36m[Kstd::ostream& out[m[K, Ptr<Formatted> fmtd)
[20.741s]       |                            [01;36m[K~~~~~~~~~~~~~~^~~[m[K
[20.743s] [01m[K/usr/include/opencv4/opencv2/core/cvstd.inl.hpp:86:15:[m[K [01;36m[Knote: [m[Kcandidate: ‘[01m[Kstd::ostream& cv::operator<<(std::ostream&, const cv::Mat&)[m[K’
[20.744s]    86 | std::ostream& [01;36m[Koperator[m[K << (std::ostream& out, const Mat& mtx)
[20.745s]       |               [01;36m[K^~~~~~~~[m[K
[20.746s] [01m[K/usr/include/opencv4/opencv2/core/cvstd.inl.hpp:86:42:[m[K [01;36m[Knote: [m[K  no known conversion for argument 1 from ‘[01m[Kcv::VideoWriter[m[K’ to ‘[01m[Kstd::ostream&[m[K’ {aka ‘[01m[Kstd::basic_ostream<char>&[m[K’}
[20.746s]    86 | std::ostream& operator << ([01;36m[Kstd::ostream& out[m[K, const Mat& mtx)
[20.747s]       |                            [01;36m[K~~~~~~~~~~~~~~^~~[m[K
[20.748s] [01m[K/usr/include/opencv4/opencv2/core/cvstd.inl.hpp:92:15:[m[K [01;36m[Knote: [m[Kcandidate: ‘[01m[Kstd::ostream& cv::operator<<(std::ostream&, const cv::UMat&)[m[K’
[20.749s]    92 | std::ostream& [01;36m[Koperator[m[K << (std::ostream& out, const UMat& m)
[20.749s]       |               [01;36m[K^~~~~~~~[m[K
[20.750s] [01m[K/usr/include/opencv4/opencv2/core/cvstd.inl.hpp:92:42:[m[K [01;36m[Knote: [m[K  no known conversion for argument 1 from ‘[01m[Kcv::VideoWriter[m[K’ to ‘[01m[Kstd::ostream&[m[K’ {aka ‘[01m[Kstd::basic_ostream<char>&[m[K’}
[20.751s]    92 | std::ostream& operator << ([01;36m[Kstd::ostream& out[m[K, const UMat& m)
[20.751s]       |                            [01;36m[K~~~~~~~~~~~~~~^~~[m[K
[20.752s] [01m[K/usr/include/opencv4/opencv2/core/cvstd.inl.hpp:98:15:[m[K [01;36m[Knote: [m[Kcandidate: ‘[01m[Ktemplate<class _Tp> std::ostream& cv::operator<<(std::ostream&, const cv::Complex<_Tp>&)[m[K’
[20.753s]    98 | std::ostream& [01;36m[Koperator[m[K << (std::ostream& out, const Complex<_Tp>& c)
[20.754s]       |               [01;36m[K^~~~~~~~[m[K
[20.754s] [01m[K/usr/include/opencv4/opencv2/core/cvstd.inl.hpp:98:15:[m[K [01;36m[Knote: [m[K  template argument deduction/substitution failed:
[20.755s] [01m[K/home/ubuntu/ros2_ws/src/camera1-2/src/sub_jetson.cpp:34:15:[m[K [01;36m[Knote: [m[K  ‘[01m[Kcv::VideoWriter[m[K’ is not derived from ‘[01m[Kconst cv::Complex<_Tp>[m[K’
[20.756s]    34 |     writer << [01;36m[Koutput_video[m[K;
[20.757s]       |               [01;36m[K^~~~~~~~~~~~[m[K
[20.757s] In file included from [01m[K/usr/include/opencv4/opencv2/core.hpp:3292[m[K,
[20.758s]                  from [01m[K/usr/include/opencv4/opencv2/opencv.hpp:52[m[K,
[20.760s]                  from [01m[K/home/ubuntu/ros2_ws/src/camera1-2/src/sub_jetson.cpp:3[m[K:
[20.761s] [01m[K/usr/include/opencv4/opencv2/core/cvstd.inl.hpp:104:15:[m[K [01;36m[Knote: [m[Kcandidate: ‘[01m[Ktemplate<class _Tp> std::ostream& cv::operator<<(std::ostream&, const std::vector<cv::Point_<_Tp> >&)[m[K’
[20.761s]   104 | std::ostream& [01;36m[Koperator[m[K << (std::ostream& out, const std::vector<Point_<_Tp> >& vec)
[20.762s]       |               [01;36m[K^~~~~~~~[m[K
[20.763s] [01m[K/usr/include/opencv4/opencv2/core/cvstd.inl.hpp:104:15:[m[K [01;36m[Knote: [m[K  template argument deduction/substitution failed:
[20.764s] [01m[K/home/ubuntu/ros2_ws/src/camera1-2/src/sub_jetson.cpp:34:15:[m[K [01;36m[Knote: [m[K  ‘[01m[Kcv::VideoWriter[m[K’ is not derived from ‘[01m[Kconst std::vector<cv::Point_<_Tp> >[m[K’
[20.764s]    34 |     writer << [01;36m[Koutput_video[m[K;
[20.765s]       |               [01;36m[K^~~~~~~~~~~~[m[K
[20.766s] In file included from [01m[K/usr/include/opencv4/opencv2/core.hpp:3292[m[K,
[20.767s]                  from [01m[K/usr/include/opencv4/opencv2/opencv.hpp:52[m[K,
[20.767s]                  from [01m[K/home/ubuntu/ros2_ws/src/camera1-2/src/sub_jetson.cpp:3[m[K:
[20.768s] [01m[K/usr/include/opencv4/opencv2/core/cvstd.inl.hpp:111:15:[m[K [01;36m[Knote: [m[Kcandidate: ‘[01m[Ktemplate<class _Tp> std::ostream& cv::operator<<(std::ostream&, const std::vector<cv::Point3_<_Tp> >&)[m[K’
[20.769s]   111 | std::ostream& [01;36m[Koperator[m[K << (std::ostream& out, const std::vector<Point3_<_Tp> >& vec)
[20.770s]       |               [01;36m[K^~~~~~~~[m[K
[20.770s] [01m[K/usr/include/opencv4/opencv2/core/cvstd.inl.hpp:111:15:[m[K [01;36m[Knote: [m[K  template argument deduction/substitution failed:
[20.771s] [01m[K/home/ubuntu/ros2_ws/src/camera1-2/src/sub_jetson.cpp:34:15:[m[K [01;36m[Knote: [m[K  ‘[01m[Kcv::VideoWriter[m[K’ is not derived from ‘[01m[Kconst std::vector<cv::Point3_<_Tp> >[m[K’
[20.772s]    34 |     writer << [01;36m[Koutput_video[m[K;
[20.773s]       |               [01;36m[K^~~~~~~~~~~~[m[K
[20.773s] In file included from [01m[K/usr/include/opencv4/opencv2/core.hpp:3292[m[K,
[20.774s]                  from [01m[K/usr/include/opencv4/opencv2/opencv.hpp:52[m[K,
[20.775s]                  from [01m[K/home/ubuntu/ros2_ws/src/camera1-2/src/sub_jetson.cpp:3[m[K:
[20.775s] [01m[K/usr/include/opencv4/opencv2/core/cvstd.inl.hpp:118:15:[m[K [01;36m[Knote: [m[Kcandidate: ‘[01m[Ktemplate<class _Tp, int m, int n> std::ostream& cv::operator<<(std::ostream&, const cv::Matx<_Tp, m, n>&)[m[K’
[20.778s]   118 | std::ostream& [01;36m[Koperator[m[K << (std::ostream& out, const Matx<_Tp, m, n>& matx)
[20.778s]       |               [01;36m[K^~~~~~~~[m[K
[20.779s] [01m[K/usr/include/opencv4/opencv2/core/cvstd.inl.hpp:118:15:[m[K [01;36m[Knote: [m[K  template argument deduction/substitution failed:
[20.780s] [01m[K/home/ubuntu/ros2_ws/src/camera1-2/src/sub_jetson.cpp:34:15:[m[K [01;36m[Knote: [m[K  ‘[01m[Kcv::VideoWriter[m[K’ is not derived from ‘[01m[Kconst cv::Matx<_Tp, m, n>[m[K’
[20.781s]    34 |     writer << [01;36m[Koutput_video[m[K;
[20.781s]       |               [01;36m[K^~~~~~~~~~~~[m[K
[20.782s] In file included from [01m[K/usr/include/opencv4/opencv2/core.hpp:3292[m[K,
[20.783s]                  from [01m[K/usr/include/opencv4/opencv2/opencv.hpp:52[m[K,
[20.784s]                  from [01m[K/home/ubuntu/ros2_ws/src/camera1-2/src/sub_jetson.cpp:3[m[K:
[20.785s] [01m[K/usr/include/opencv4/opencv2/core/cvstd.inl.hpp:124:15:[m[K [01;36m[Knote: [m[Kcandidate: ‘[01m[Ktemplate<class _Tp> std::ostream& cv::operator<<(std::ostream&, const cv::Point_<_Tp>&)[m[K’
[20.786s]   124 | std::ostream& [01;36m[Koperator[m[K << (std::ostream& out, const Point_<_Tp>& p)
[20.787s]       |               [01;36m[K^~~~~~~~[m[K
[20.788s] [01m[K/usr/include/opencv4/opencv2/core/cvstd.inl.hpp:124:15:[m[K [01;36m[Knote: [m[K  template argument deduction/substitution failed:
[20.789s] [01m[K/home/ubuntu/ros2_ws/src/camera1-2/src/sub_jetson.cpp:34:15:[m[K [01;36m[Knote: [m[K  ‘[01m[Kcv::VideoWriter[m[K’ is not derived from ‘[01m[Kconst cv::Point_<_Tp>[m[K’
[20.790s]    34 |     writer << [01;36m[Koutput_video[m[K;
[20.790s]       |               [01;36m[K^~~~~~~~~~~~[m[K
[20.791s] In file included from [01m[K/usr/include/opencv4/opencv2/core.hpp:3292[m[K,
[20.792s]                  from [01m[K/usr/include/opencv4/opencv2/opencv.hpp:52[m[K,
[20.793s]                  from [01m[K/home/ubuntu/ros2_ws/src/camera1-2/src/sub_jetson.cpp:3[m[K:
[20.793s] [01m[K/usr/include/opencv4/opencv2/core/cvstd.inl.hpp:131:15:[m[K [01;36m[Knote: [m[Kcandidate: ‘[01m[Ktemplate<class _Tp> std::ostream& cv::operator<<(std::ostream&, const cv::Point3_<_Tp>&)[m[K’
[20.794s]   131 | std::ostream& [01;36m[Koperator[m[K << (std::ostream& out, const Point3_<_Tp>& p)
[20.795s]       |               [01;36m[K^~~~~~~~[m[K
[20.796s] [01m[K/usr/include/opencv4/opencv2/core/cvstd.inl.hpp:131:15:[m[K [01;36m[Knote: [m[K  template argument deduction/substitution failed:
[20.797s] [01m[K/home/ubuntu/ros2_ws/src/camera1-2/src/sub_jetson.cpp:34:15:[m[K [01;36m[Knote: [m[K  ‘[01m[Kcv::VideoWriter[m[K’ is not derived from ‘[01m[Kconst cv::Point3_<_Tp>[m[K’
[20.797s]    34 |     writer << [01;36m[Koutput_video[m[K;
[20.798s]       |               [01;36m[K^~~~~~~~~~~~[m[K
[20.799s] In file included from [01m[K/usr/include/opencv4/opencv2/core.hpp:3292[m[K,
[20.800s]                  from [01m[K/usr/include/opencv4/opencv2/opencv.hpp:52[m[K,
[20.801s]                  from [01m[K/home/ubuntu/ros2_ws/src/camera1-2/src/sub_jetson.cpp:3[m[K:
[20.803s] [01m[K/usr/include/opencv4/opencv2/core/cvstd.inl.hpp:138:15:[m[K [01;36m[Knote: [m[Kcandidate: ‘[01m[Ktemplate<class _Tp, int n> std::ostream& cv::operator<<(std::ostream&, const cv::Vec<_Tp, m>&)[m[K’
[20.804s]   138 | std::ostream& [01;36m[Koperator[m[K << (std::ostream& out, const Vec<_Tp, n>& vec)
[20.805s]       |               [01;36m[K^~~~~~~~[m[K
[20.806s] [01m[K/usr/include/opencv4/opencv2/core/cvstd.inl.hpp:138:15:[m[K [01;36m[Knote: [m[K  template argument deduction/substitution failed:
[20.810s] [01m[K/home/ubuntu/ros2_ws/src/camera1-2/src/sub_jetson.cpp:34:15:[m[K [01;36m[Knote: [m[K  ‘[01m[Kcv::VideoWriter[m[K’ is not derived from ‘[01m[Kconst cv::Vec<_Tp, m>[m[K’
[20.811s]    34 |     writer << [01;36m[Koutput_video[m[K;
[20.812s]       |               [01;36m[K^~~~~~~~~~~~[m[K
[20.813s] In file included from [01m[K/usr/include/opencv4/opencv2/core.hpp:3292[m[K,
[20.814s]                  from [01m[K/usr/include/opencv4/opencv2/opencv.hpp:52[m[K,
[20.814s]                  from [01m[K/home/ubuntu/ros2_ws/src/camera1-2/src/sub_jetson.cpp:3[m[K:
[20.815s] [01m[K/usr/include/opencv4/opencv2/core/cvstd.inl.hpp:160:15:[m[K [01;36m[Knote: [m[Kcandidate: ‘[01m[Ktemplate<class _Tp> std::ostream& cv::operator<<(std::ostream&, const cv::Size_<_Tp>&)[m[K’
[20.816s]   160 | std::ostream& [01;36m[Koperator[m[K << (std::ostream& out, const Size_<_Tp>& size)
[20.817s]       |               [01;36m[K^~~~~~~~[m[K
[20.818s] [01m[K/usr/include/opencv4/opencv2/core/cvstd.inl.hpp:160:15:[m[K [01;36m[Knote: [m[K  template argument deduction/substitution failed:
[20.819s] [01m[K/home/ubuntu/ros2_ws/src/camera1-2/src/sub_jetson.cpp:34:15:[m[K [01;36m[Knote: [m[K  ‘[01m[Kcv::VideoWriter[m[K’ is not derived from ‘[01m[Kconst cv::Size_<_Tp>[m[K’
[20.820s]    34 |     writer << [01;36m[Koutput_video[m[K;
[20.821s]       |               [01;36m[K^~~~~~~~~~~~[m[K
[20.822s] In file included from [01m[K/usr/include/opencv4/opencv2/core.hpp:3292[m[K,
[20.823s]                  from [01m[K/usr/include/opencv4/opencv2/opencv.hpp:52[m[K,
[20.824s]                  from [01m[K/home/ubuntu/ros2_ws/src/camera1-2/src/sub_jetson.cpp:3[m[K:
[20.825s] [01m[K/usr/include/opencv4/opencv2/core/cvstd.inl.hpp:166:15:[m[K [01;36m[Knote: [m[Kcandidate: ‘[01m[Ktemplate<class _Tp> std::ostream& cv::operator<<(std::ostream&, const cv::Rect_<_Tp>&)[m[K’
[20.825s]   166 | std::ostream& [01;36m[Koperator[m[K << (std::ostream& out, const Rect_<_Tp>& rect)
[20.826s]       |               [01;36m[K^~~~~~~~[m[K
[20.827s] [01m[K/usr/include/opencv4/opencv2/core/cvstd.inl.hpp:166:15:[m[K [01;36m[Knote: [m[K  template argument deduction/substitution failed:
[20.828s] [01m[K/home/ubuntu/ros2_ws/src/camera1-2/src/sub_jetson.cpp:34:15:[m[K [01;36m[Knote: [m[K  ‘[01m[Kcv::VideoWriter[m[K’ is not derived from ‘[01m[Kconst cv::Rect_<_Tp>[m[K’
[20.829s]    34 |     writer << [01;36m[Koutput_video[m[K;
[20.830s]       |               [01;36m[K^~~~~~~~~~~~[m[K
[20.830s] In file included from [01m[K/usr/include/opencv4/opencv2/core.hpp:3292[m[K,
[20.831s]                  from [01m[K/usr/include/opencv4/opencv2/opencv.hpp:52[m[K,
[20.832s]                  from [01m[K/home/ubuntu/ros2_ws/src/camera1-2/src/sub_jetson.cpp:3[m[K:
[20.833s] [01m[K/usr/include/opencv4/opencv2/core/cvstd.inl.hpp:171:29:[m[K [01;36m[Knote: [m[Kcandidate: ‘[01m[Kstd::ostream& cv::operator<<(std::ostream&, const cv::MatSize&)[m[K’
[20.834s]   171 | static inline std::ostream& [01;36m[Koperator[m[K << (std::ostream& out, const MatSize& msize)
[20.835s]       |                             [01;36m[K^~~~~~~~[m[K
[20.835s] [01m[K/usr/include/opencv4/opencv2/core/cvstd.inl.hpp:171:56:[m[K [01;36m[Knote: [m[K  no known conversion for argument 1 from ‘[01m[Kcv::VideoWriter[m[K’ to ‘[01m[Kstd::ostream&[m[K’ {aka ‘[01m[Kstd::basic_ostream<char>&[m[K’}
[20.836s]   171 | static inline std::ostream& operator << ([01;36m[Kstd::ostream& out[m[K, const MatSize& msize)
[20.837s]       |                                          [01;36m[K~~~~~~~~~~~~~~^~~[m[K
[20.838s] [01m[K/usr/include/opencv4/opencv2/core/cvstd.inl.hpp:183:29:[m[K [01;36m[Knote: [m[Kcandidate: ‘[01m[Kstd::ostream& cv::operator<<(std::ostream&, cv::Range&)[m[K’
[20.838s]   183 | static inline std::ostream &[01;36m[Koperator[m[K<< (std::ostream &s, cv::Range &r)
[20.839s]       |                             [01;36m[K^~~~~~~~[m[K
[20.840s] [01m[K/usr/include/opencv4/opencv2/core/cvstd.inl.hpp:183:55:[m[K [01;36m[Knote: [m[K  no known conversion for argument 1 from ‘[01m[Kcv::VideoWriter[m[K’ to ‘[01m[Kstd::ostream&[m[K’ {aka ‘[01m[Kstd::basic_ostream<char>&[m[K’}
[20.841s]   183 | static inline std::ostream &operator<< ([01;36m[Kstd::ostream &s[m[K, cv::Range &r)
[20.841s]       |                                         [01;36m[K~~~~~~~~~~~~~~^[m[K
[20.842s] In file included from [01m[K/usr/include/opencv4/opencv2/core.hpp:3293[m[K,
[20.843s]                  from [01m[K/usr/include/opencv4/opencv2/opencv.hpp:52[m[K,
[20.844s]                  from [01m[K/home/ubuntu/ros2_ws/src/camera1-2/src/sub_jetson.cpp:3[m[K:
[20.844s] [01m[K/usr/include/opencv4/opencv2/core/utility.hpp:407:15:[m[K [01;36m[Knote: [m[Kcandidate: ‘[01m[Kstd::ostream& cv::operator<<(std::ostream&, const cv::TickMeter&)[m[K’
[20.845s]   407 | std::ostream& [01;36m[Koperator[m[K << (std::ostream& out, const TickMeter& tm)
[20.846s]       |               [01;36m[K^~~~~~~~[m[K
[20.847s] [01m[K/usr/include/opencv4/opencv2/core/utility.hpp:407:42:[m[K [01;36m[Knote: [m[K  no known conversion for argument 1 from ‘[01m[Kcv::VideoWriter[m[K’ to ‘[01m[Kstd::ostream&[m[K’ {aka ‘[01m[Kstd::basic_ostream<char>&[m[K’}
[20.848s]   407 | std::ostream& operator << ([01;36m[Kstd::ostream& out[m[K, const TickMeter& tm)
[20.849s]       |                            [01;36m[K~~~~~~~~~~~~~~^~~[m[K
[20.850s] [01m[K/home/ubuntu/ros2_ws/src/camera1-2/src/sub_jetson.cpp:[m[K In function ‘[01m[Kint main(int, char**)[m[K’:
[20.850s] [01m[K/home/ubuntu/ros2_ws/src/camera1-2/src/sub_jetson.cpp:54:5:[m[K [01;31m[Kerror: [m[Kexpected ‘[01m[K,[m[K’ or ‘[01m[K;[m[K’ before ‘[01m[Kcv[m[K’
[20.851s]    54 |     [01;31m[Kcv[m[K::VideoWriter outputVideo("output_video.mp4", fourcc, fps, cv::Size(640, 480));
[20.852s]       |     [01;31m[K^~[m[K
[20.853s] [01m[K/home/ubuntu/ros2_ws/src/camera1-2/src/sub_jetson.cpp:52:9:[m[K [01;35m[Kwarning: [m[Kunused variable ‘[01m[Kfourcc[m[K’ [[01;35m[K-Wunused-variable[m[K]
[20.853s]    52 |     int [01;35m[Kfourcc[m[K = cv::VideoWriter::fourcc('m', 'p', '4', 'v');
[20.854s]       |         [01;35m[K^~~~~~[m[K
[20.855s] [01m[K/home/ubuntu/ros2_ws/src/camera1-2/src/sub_jetson.cpp:53:11:[m[K [01;35m[Kwarning: [m[Kunused variable ‘[01m[Kfps[m[K’ [[01;35m[K-Wunused-variable[m[K]
[20.856s]    53 |     float [01;35m[Kfps[m[K = 30
[20.857s]       |           [01;35m[K^~~[m[K
[29.612s] make[2]: *** [CMakeFiles/sub_jetson.dir/build.make:63: CMakeFiles/sub_jetson.dir/src/sub_jetson.cpp.o] Error 1
[29.614s] make[1]: *** [CMakeFiles/Makefile2:109: CMakeFiles/sub_jetson.dir/all] Error 2
[29.616s] make[1]: *** Waiting for unfinished jobs....
[31.708s] [ 66%] [32m[1mLinking CXX executable pub[0m
[33.840s] [ 66%] Built target pub
[37.874s] [ 83%] [32m[1mLinking CXX executable sub_wsl[0m
[40.175s] [ 83%] Built target sub_wsl
[40.179s] make: *** [Makefile:141: all] Error 2
[40.185s] Invoked command in '/home/ubuntu/ros2_ws/build/camera1-2' returned '2': CMAKE_PREFIX_PATH=${CMAKE_PREFIX_PATH}:/opt/ros/foxy /usr/bin/cmake --build /home/ubuntu/ros2_ws/build/camera1-2 -- -j4 -l4
