[0.971s] DEBUG:colcon:Command line arguments: ['/usr/bin/colcon', 'build', '--symlink-install', '--packages-select', 'camera1-2']
[0.972s] DEBUG:colcon:Parsed command line arguments: Namespace(allow_overriding=[], ament_cmake_args=None, base_paths=['.'], build_base='build', catkin_cmake_args=None, catkin_skip_building_tests=False, cmake_args=None, cmake_clean_cache=False, cmake_clean_first=False, cmake_force_configure=False, cmake_target=None, cmake_target_skip_unavailable=False, continue_on_error=False, event_handlers=None, executor='parallel', ignore_user_meta=False, install_base='install', log_base=None, log_level=None, main=<bound method BuildVerb.main of <colcon_core.verb.build.BuildVerb object at 0xffff9f2cad90>>, merge_install=False, metas=['./colcon.meta'], mixin=None, mixin_files=None, mixin_verb=('build',), packages_above=None, packages_above_and_dependencies=None, packages_above_depth=None, packages_end=None, packages_ignore=None, packages_ignore_regex=None, packages_select=['camera1-2'], packages_select_build_failed=False, packages_select_by_dep=None, packages_select_regex=None, packages_select_test_failures=False, packages_skip=None, packages_skip_build_finished=False, packages_skip_by_dep=None, packages_skip_regex=None, packages_skip_test_passed=False, packages_skip_up_to=None, packages_start=None, packages_up_to=None, packages_up_to_regex=None, parallel_workers=4, paths=None, symlink_install=True, test_result_base=None, verb_extension=<colcon_core.verb.build.BuildVerb object at 0xffff9f2cad90>, verb_name='build', verb_parser=<colcon_mixin.mixin.mixin_argument.MixinArgumentDecorator object at 0xffff9f229790>)
[1.853s] Level 1:colcon.colcon_core.package_discovery:discover_packages(colcon_meta) check parameters
[1.854s] Level 1:colcon.colcon_core.package_discovery:discover_packages(recursive) check parameters
[1.854s] Level 1:colcon.colcon_core.package_discovery:discover_packages(ignore) check parameters
[1.854s] Level 1:colcon.colcon_core.package_discovery:discover_packages(path) check parameters
[1.854s] Level 1:colcon.colcon_core.package_discovery:discover_packages(colcon_meta) discover
[1.855s] Level 1:colcon.colcon_core.package_discovery:discover_packages(recursive) discover
[1.855s] INFO:colcon.colcon_core.package_discovery:Crawling recursively for packages in '/home/ubuntu/ros2_ws'
[1.856s] Level 1:colcon.colcon_core.package_identification:_identify(.) by extensions ['ignore', 'ignore_ament_install']
[1.857s] Level 1:colcon.colcon_core.package_identification:_identify(.) by extension 'ignore'
[1.858s] Level 1:colcon.colcon_core.package_identification:_identify(.) by extension 'ignore_ament_install'
[1.858s] Level 1:colcon.colcon_core.package_identification:_identify(.) by extensions ['colcon_pkg']
[1.859s] Level 1:colcon.colcon_core.package_identification:_identify(.) by extension 'colcon_pkg'
[1.859s] Level 1:colcon.colcon_core.package_identification:_identify(.) by extensions ['colcon_meta']
[1.859s] Level 1:colcon.colcon_core.package_identification:_identify(.) by extension 'colcon_meta'
[1.860s] Level 1:colcon.colcon_core.package_identification:_identify(.) by extensions ['ros']
[1.860s] Level 1:colcon.colcon_core.package_identification:_identify(.) by extension 'ros'
[1.910s] Level 1:colcon.colcon_core.package_identification:_identify(.) by extensions ['cmake', 'python']
[1.910s] Level 1:colcon.colcon_core.package_identification:_identify(.) by extension 'cmake'
[1.910s] Level 1:colcon.colcon_core.package_identification:_identify(.) by extension 'python'
[1.910s] Level 1:colcon.colcon_core.package_identification:_identify(.) by extensions ['python_setup_py']
[1.911s] Level 1:colcon.colcon_core.package_identification:_identify(.) by extension 'python_setup_py'
[1.911s] Level 1:colcon.colcon_core.package_identification:_identify(build) by extensions ['ignore', 'ignore_ament_install']
[1.912s] Level 1:colcon.colcon_core.package_identification:_identify(build) by extension 'ignore'
[1.912s] Level 1:colcon.colcon_core.package_identification:_identify(build) ignored
[1.913s] Level 1:colcon.colcon_core.package_identification:_identify(install) by extensions ['ignore', 'ignore_ament_install']
[1.913s] Level 1:colcon.colcon_core.package_identification:_identify(install) by extension 'ignore'
[1.914s] Level 1:colcon.colcon_core.package_identification:_identify(install) ignored
[1.915s] Level 1:colcon.colcon_core.package_identification:_identify(log) by extensions ['ignore', 'ignore_ament_install']
[1.915s] Level 1:colcon.colcon_core.package_identification:_identify(log) by extension 'ignore'
[1.915s] Level 1:colcon.colcon_core.package_identification:_identify(log) ignored
[1.916s] Level 1:colcon.colcon_core.package_identification:_identify(src) by extensions ['ignore', 'ignore_ament_install']
[1.917s] Level 1:colcon.colcon_core.package_identification:_identify(src) by extension 'ignore'
[1.917s] Level 1:colcon.colcon_core.package_identification:_identify(src) by extension 'ignore_ament_install'
[1.917s] Level 1:colcon.colcon_core.package_identification:_identify(src) by extensions ['colcon_pkg']
[1.918s] Level 1:colcon.colcon_core.package_identification:_identify(src) by extension 'colcon_pkg'
[1.918s] Level 1:colcon.colcon_core.package_identification:_identify(src) by extensions ['colcon_meta']
[1.918s] Level 1:colcon.colcon_core.package_identification:_identify(src) by extension 'colcon_meta'
[1.918s] Level 1:colcon.colcon_core.package_identification:_identify(src) by extensions ['ros']
[1.918s] Level 1:colcon.colcon_core.package_identification:_identify(src) by extension 'ros'
[1.919s] Level 1:colcon.colcon_core.package_identification:_identify(src) by extensions ['cmake', 'python']
[1.919s] Level 1:colcon.colcon_core.package_identification:_identify(src) by extension 'cmake'
[1.919s] Level 1:colcon.colcon_core.package_identification:_identify(src) by extension 'python'
[1.919s] Level 1:colcon.colcon_core.package_identification:_identify(src) by extensions ['python_setup_py']
[1.920s] Level 1:colcon.colcon_core.package_identification:_identify(src) by extension 'python_setup_py'
[1.920s] Level 1:colcon.colcon_core.package_identification:_identify(src/camera1-1) by extensions ['ignore', 'ignore_ament_install']
[1.921s] Level 1:colcon.colcon_core.package_identification:_identify(src/camera1-1) by extension 'ignore'
[1.921s] Level 1:colcon.colcon_core.package_identification:_identify(src/camera1-1) by extension 'ignore_ament_install'
[1.921s] Level 1:colcon.colcon_core.package_identification:_identify(src/camera1-1) by extensions ['colcon_pkg']
[1.922s] Level 1:colcon.colcon_core.package_identification:_identify(src/camera1-1) by extension 'colcon_pkg'
[1.922s] Level 1:colcon.colcon_core.package_identification:_identify(src/camera1-1) by extensions ['colcon_meta']
[1.922s] Level 1:colcon.colcon_core.package_identification:_identify(src/camera1-1) by extension 'colcon_meta'
[1.922s] Level 1:colcon.colcon_core.package_identification:_identify(src/camera1-1) by extensions ['ros']
[1.922s] Level 1:colcon.colcon_core.package_identification:_identify(src/camera1-1) by extension 'ros'
[1.934s] DEBUG:colcon.colcon_core.package_identification:Package 'src/camera1-1' with type 'ros.ament_cmake' and name 'camera1-1'
[1.935s] Level 1:colcon.colcon_core.package_identification:_identify(src/camera1-2) by extensions ['ignore', 'ignore_ament_install']
[1.935s] Level 1:colcon.colcon_core.package_identification:_identify(src/camera1-2) by extension 'ignore'
[1.936s] Level 1:colcon.colcon_core.package_identification:_identify(src/camera1-2) by extension 'ignore_ament_install'
[1.936s] Level 1:colcon.colcon_core.package_identification:_identify(src/camera1-2) by extensions ['colcon_pkg']
[1.936s] Level 1:colcon.colcon_core.package_identification:_identify(src/camera1-2) by extension 'colcon_pkg'
[1.936s] Level 1:colcon.colcon_core.package_identification:_identify(src/camera1-2) by extensions ['colcon_meta']
[1.937s] Level 1:colcon.colcon_core.package_identification:_identify(src/camera1-2) by extension 'colcon_meta'
[1.937s] Level 1:colcon.colcon_core.package_identification:_identify(src/camera1-2) by extensions ['ros']
[1.937s] Level 1:colcon.colcon_core.package_identification:_identify(src/camera1-2) by extension 'ros'
[1.941s] DEBUG:colcon.colcon_core.package_identification:Package 'src/camera1-2' with type 'ros.ament_cmake' and name 'camera1-2'
[1.942s] Level 1:colcon.colcon_core.package_identification:_identify(src/camera1-3) by extensions ['ignore', 'ignore_ament_install']
[1.942s] Level 1:colcon.colcon_core.package_identification:_identify(src/camera1-3) by extension 'ignore'
[1.942s] Level 1:colcon.colcon_core.package_identification:_identify(src/camera1-3) by extension 'ignore_ament_install'
[1.943s] Level 1:colcon.colcon_core.package_identification:_identify(src/camera1-3) by extensions ['colcon_pkg']
[1.943s] Level 1:colcon.colcon_core.package_identification:_identify(src/camera1-3) by extension 'colcon_pkg'
[1.943s] Level 1:colcon.colcon_core.package_identification:_identify(src/camera1-3) by extensions ['colcon_meta']
[1.943s] Level 1:colcon.colcon_core.package_identification:_identify(src/camera1-3) by extension 'colcon_meta'
[1.944s] Level 1:colcon.colcon_core.package_identification:_identify(src/camera1-3) by extensions ['ros']
[1.944s] Level 1:colcon.colcon_core.package_identification:_identify(src/camera1-3) by extension 'ros'
[1.947s] DEBUG:colcon.colcon_core.package_identification:Package 'src/camera1-3' with type 'ros.ament_cmake' and name 'camera'
[1.948s] Level 1:colcon.colcon_core.package_discovery:discover_packages(recursive) using defaults
[1.948s] Level 1:colcon.colcon_core.package_discovery:discover_packages(ignore) discover
[1.948s] Level 1:colcon.colcon_core.package_discovery:discover_packages(ignore) using defaults
[1.948s] Level 1:colcon.colcon_core.package_discovery:discover_packages(path) discover
[1.948s] Level 1:colcon.colcon_core.package_discovery:discover_packages(path) using defaults
[2.058s] INFO:colcon.colcon_core.package_selection:Skipping not selected package 'camera' in 'src/camera1-3'
[2.059s] INFO:colcon.colcon_core.package_selection:Skipping not selected package 'camera1-1' in 'src/camera1-1'
[2.061s] Level 1:colcon.colcon_core.package_discovery:discover_packages(prefix_path) check parameters
[2.061s] Level 1:colcon.colcon_core.package_discovery:discover_packages(prefix_path) discover
[2.071s] DEBUG:colcon.colcon_installed_package_information.package_discovery:Found 3 installed packages in /home/ubuntu/ros2_ws/install
[2.079s] DEBUG:colcon.colcon_installed_package_information.package_discovery:Found 256 installed packages in /opt/ros/foxy
[2.086s] Level 1:colcon.colcon_core.package_discovery:discover_packages(prefix_path) using defaults
[2.477s] Level 5:colcon.colcon_core.verb:set package 'camera1-2' build argument 'cmake_args' from command line to 'None'
[2.477s] Level 5:colcon.colcon_core.verb:set package 'camera1-2' build argument 'cmake_target' from command line to 'None'
[2.478s] Level 5:colcon.colcon_core.verb:set package 'camera1-2' build argument 'cmake_target_skip_unavailable' from command line to 'False'
[2.478s] Level 5:colcon.colcon_core.verb:set package 'camera1-2' build argument 'cmake_clean_cache' from command line to 'False'
[2.478s] Level 5:colcon.colcon_core.verb:set package 'camera1-2' build argument 'cmake_clean_first' from command line to 'False'
[2.478s] Level 5:colcon.colcon_core.verb:set package 'camera1-2' build argument 'cmake_force_configure' from command line to 'False'
[2.478s] Level 5:colcon.colcon_core.verb:set package 'camera1-2' build argument 'ament_cmake_args' from command line to 'None'
[2.478s] Level 5:colcon.colcon_core.verb:set package 'camera1-2' build argument 'catkin_cmake_args' from command line to 'None'
[2.478s] Level 5:colcon.colcon_core.verb:set package 'camera1-2' build argument 'catkin_skip_building_tests' from command line to 'False'
[2.478s] DEBUG:colcon.colcon_core.verb:Building package 'camera1-2' with the following arguments: {'ament_cmake_args': None, 'build_base': '/home/ubuntu/ros2_ws/build/camera1-2', 'catkin_cmake_args': None, 'catkin_skip_building_tests': False, 'cmake_args': None, 'cmake_clean_cache': False, 'cmake_clean_first': False, 'cmake_force_configure': False, 'cmake_target': None, 'cmake_target_skip_unavailable': False, 'install_base': '/home/ubuntu/ros2_ws/install/camera1-2', 'merge_install': False, 'path': '/home/ubuntu/ros2_ws/src/camera1-2', 'symlink_install': True, 'test_result_base': None}
[2.479s] INFO:colcon.colcon_core.executor:Executing jobs using 'parallel' executor
[2.483s] DEBUG:colcon.colcon_parallel_executor.executor.parallel:run_until_complete
[2.485s] INFO:colcon.colcon_ros.task.ament_cmake.build:Building ROS package in '/home/ubuntu/ros2_ws/src/camera1-2' with build type 'ament_cmake'
[2.485s] INFO:colcon.colcon_cmake.task.cmake.build:Building CMake package in '/home/ubuntu/ros2_ws/src/camera1-2'
[2.496s] INFO:colcon.colcon_core.plugin_system:Skipping extension 'colcon_core.shell.bat': Not used on non-Windows systems
[2.497s] INFO:colcon.colcon_core.shell:Skip shell extension 'powershell' for command environment: Not usable outside of PowerShell
[2.498s] DEBUG:colcon.colcon_core.shell:Skip shell extension 'dsv' for command environment
[2.539s] DEBUG:colcon.colcon_core.event_handler.log_command:Invoking command in '/home/ubuntu/ros2_ws/build/camera1-2': CMAKE_PREFIX_PATH=${CMAKE_PREFIX_PATH}:/opt/ros/foxy /usr/bin/cmake --build /home/ubuntu/ros2_ws/build/camera1-2 -- -j4 -l4
[32.098s] DEBUG:colcon.colcon_core.event_handler.log_command:Invoked command in '/home/ubuntu/ros2_ws/build/camera1-2' returned '0': CMAKE_PREFIX_PATH=${CMAKE_PREFIX_PATH}:/opt/ros/foxy /usr/bin/cmake --build /home/ubuntu/ros2_ws/build/camera1-2 -- -j4 -l4
[32.146s] DEBUG:colcon.colcon_core.event_handler.log_command:Invoking command in '/home/ubuntu/ros2_ws/build/camera1-2': CMAKE_PREFIX_PATH=${CMAKE_PREFIX_PATH}:/opt/ros/foxy /usr/bin/cmake --install /home/ubuntu/ros2_ws/build/camera1-2
[32.236s] Level 1:colcon.colcon_core.environment:create_environment_scripts_only(camera1-2)
[32.238s] DEBUG:colcon.colcon_core.event_handler.log_command:Invoked command in '/home/ubuntu/ros2_ws/build/camera1-2' returned '0': CMAKE_PREFIX_PATH=${CMAKE_PREFIX_PATH}:/opt/ros/foxy /usr/bin/cmake --install /home/ubuntu/ros2_ws/build/camera1-2
[32.251s] Level 1:colcon.colcon_core.environment:checking '/home/ubuntu/ros2_ws/install/camera1-2' for CMake module files
[32.254s] Level 1:colcon.colcon_core.environment:checking '/home/ubuntu/ros2_ws/install/camera1-2' for CMake config files
[32.257s] Level 1:colcon.colcon_core.shell:create_environment_hook('camera1-2', 'cmake_prefix_path')
[32.258s] INFO:colcon.colcon_core.shell:Creating environment hook '/home/ubuntu/ros2_ws/install/camera1-2/share/camera1-2/hook/cmake_prefix_path.ps1'
[32.261s] INFO:colcon.colcon_core.shell:Creating environment descriptor '/home/ubuntu/ros2_ws/install/camera1-2/share/camera1-2/hook/cmake_prefix_path.dsv'
[32.263s] INFO:colcon.colcon_core.shell:Creating environment hook '/home/ubuntu/ros2_ws/install/camera1-2/share/camera1-2/hook/cmake_prefix_path.sh'
[32.266s] Level 1:colcon.colcon_core.environment:checking '/home/ubuntu/ros2_ws/install/camera1-2/lib'
[32.267s] Level 1:colcon.colcon_core.environment:checking '/home/ubuntu/ros2_ws/install/camera1-2/bin'
[32.267s] Level 1:colcon.colcon_core.environment:checking '/home/ubuntu/ros2_ws/install/camera1-2/lib/pkgconfig/camera1-2.pc'
[32.268s] Level 1:colcon.colcon_core.environment:checking '/home/ubuntu/ros2_ws/install/camera1-2/lib/python3.8/site-packages'
[32.269s] Level 1:colcon.colcon_core.environment:checking '/home/ubuntu/ros2_ws/install/camera1-2/bin'
[32.270s] INFO:colcon.colcon_core.shell:Creating package script '/home/ubuntu/ros2_ws/install/camera1-2/share/camera1-2/package.ps1'
[32.273s] INFO:colcon.colcon_core.shell:Creating package descriptor '/home/ubuntu/ros2_ws/install/camera1-2/share/camera1-2/package.dsv'
[32.275s] INFO:colcon.colcon_core.shell:Creating package script '/home/ubuntu/ros2_ws/install/camera1-2/share/camera1-2/package.sh'
[32.278s] INFO:colcon.colcon_core.shell:Creating package script '/home/ubuntu/ros2_ws/install/camera1-2/share/camera1-2/package.bash'
[32.281s] INFO:colcon.colcon_core.shell:Creating package script '/home/ubuntu/ros2_ws/install/camera1-2/share/camera1-2/package.zsh'
[32.284s] Level 1:colcon.colcon_core.environment:create_file_with_runtime_dependencies(/home/ubuntu/ros2_ws/install/camera1-2/share/colcon-core/packages/camera1-2)
[32.287s] Level 1:colcon.colcon_core.environment:create_environment_scripts_only(camera1-2)
[32.288s] Level 1:colcon.colcon_core.environment:checking '/home/ubuntu/ros2_ws/install/camera1-2' for CMake module files
[32.290s] Level 1:colcon.colcon_core.environment:checking '/home/ubuntu/ros2_ws/install/camera1-2' for CMake config files
[32.293s] Level 1:colcon.colcon_core.shell:create_environment_hook('camera1-2', 'cmake_prefix_path')
[32.294s] INFO:colcon.colcon_core.shell:Creating environment hook '/home/ubuntu/ros2_ws/install/camera1-2/share/camera1-2/hook/cmake_prefix_path.ps1'
[32.296s] INFO:colcon.colcon_core.shell:Creating environment descriptor '/home/ubuntu/ros2_ws/install/camera1-2/share/camera1-2/hook/cmake_prefix_path.dsv'
[32.298s] INFO:colcon.colcon_core.shell:Creating environment hook '/home/ubuntu/ros2_ws/install/camera1-2/share/camera1-2/hook/cmake_prefix_path.sh'
[32.300s] Level 1:colcon.colcon_core.environment:checking '/home/ubuntu/ros2_ws/install/camera1-2/lib'
[32.301s] Level 1:colcon.colcon_core.environment:checking '/home/ubuntu/ros2_ws/install/camera1-2/bin'
[32.301s] Level 1:colcon.colcon_core.environment:checking '/home/ubuntu/ros2_ws/install/camera1-2/lib/pkgconfig/camera1-2.pc'
[32.301s] Level 1:colcon.colcon_core.environment:checking '/home/ubuntu/ros2_ws/install/camera1-2/lib/python3.8/site-packages'
[32.302s] Level 1:colcon.colcon_core.environment:checking '/home/ubuntu/ros2_ws/install/camera1-2/bin'
[32.303s] INFO:colcon.colcon_core.shell:Creating package script '/home/ubuntu/ros2_ws/install/camera1-2/share/camera1-2/package.ps1'
[32.306s] INFO:colcon.colcon_core.shell:Creating package descriptor '/home/ubuntu/ros2_ws/install/camera1-2/share/camera1-2/package.dsv'
[32.308s] INFO:colcon.colcon_core.shell:Creating package script '/home/ubuntu/ros2_ws/install/camera1-2/share/camera1-2/package.sh'
[32.310s] INFO:colcon.colcon_core.shell:Creating package script '/home/ubuntu/ros2_ws/install/camera1-2/share/camera1-2/package.bash'
[32.312s] INFO:colcon.colcon_core.shell:Creating package script '/home/ubuntu/ros2_ws/install/camera1-2/share/camera1-2/package.zsh'
[32.314s] Level 1:colcon.colcon_core.environment:create_file_with_runtime_dependencies(/home/ubuntu/ros2_ws/install/camera1-2/share/colcon-core/packages/camera1-2)
[32.315s] DEBUG:colcon.colcon_parallel_executor.executor.parallel:closing loop
[32.316s] DEBUG:colcon.colcon_parallel_executor.executor.parallel:loop closed
[32.316s] DEBUG:colcon.colcon_parallel_executor.executor.parallel:run_until_complete finished with '0'
[32.317s] DEBUG:colcon.colcon_core.event_reactor:joining thread
[32.339s] INFO:colcon.colcon_core.plugin_system:Skipping extension 'colcon_notification.desktop_notification.notify_send': Could not find 'notify-send'
[32.339s] INFO:colcon.colcon_core.plugin_system:Skipping extension 'colcon_notification.desktop_notification.terminal_notifier': Not used on non-Darwin systems
[32.340s] INFO:colcon.colcon_core.plugin_system:Skipping extension 'colcon_notification.desktop_notification.win32': Not used on non-Windows systems
[32.340s] INFO:colcon.colcon_notification.desktop_notification:Sending desktop notification using 'notify2'
[32.342s] DEBUG:colcon.colcon_notification.desktop_notification.notify2:Failed to initialize notify2: org.freedesktop.DBus.Error.ServiceUnknown: The name org.freedesktop.Notifications was not provided by any .service files
[32.343s] DEBUG:colcon.colcon_core.event_reactor:joined thread
[32.344s] INFO:colcon.colcon_core.shell:Creating prefix script '/home/ubuntu/ros2_ws/install/local_setup.ps1'
[32.347s] INFO:colcon.colcon_core.shell:Creating prefix util module '/home/ubuntu/ros2_ws/install/_local_setup_util_ps1.py'
[32.354s] INFO:colcon.colcon_core.shell:Creating prefix chain script '/home/ubuntu/ros2_ws/install/setup.ps1'
[32.360s] INFO:colcon.colcon_core.shell:Creating prefix script '/home/ubuntu/ros2_ws/install/local_setup.sh'
[32.363s] INFO:colcon.colcon_core.shell:Creating prefix util module '/home/ubuntu/ros2_ws/install/_local_setup_util_sh.py'
[32.366s] INFO:colcon.colcon_core.shell:Creating prefix chain script '/home/ubuntu/ros2_ws/install/setup.sh'
[32.370s] INFO:colcon.colcon_core.shell:Creating prefix script '/home/ubuntu/ros2_ws/install/local_setup.bash'
[32.373s] INFO:colcon.colcon_core.shell:Creating prefix chain script '/home/ubuntu/ros2_ws/install/setup.bash'
[32.377s] INFO:colcon.colcon_core.shell:Creating prefix script '/home/ubuntu/ros2_ws/install/local_setup.zsh'
[32.379s] INFO:colcon.colcon_core.shell:Creating prefix chain script '/home/ubuntu/ros2_ws/install/setup.zsh'
