[0.041s] Invoking command in '/home/ubuntu/ros2_ws/build/camera1-1': CMAKE_PREFIX_PATH=${CMAKE_PREFIX_PATH}:/opt/ros/foxy /usr/bin/cmake /home/ubuntu/ros2_ws/src/camera1-1 -DAMENT_CMAKE_SYMLINK_INSTALL=1 -DCMAKE_INSTALL_PREFIX=/home/ubuntu/ros2_ws/install/camera1-1
[0.281s] -- The C compiler identification is GNU 9.4.0
[0.490s] -- The CXX compiler identification is GNU 9.4.0
[0.508s] -- Check for working C compiler: /usr/bin/cc
[0.807s] -- Check for working C compiler: /usr/bin/cc -- works
[0.810s] -- Detecting C compiler ABI info
[1.088s] -- Detecting C compiler ABI info - done
[1.124s] -- Detecting C compile features
[1.125s] -- Detecting C compile features - done
[1.133s] -- Check for working CXX compiler: /usr/bin/c++
[1.443s] -- Check for working CXX compiler: /usr/bin/c++ -- works
[1.447s] -- Detecting CXX compiler ABI info
[1.760s] -- Detecting CXX compiler ABI info - done
[1.798s] -- Detecting CXX compile features
[1.800s] -- Detecting CXX compile features - done
[1.820s] -- Found ament_cmake: 0.9.12 (/opt/ros/foxy/share/ament_cmake/cmake)
[1.932s] -- Found PythonInterp: /usr/bin/python3 (found suitable version "3.8.10", minimum required is "3") 
[1.933s] -- Using PYTHON_EXECUTABLE: /usr/bin/python3
[2.638s] -- Override CMake install command with custom implementation using symlinks instead of copying resources
[2.835s] -- Found rclcpp: 2.4.3 (/opt/ros/foxy/share/rclcpp/cmake)
[3.110s] -- Using all available rosidl_typesupport_c: rosidl_typesupport_fastrtps_c;rosidl_typesupport_introspection_c
[3.158s] -- Found rosidl_adapter: 1.3.1 (/opt/ros/foxy/share/rosidl_adapter/cmake)
[3.686s] -- Found OpenSSL: /usr/lib/aarch64-linux-gnu/libcrypto.so (found version "1.1.1f")  
[3.900s] -- Found FastRTPS: /opt/ros/foxy/include  
[4.408s] -- Using all available rosidl_typesupport_cpp: rosidl_typesupport_fastrtps_cpp;rosidl_typesupport_introspection_cpp
[4.659s] -- Found rmw_implementation_cmake: 1.0.4 (/opt/ros/foxy/share/rmw_implementation_cmake/cmake)
[4.664s] -- Using RMW implementation 'rmw_fastrtps_cpp' as default
[4.667s] -- Looking for pthread.h
[4.958s] -- Looking for pthread.h - found
[4.959s] -- Performing Test CMAKE_HAVE_LIBC_PTHREAD
[5.250s] -- Performing Test CMAKE_HAVE_LIBC_PTHREAD - Failed
[5.251s] -- Looking for pthread_create in pthreads
[5.489s] -- Looking for pthread_create in pthreads - not found
[5.489s] -- Looking for pthread_create in pthread
[5.787s] -- Looking for pthread_create in pthread - found
[5.791s] -- Found Threads: TRUE  
[6.396s] -- Found sensor_msgs: 2.0.5 (/opt/ros/foxy/share/sensor_msgs/cmake)
[6.821s] -- Found cv_bridge: 3.0.7 (/opt/ros/foxy/share/cv_bridge/cmake)
[6.941s] -- Found OpenCV: /usr (found version "4.2.0") 
[7.278s] -- Configuring done
[7.400s] -- Generating done
[7.472s] -- Build files have been written to: /home/ubuntu/ros2_ws/build/camera1-1
[7.504s] Invoked command in '/home/ubuntu/ros2_ws/build/camera1-1' returned '0': CMAKE_PREFIX_PATH=${CMAKE_PREFIX_PATH}:/opt/ros/foxy /usr/bin/cmake /home/ubuntu/ros2_ws/src/camera1-1 -DAMENT_CMAKE_SYMLINK_INSTALL=1 -DCMAKE_INSTALL_PREFIX=/home/ubuntu/ros2_ws/install/camera1-1
[7.514s] Invoking command in '/home/ubuntu/ros2_ws/build/camera1-1': CMAKE_PREFIX_PATH=${CMAKE_PREFIX_PATH}:/opt/ros/foxy /usr/bin/cmake --build /home/ubuntu/ros2_ws/build/camera1-1 -- -j4 -l4
[7.678s] [35m[1mScanning dependencies of target sub_wsl[0m
[7.679s] [35m[1mScanning dependencies of target sub_jetson[0m
[7.680s] [35m[1mScanning dependencies of target pub[0m
[7.919s] [ 16%] [32mBuilding CXX object CMakeFiles/sub_wsl.dir/src/sub_wsl.cpp.o[0m
[7.931s] [ 33%] [32mBuilding CXX object CMakeFiles/sub_jetson.dir/src/sub_jetson.cpp.o[0m
[7.942s] [ 50%] [32mBuilding CXX object CMakeFiles/pub.dir/src/pub.cpp.o[0m
[31.310s] [ 66%] [32m[1mLinking CXX executable pub[0m
[33.688s] [ 66%] Built target pub
[38.604s] [ 83%] [32m[1mLinking CXX executable sub_wsl[0m
[38.612s] [100%] [32m[1mLinking CXX executable sub_jetson[0m
[41.383s] [100%] Built target sub_wsl
[41.449s] [100%] Built target sub_jetson
[41.489s] Invoked command in '/home/ubuntu/ros2_ws/build/camera1-1' returned '0': CMAKE_PREFIX_PATH=${CMAKE_PREFIX_PATH}:/opt/ros/foxy /usr/bin/cmake --build /home/ubuntu/ros2_ws/build/camera1-1 -- -j4 -l4
[41.537s] Invoking command in '/home/ubuntu/ros2_ws/build/camera1-1': CMAKE_PREFIX_PATH=${CMAKE_PREFIX_PATH}:/opt/ros/foxy /usr/bin/cmake --install /home/ubuntu/ros2_ws/build/camera1-1
[41.568s] -- Install configuration: ""
[41.570s] -- Execute custom install script
[41.572s] -- Symlinking: /home/ubuntu/ros2_ws/install/camera1-1/lib/camera1-1/pub
[41.605s] -- Symlinking: /home/ubuntu/ros2_ws/install/camera1-1/lib/camera1-1/sub_jetson
[41.638s] -- Symlinking: /home/ubuntu/ros2_ws/install/camera1-1/lib/camera1-1/sub_wsl
[41.670s] -- Symlinking: /home/ubuntu/ros2_ws/install/camera1-1/share/ament_index/resource_index/package_run_dependencies/camera1-1
[41.703s] -- Symlinking: /home/ubuntu/ros2_ws/install/camera1-1/share/ament_index/resource_index/parent_prefix_path/camera1-1
[41.736s] -- Symlinking: /home/ubuntu/ros2_ws/install/camera1-1/share/camera1-1/environment/ament_prefix_path.sh
[41.769s] -- Symlinking: /home/ubuntu/ros2_ws/install/camera1-1/share/camera1-1/environment/ament_prefix_path.dsv
[41.803s] -- Symlinking: /home/ubuntu/ros2_ws/install/camera1-1/share/camera1-1/environment/path.sh
[41.835s] -- Symlinking: /home/ubuntu/ros2_ws/install/camera1-1/share/camera1-1/environment/path.dsv
[41.870s] -- Symlinking: /home/ubuntu/ros2_ws/install/camera1-1/share/camera1-1/local_setup.bash
[41.903s] -- Symlinking: /home/ubuntu/ros2_ws/install/camera1-1/share/camera1-1/local_setup.sh
[41.936s] -- Symlinking: /home/ubuntu/ros2_ws/install/camera1-1/share/camera1-1/local_setup.zsh
[41.970s] -- Symlinking: /home/ubuntu/ros2_ws/install/camera1-1/share/camera1-1/local_setup.dsv
[42.002s] -- Symlinking: /home/ubuntu/ros2_ws/install/camera1-1/share/camera1-1/package.dsv
[42.035s] -- Symlinking: /home/ubuntu/ros2_ws/install/camera1-1/share/ament_index/resource_index/packages/camera1-1
[42.068s] -- Symlinking: /home/ubuntu/ros2_ws/install/camera1-1/share/camera1-1/cmake/camera1-1Config.cmake
[42.099s] -- Symlinking: /home/ubuntu/ros2_ws/install/camera1-1/share/camera1-1/cmake/camera1-1Config-version.cmake
[42.132s] -- Symlinking: /home/ubuntu/ros2_ws/install/camera1-1/share/camera1-1/package.xml
[42.169s] Invoked command in '/home/ubuntu/ros2_ws/build/camera1-1' returned '0': CMAKE_PREFIX_PATH=${CMAKE_PREFIX_PATH}:/opt/ros/foxy /usr/bin/cmake --install /home/ubuntu/ros2_ws/build/camera1-1
