[0.068s] Invoking command in '/home/ubuntu/ros2_ws/build/camera1-3': CMAKE_PREFIX_PATH=${CMAKE_PREFIX_PATH}:/opt/ros/foxy /usr/bin/cmake /home/ubuntu/ros2_ws/src/camera1-3 -DAMENT_CMAKE_SYMLINK_INSTALL=1 -DCMAKE_INSTALL_PREFIX=/home/ubuntu/ros2_ws/install/camera1-3
[0.515s] -- The C compiler identification is GNU 9.4.0
[0.785s] -- The CXX compiler identification is GNU 9.4.0
[0.820s] -- Check for working C compiler: /usr/bin/cc
[1.172s] -- Check for working C compiler: /usr/bin/cc -- works
[1.179s] -- Detecting C compiler ABI info
[1.495s] -- Detecting C compiler ABI info - done
[1.539s] -- Detecting C compile features
[1.541s] -- Detecting C compile features - done
[1.556s] -- Check for working CXX compiler: /usr/bin/c++
[1.923s] -- Check for working CXX compiler: /usr/bin/c++ -- works
[1.928s] -- Detecting CXX compiler ABI info
[2.318s] -- Detecting CXX compiler ABI info - done
[2.368s] -- Detecting CXX compile features
[2.372s] -- Detecting CXX compile features - done
[2.413s] -- Found ament_cmake: 0.9.12 (/opt/ros/foxy/share/ament_cmake/cmake)
[2.637s] -- Found PythonInterp: /usr/bin/python3 (found suitable version "3.8.10", minimum required is "3") 
[2.638s] -- Using PYTHON_EXECUTABLE: /usr/bin/python3
[4.251s] -- Override CMake install command with custom implementation using symlinks instead of copying resources
[6.044s] -- Found rclcpp: 2.4.3 (/opt/ros/foxy/share/rclcpp/cmake)
[6.609s] -- Using all available rosidl_typesupport_c: rosidl_typesupport_fastrtps_c;rosidl_typesupport_introspection_c
[6.750s] -- Found rosidl_adapter: 1.3.1 (/opt/ros/foxy/share/rosidl_adapter/cmake)
[7.478s] -- Found OpenSSL: /usr/lib/aarch64-linux-gnu/libcrypto.so (found version "1.1.1f")  
[7.758s] -- Found FastRTPS: /opt/ros/foxy/include  
[8.696s] -- Using all available rosidl_typesupport_cpp: rosidl_typesupport_fastrtps_cpp;rosidl_typesupport_introspection_cpp
[9.155s] -- Found rmw_implementation_cmake: 1.0.4 (/opt/ros/foxy/share/rmw_implementation_cmake/cmake)
[9.167s] -- Using RMW implementation 'rmw_fastrtps_cpp' as default
[9.176s] -- Looking for pthread.h
[9.516s] -- Looking for pthread.h - found
[9.517s] -- Performing Test CMAKE_HAVE_LIBC_PTHREAD
[9.863s] -- Performing Test CMAKE_HAVE_LIBC_PTHREAD - Failed
[9.864s] -- Looking for pthread_create in pthreads
[10.132s] -- Looking for pthread_create in pthreads - not found
[10.134s] -- Looking for pthread_create in pthread
[10.636s] -- Looking for pthread_create in pthread - found
[10.641s] -- Found Threads: TRUE  
[18.307s] -- Found sensor_msgs: 2.0.5 (/opt/ros/foxy/share/sensor_msgs/cmake)
[18.806s] -- Found cv_bridge: 3.0.7 (/opt/ros/foxy/share/cv_bridge/cmake)
[18.950s] -- Found OpenCV: /usr (found version "4.2.0") 
[19.342s] -- Configuring done
[19.480s] -- Generating done
[19.557s] -- Build files have been written to: /home/ubuntu/ros2_ws/build/camera1-3
[19.593s] Invoked command in '/home/ubuntu/ros2_ws/build/camera1-3' returned '0': CMAKE_PREFIX_PATH=${CMAKE_PREFIX_PATH}:/opt/ros/foxy /usr/bin/cmake /home/ubuntu/ros2_ws/src/camera1-3 -DAMENT_CMAKE_SYMLINK_INSTALL=1 -DCMAKE_INSTALL_PREFIX=/home/ubuntu/ros2_ws/install/camera1-3
[19.603s] Invoking command in '/home/ubuntu/ros2_ws/build/camera1-3': CMAKE_PREFIX_PATH=${CMAKE_PREFIX_PATH}:/opt/ros/foxy /usr/bin/cmake --build /home/ubuntu/ros2_ws/build/camera1-3 -- -j4 -l4
[19.771s] [35m[1mScanning dependencies of target sub_jetson[0m
[19.772s] [35m[1mScanning dependencies of target sub_wsl[0m
[19.775s] [35m[1mScanning dependencies of target pub[0m
[20.047s] [ 16%] [32mBuilding CXX object CMakeFiles/sub_wsl.dir/src/sub_wsl.cpp.o[0m
[20.050s] [ 33%] [32mBuilding CXX object CMakeFiles/sub_jetson.dir/src/sub_jetson.cpp.o[0m
[20.085s] [ 50%] [32mBuilding CXX object CMakeFiles/pub.dir/src/pub.cpp.o[0m
[51.594s] [ 66%] [32m[1mLinking CXX executable pub[0m
[55.429s] [ 66%] Built target pub
[58.365s] [ 83%] [32m[1mLinking CXX executable sub_jetson[0m
[61.238s] [100%] [32m[1mLinking CXX executable sub_wsl[0m
[61.280s] [100%] Built target sub_jetson
[63.789s] [100%] Built target sub_wsl
[63.830s] Invoked command in '/home/ubuntu/ros2_ws/build/camera1-3' returned '0': CMAKE_PREFIX_PATH=${CMAKE_PREFIX_PATH}:/opt/ros/foxy /usr/bin/cmake --build /home/ubuntu/ros2_ws/build/camera1-3 -- -j4 -l4
[63.876s] Invoking command in '/home/ubuntu/ros2_ws/build/camera1-3': CMAKE_PREFIX_PATH=${CMAKE_PREFIX_PATH}:/opt/ros/foxy /usr/bin/cmake --install /home/ubuntu/ros2_ws/build/camera1-3
[63.906s] -- Install configuration: ""
[63.907s] -- Execute custom install script
[63.909s] -- Symlinking: /home/ubuntu/ros2_ws/install/camera1-3/lib/camera1-3/pub
[63.943s] -- Symlinking: /home/ubuntu/ros2_ws/install/camera1-3/lib/camera1-3/sub_jetson
[63.977s] -- Symlinking: /home/ubuntu/ros2_ws/install/camera1-3/lib/camera1-3/sub_wsl
[64.011s] -- Symlinking: /home/ubuntu/ros2_ws/install/camera1-3/share/ament_index/resource_index/package_run_dependencies/camera1-3
[64.046s] -- Symlinking: /home/ubuntu/ros2_ws/install/camera1-3/share/ament_index/resource_index/parent_prefix_path/camera1-3
[64.081s] -- Symlinking: /home/ubuntu/ros2_ws/install/camera1-3/share/camera1-3/environment/ament_prefix_path.sh
[64.116s] -- Symlinking: /home/ubuntu/ros2_ws/install/camera1-3/share/camera1-3/environment/ament_prefix_path.dsv
[64.149s] -- Symlinking: /home/ubuntu/ros2_ws/install/camera1-3/share/camera1-3/environment/path.sh
[64.184s] -- Symlinking: /home/ubuntu/ros2_ws/install/camera1-3/share/camera1-3/environment/path.dsv
[64.218s] -- Symlinking: /home/ubuntu/ros2_ws/install/camera1-3/share/camera1-3/local_setup.bash
[64.252s] -- Symlinking: /home/ubuntu/ros2_ws/install/camera1-3/share/camera1-3/local_setup.sh
[64.286s] -- Symlinking: /home/ubuntu/ros2_ws/install/camera1-3/share/camera1-3/local_setup.zsh
[64.321s] -- Symlinking: /home/ubuntu/ros2_ws/install/camera1-3/share/camera1-3/local_setup.dsv
[64.355s] -- Symlinking: /home/ubuntu/ros2_ws/install/camera1-3/share/camera1-3/package.dsv
[64.390s] -- Symlinking: /home/ubuntu/ros2_ws/install/camera1-3/share/ament_index/resource_index/packages/camera1-3
[64.431s] -- Symlinking: /home/ubuntu/ros2_ws/install/camera1-3/share/camera1-3/cmake/camera1-3Config.cmake
[64.466s] -- Symlinking: /home/ubuntu/ros2_ws/install/camera1-3/share/camera1-3/cmake/camera1-3Config-version.cmake
[64.501s] -- Symlinking: /home/ubuntu/ros2_ws/install/camera1-3/share/camera1-3/package.xml
[64.544s] Invoked command in '/home/ubuntu/ros2_ws/build/camera1-3' returned '0': CMAKE_PREFIX_PATH=${CMAKE_PREFIX_PATH}:/opt/ros/foxy /usr/bin/cmake --install /home/ubuntu/ros2_ws/build/camera1-3
