[0.256s] DEBUG:colcon:Command line arguments: ['/usr/bin/colcon', 'build', '--symlink-install', '--packages-select', 'pub2-2']
[0.256s] DEBUG:colcon:Parsed command line arguments: Namespace(allow_overriding=[], ament_cmake_args=None, base_paths=['.'], build_base='build', catkin_cmake_args=None, catkin_skip_building_tests=False, cmake_args=None, cmake_clean_cache=False, cmake_clean_first=False, cmake_force_configure=False, cmake_target=None, cmake_target_skip_unavailable=False, continue_on_error=False, event_handlers=None, executor='parallel', ignore_user_meta=False, install_base='install', log_base=None, log_level=None, main=<bound method BuildVerb.main of <colcon_core.verb.build.BuildVerb object at 0x7f3aa6d77070>>, merge_install=False, metas=['./colcon.meta'], packages_above=None, packages_above_and_dependencies=None, packages_above_depth=None, packages_end=None, packages_ignore=None, packages_ignore_regex=None, packages_select=['pub2-2'], packages_select_build_failed=False, packages_select_by_dep=None, packages_select_regex=None, packages_select_test_failures=False, packages_skip=None, packages_skip_build_finished=False, packages_skip_by_dep=None, packages_skip_regex=None, packages_skip_test_passed=False, packages_skip_up_to=None, packages_start=None, packages_up_to=None, packages_up_to_regex=None, parallel_workers=16, paths=None, symlink_install=True, test_result_base=None, verb_extension=<colcon_core.verb.build.BuildVerb object at 0x7f3aa6d77070>, verb_name='build', verb_parser=<colcon_defaults.argument_parser.defaults.DefaultArgumentsDecorator object at 0x7f3aa6c15af0>)
[0.383s] Level 1:colcon.colcon_core.package_discovery:discover_packages(colcon_meta) check parameters
[0.383s] Level 1:colcon.colcon_core.package_discovery:discover_packages(recursive) check parameters
[0.383s] Level 1:colcon.colcon_core.package_discovery:discover_packages(ignore) check parameters
[0.383s] Level 1:colcon.colcon_core.package_discovery:discover_packages(path) check parameters
[0.383s] Level 1:colcon.colcon_core.package_discovery:discover_packages(colcon_meta) discover
[0.383s] Level 1:colcon.colcon_core.package_discovery:discover_packages(recursive) discover
[0.383s] INFO:colcon.colcon_core.package_discovery:Crawling recursively for packages in '/home/linux/ros2_ws/src'
[0.383s] Level 1:colcon.colcon_core.package_identification:_identify(.) by extensions ['ignore', 'ignore_ament_install']
[0.383s] Level 1:colcon.colcon_core.package_identification:_identify(.) by extension 'ignore'
[0.383s] Level 1:colcon.colcon_core.package_identification:_identify(.) by extension 'ignore_ament_install'
[0.383s] Level 1:colcon.colcon_core.package_identification:_identify(.) by extensions ['colcon_pkg']
[0.383s] Level 1:colcon.colcon_core.package_identification:_identify(.) by extension 'colcon_pkg'
[0.383s] Level 1:colcon.colcon_core.package_identification:_identify(.) by extensions ['colcon_meta']
[0.383s] Level 1:colcon.colcon_core.package_identification:_identify(.) by extension 'colcon_meta'
[0.383s] Level 1:colcon.colcon_core.package_identification:_identify(.) by extensions ['ros']
[0.383s] Level 1:colcon.colcon_core.package_identification:_identify(.) by extension 'ros'
[0.393s] Level 1:colcon.colcon_core.package_identification:_identify(.) by extensions ['cmake', 'python']
[0.393s] Level 1:colcon.colcon_core.package_identification:_identify(.) by extension 'cmake'
[0.393s] Level 1:colcon.colcon_core.package_identification:_identify(.) by extension 'python'
[0.393s] Level 1:colcon.colcon_core.package_identification:_identify(.) by extensions ['python_setup_py']
[0.393s] Level 1:colcon.colcon_core.package_identification:_identify(.) by extension 'python_setup_py'
[0.393s] Level 1:colcon.colcon_core.package_identification:_identify(build) by extensions ['ignore', 'ignore_ament_install']
[0.394s] Level 1:colcon.colcon_core.package_identification:_identify(build) by extension 'ignore'
[0.394s] Level 1:colcon.colcon_core.package_identification:_identify(build) ignored
[0.394s] Level 1:colcon.colcon_core.package_identification:_identify(install) by extensions ['ignore', 'ignore_ament_install']
[0.394s] Level 1:colcon.colcon_core.package_identification:_identify(install) by extension 'ignore'
[0.394s] Level 1:colcon.colcon_core.package_identification:_identify(install) ignored
[0.394s] Level 1:colcon.colcon_core.package_identification:_identify(log) by extensions ['ignore', 'ignore_ament_install']
[0.394s] Level 1:colcon.colcon_core.package_identification:_identify(log) by extension 'ignore'
[0.394s] Level 1:colcon.colcon_core.package_identification:_identify(log) ignored
[0.394s] Level 1:colcon.colcon_core.package_identification:_identify(pub1-1) by extensions ['ignore', 'ignore_ament_install']
[0.394s] Level 1:colcon.colcon_core.package_identification:_identify(pub1-1) by extension 'ignore'
[0.394s] Level 1:colcon.colcon_core.package_identification:_identify(pub1-1) by extension 'ignore_ament_install'
[0.394s] Level 1:colcon.colcon_core.package_identification:_identify(pub1-1) by extensions ['colcon_pkg']
[0.394s] Level 1:colcon.colcon_core.package_identification:_identify(pub1-1) by extension 'colcon_pkg'
[0.394s] Level 1:colcon.colcon_core.package_identification:_identify(pub1-1) by extensions ['colcon_meta']
[0.394s] Level 1:colcon.colcon_core.package_identification:_identify(pub1-1) by extension 'colcon_meta'
[0.394s] Level 1:colcon.colcon_core.package_identification:_identify(pub1-1) by extensions ['ros']
[0.394s] Level 1:colcon.colcon_core.package_identification:_identify(pub1-1) by extension 'ros'
[0.396s] DEBUG:colcon.colcon_core.package_identification:Package 'pub1-1' with type 'ros.ament_cmake' and name 'pub1-1'
[0.397s] Level 1:colcon.colcon_core.package_identification:_identify(pub1-2) by extensions ['ignore', 'ignore_ament_install']
[0.397s] Level 1:colcon.colcon_core.package_identification:_identify(pub1-2) by extension 'ignore'
[0.397s] Level 1:colcon.colcon_core.package_identification:_identify(pub1-2) by extension 'ignore_ament_install'
[0.397s] Level 1:colcon.colcon_core.package_identification:_identify(pub1-2) by extensions ['colcon_pkg']
[0.397s] Level 1:colcon.colcon_core.package_identification:_identify(pub1-2) by extension 'colcon_pkg'
[0.397s] Level 1:colcon.colcon_core.package_identification:_identify(pub1-2) by extensions ['colcon_meta']
[0.397s] Level 1:colcon.colcon_core.package_identification:_identify(pub1-2) by extension 'colcon_meta'
[0.397s] Level 1:colcon.colcon_core.package_identification:_identify(pub1-2) by extensions ['ros']
[0.397s] Level 1:colcon.colcon_core.package_identification:_identify(pub1-2) by extension 'ros'
[0.397s] DEBUG:colcon.colcon_core.package_identification:Package 'pub1-2' with type 'ros.ament_cmake' and name 'pub1-2'
[0.397s] Level 1:colcon.colcon_core.package_identification:_identify(pub1-3) by extensions ['ignore', 'ignore_ament_install']
[0.397s] Level 1:colcon.colcon_core.package_identification:_identify(pub1-3) by extension 'ignore'
[0.397s] Level 1:colcon.colcon_core.package_identification:_identify(pub1-3) by extension 'ignore_ament_install'
[0.397s] Level 1:colcon.colcon_core.package_identification:_identify(pub1-3) by extensions ['colcon_pkg']
[0.398s] Level 1:colcon.colcon_core.package_identification:_identify(pub1-3) by extension 'colcon_pkg'
[0.398s] Level 1:colcon.colcon_core.package_identification:_identify(pub1-3) by extensions ['colcon_meta']
[0.398s] Level 1:colcon.colcon_core.package_identification:_identify(pub1-3) by extension 'colcon_meta'
[0.398s] Level 1:colcon.colcon_core.package_identification:_identify(pub1-3) by extensions ['ros']
[0.398s] Level 1:colcon.colcon_core.package_identification:_identify(pub1-3) by extension 'ros'
[0.398s] DEBUG:colcon.colcon_core.package_identification:Package 'pub1-3' with type 'ros.ament_cmake' and name 'pub1-3'
[0.398s] Level 1:colcon.colcon_core.package_identification:_identify(pub2) by extensions ['ignore', 'ignore_ament_install']
[0.398s] Level 1:colcon.colcon_core.package_identification:_identify(pub2) by extension 'ignore'
[0.398s] Level 1:colcon.colcon_core.package_identification:_identify(pub2) by extension 'ignore_ament_install'
[0.398s] Level 1:colcon.colcon_core.package_identification:_identify(pub2) by extensions ['colcon_pkg']
[0.398s] Level 1:colcon.colcon_core.package_identification:_identify(pub2) by extension 'colcon_pkg'
[0.398s] Level 1:colcon.colcon_core.package_identification:_identify(pub2) by extensions ['colcon_meta']
[0.398s] Level 1:colcon.colcon_core.package_identification:_identify(pub2) by extension 'colcon_meta'
[0.398s] Level 1:colcon.colcon_core.package_identification:_identify(pub2) by extensions ['ros']
[0.398s] Level 1:colcon.colcon_core.package_identification:_identify(pub2) by extension 'ros'
[0.399s] DEBUG:colcon.colcon_core.package_identification:Package 'pub2' with type 'ros.ament_cmake' and name 'pub2'
[0.399s] Level 1:colcon.colcon_core.package_identification:_identify(pub2-1) by extensions ['ignore', 'ignore_ament_install']
[0.399s] Level 1:colcon.colcon_core.package_identification:_identify(pub2-1) by extension 'ignore'
[0.399s] Level 1:colcon.colcon_core.package_identification:_identify(pub2-1) by extension 'ignore_ament_install'
[0.399s] Level 1:colcon.colcon_core.package_identification:_identify(pub2-1) by extensions ['colcon_pkg']
[0.399s] Level 1:colcon.colcon_core.package_identification:_identify(pub2-1) by extension 'colcon_pkg'
[0.399s] Level 1:colcon.colcon_core.package_identification:_identify(pub2-1) by extensions ['colcon_meta']
[0.399s] Level 1:colcon.colcon_core.package_identification:_identify(pub2-1) by extension 'colcon_meta'
[0.399s] Level 1:colcon.colcon_core.package_identification:_identify(pub2-1) by extensions ['ros']
[0.399s] Level 1:colcon.colcon_core.package_identification:_identify(pub2-1) by extension 'ros'
[0.399s] DEBUG:colcon.colcon_core.package_identification:Package 'pub2-1' with type 'ros.ament_cmake' and name 'pub2-1'
[0.400s] Level 1:colcon.colcon_core.package_identification:_identify(pub2-2) by extensions ['ignore', 'ignore_ament_install']
[0.400s] Level 1:colcon.colcon_core.package_identification:_identify(pub2-2) by extension 'ignore'
[0.400s] Level 1:colcon.colcon_core.package_identification:_identify(pub2-2) by extension 'ignore_ament_install'
[0.400s] Level 1:colcon.colcon_core.package_identification:_identify(pub2-2) by extensions ['colcon_pkg']
[0.400s] Level 1:colcon.colcon_core.package_identification:_identify(pub2-2) by extension 'colcon_pkg'
[0.400s] Level 1:colcon.colcon_core.package_identification:_identify(pub2-2) by extensions ['colcon_meta']
[0.400s] Level 1:colcon.colcon_core.package_identification:_identify(pub2-2) by extension 'colcon_meta'
[0.400s] Level 1:colcon.colcon_core.package_identification:_identify(pub2-2) by extensions ['ros']
[0.400s] Level 1:colcon.colcon_core.package_identification:_identify(pub2-2) by extension 'ros'
[0.400s] DEBUG:colcon.colcon_core.package_identification:Package 'pub2-2' with type 'ros.ament_cmake' and name 'pub2-2'
[0.400s] Level 1:colcon.colcon_core.package_identification:_identify(pub2-3) by extensions ['ignore', 'ignore_ament_install']
[0.400s] Level 1:colcon.colcon_core.package_identification:_identify(pub2-3) by extension 'ignore'
[0.400s] Level 1:colcon.colcon_core.package_identification:_identify(pub2-3) by extension 'ignore_ament_install'
[0.400s] Level 1:colcon.colcon_core.package_identification:_identify(pub2-3) by extensions ['colcon_pkg']
[0.400s] Level 1:colcon.colcon_core.package_identification:_identify(pub2-3) by extension 'colcon_pkg'
[0.400s] Level 1:colcon.colcon_core.package_identification:_identify(pub2-3) by extensions ['colcon_meta']
[0.400s] Level 1:colcon.colcon_core.package_identification:_identify(pub2-3) by extension 'colcon_meta'
[0.401s] Level 1:colcon.colcon_core.package_identification:_identify(pub2-3) by extensions ['ros']
[0.401s] Level 1:colcon.colcon_core.package_identification:_identify(pub2-3) by extension 'ros'
[0.401s] DEBUG:colcon.colcon_core.package_identification:Package 'pub2-3' with type 'ros.ament_cmake' and name 'pub2-3'
[0.401s] Level 1:colcon.colcon_core.package_discovery:discover_packages(recursive) using defaults
[0.401s] Level 1:colcon.colcon_core.package_discovery:discover_packages(ignore) discover
[0.401s] Level 1:colcon.colcon_core.package_discovery:discover_packages(ignore) using defaults
[0.401s] Level 1:colcon.colcon_core.package_discovery:discover_packages(path) discover
[0.401s] Level 1:colcon.colcon_core.package_discovery:discover_packages(path) using defaults
[0.415s] INFO:colcon.colcon_core.package_selection:Skipping not selected package 'pub1-1' in 'pub1-1'
[0.415s] INFO:colcon.colcon_core.package_selection:Skipping not selected package 'pub1-2' in 'pub1-2'
[0.415s] INFO:colcon.colcon_core.package_selection:Skipping not selected package 'pub1-3' in 'pub1-3'
[0.415s] INFO:colcon.colcon_core.package_selection:Skipping not selected package 'pub2' in 'pub2'
[0.415s] INFO:colcon.colcon_core.package_selection:Skipping not selected package 'pub2-1' in 'pub2-1'
[0.415s] INFO:colcon.colcon_core.package_selection:Skipping not selected package 'pub2-3' in 'pub2-3'
[0.416s] Level 1:colcon.colcon_core.package_discovery:discover_packages(prefix_path) check parameters
[0.416s] Level 1:colcon.colcon_core.package_discovery:discover_packages(prefix_path) discover
[0.418s] DEBUG:colcon.colcon_installed_package_information.package_discovery:Found 3 installed packages in /home/linux/ros2_ws/src/install
[0.418s] DEBUG:colcon.colcon_installed_package_information.package_discovery:Found 4 installed packages in /home/linux/ros2_ws/install
[0.419s] DEBUG:colcon.colcon_installed_package_information.package_discovery:Found 258 installed packages in /opt/ros/foxy
[0.425s] Level 1:colcon.colcon_core.package_discovery:discover_packages(prefix_path) using defaults
[0.491s] Level 5:colcon.colcon_core.verb:set package 'pub2-2' build argument 'cmake_args' from command line to 'None'
[0.492s] Level 5:colcon.colcon_core.verb:set package 'pub2-2' build argument 'cmake_target' from command line to 'None'
[0.492s] Level 5:colcon.colcon_core.verb:set package 'pub2-2' build argument 'cmake_target_skip_unavailable' from command line to 'False'
[0.492s] Level 5:colcon.colcon_core.verb:set package 'pub2-2' build argument 'cmake_clean_cache' from command line to 'False'
[0.492s] Level 5:colcon.colcon_core.verb:set package 'pub2-2' build argument 'cmake_clean_first' from command line to 'False'
[0.492s] Level 5:colcon.colcon_core.verb:set package 'pub2-2' build argument 'cmake_force_configure' from command line to 'False'
[0.492s] Level 5:colcon.colcon_core.verb:set package 'pub2-2' build argument 'ament_cmake_args' from command line to 'None'
[0.492s] Level 5:colcon.colcon_core.verb:set package 'pub2-2' build argument 'catkin_cmake_args' from command line to 'None'
[0.492s] Level 5:colcon.colcon_core.verb:set package 'pub2-2' build argument 'catkin_skip_building_tests' from command line to 'False'
[0.492s] DEBUG:colcon.colcon_core.verb:Building package 'pub2-2' with the following arguments: {'ament_cmake_args': None, 'build_base': '/home/linux/ros2_ws/src/build/pub2-2', 'catkin_cmake_args': None, 'catkin_skip_building_tests': False, 'cmake_args': None, 'cmake_clean_cache': False, 'cmake_clean_first': False, 'cmake_force_configure': False, 'cmake_target': None, 'cmake_target_skip_unavailable': False, 'install_base': '/home/linux/ros2_ws/src/install/pub2-2', 'merge_install': False, 'path': '/home/linux/ros2_ws/src/pub2-2', 'symlink_install': True, 'test_result_base': None}
[0.492s] INFO:colcon.colcon_core.executor:Executing jobs using 'parallel' executor
[0.493s] DEBUG:colcon.colcon_parallel_executor.executor.parallel:run_until_complete
[0.493s] INFO:colcon.colcon_ros.task.ament_cmake.build:Building ROS package in '/home/linux/ros2_ws/src/pub2-2' with build type 'ament_cmake'
[0.493s] INFO:colcon.colcon_cmake.task.cmake.build:Building CMake package in '/home/linux/ros2_ws/src/pub2-2'
[0.496s] INFO:colcon.colcon_core.plugin_system:Skipping extension 'colcon_core.shell.bat': Not used on non-Windows systems
[0.496s] INFO:colcon.colcon_core.shell:Skip shell extension 'powershell' for command environment: Not usable outside of PowerShell
[0.496s] DEBUG:colcon.colcon_core.shell:Skip shell extension 'dsv' for command environment
[0.503s] DEBUG:colcon.colcon_core.event_handler.log_command:Invoking command in '/home/linux/ros2_ws/src/build/pub2-2': CMAKE_PREFIX_PATH=${CMAKE_PREFIX_PATH}:/opt/ros/foxy /usr/bin/cmake --build /home/linux/ros2_ws/src/build/pub2-2 -- -j16 -l16
[1.675s] DEBUG:colcon.colcon_core.event_handler.log_command:Invoked command in '/home/linux/ros2_ws/src/build/pub2-2' returned '2': CMAKE_PREFIX_PATH=${CMAKE_PREFIX_PATH}:/opt/ros/foxy /usr/bin/cmake --build /home/linux/ros2_ws/src/build/pub2-2 -- -j16 -l16
[1.675s] Level 1:colcon.colcon_core.environment:create_environment_scripts_only(pub2-2)
[1.679s] Level 1:colcon.colcon_core.environment:checking '/home/linux/ros2_ws/src/install/pub2-2' for CMake module files
[1.679s] Level 1:colcon.colcon_core.environment:checking '/home/linux/ros2_ws/src/install/pub2-2' for CMake config files
[1.679s] Level 1:colcon.colcon_core.environment:checking '/home/linux/ros2_ws/src/install/pub2-2/bin'
[1.679s] Level 1:colcon.colcon_core.environment:checking '/home/linux/ros2_ws/src/install/pub2-2/lib/pkgconfig/pub2-2.pc'
[1.680s] Level 1:colcon.colcon_core.environment:checking '/home/linux/ros2_ws/src/install/pub2-2/lib/python3.8/site-packages'
[1.680s] Level 1:colcon.colcon_core.environment:checking '/home/linux/ros2_ws/src/install/pub2-2/bin'
[1.680s] INFO:colcon.colcon_core.shell:Creating package script '/home/linux/ros2_ws/src/install/pub2-2/share/pub2-2/package.ps1'
[1.681s] INFO:colcon.colcon_core.shell:Creating package descriptor '/home/linux/ros2_ws/src/install/pub2-2/share/pub2-2/package.dsv'
[1.681s] INFO:colcon.colcon_core.shell:Creating package script '/home/linux/ros2_ws/src/install/pub2-2/share/pub2-2/package.sh'
[1.681s] INFO:colcon.colcon_core.shell:Creating package script '/home/linux/ros2_ws/src/install/pub2-2/share/pub2-2/package.bash'
[1.682s] INFO:colcon.colcon_core.shell:Creating package script '/home/linux/ros2_ws/src/install/pub2-2/share/pub2-2/package.zsh'
[1.683s] Level 1:colcon.colcon_core.environment:create_file_with_runtime_dependencies(/home/linux/ros2_ws/src/install/pub2-2/share/colcon-core/packages/pub2-2)
[1.693s] DEBUG:colcon.colcon_parallel_executor.executor.parallel:closing loop
[1.693s] DEBUG:colcon.colcon_parallel_executor.executor.parallel:loop closed
[1.693s] DEBUG:colcon.colcon_parallel_executor.executor.parallel:run_until_complete finished with '2'
[1.693s] DEBUG:colcon.colcon_core.event_reactor:joining thread
[1.723s] INFO:colcon.colcon_core.plugin_system:Skipping extension 'colcon_notification.desktop_notification.notify_send': Could not find 'notify-send'
[1.723s] INFO:colcon.colcon_core.plugin_system:Skipping extension 'colcon_notification.desktop_notification.terminal_notifier': Not used on non-Darwin systems
[1.723s] INFO:colcon.colcon_core.plugin_system:Skipping extension 'colcon_notification.desktop_notification.win32': Not used on non-Windows systems
[1.723s] INFO:colcon.colcon_notification.desktop_notification:Sending desktop notification using 'notify2'
[1.725s] DEBUG:colcon.colcon_notification.desktop_notification.notify2:Failed to initialize notify2: org.freedesktop.DBus.Error.ServiceUnknown: The name org.freedesktop.Notifications was not provided by any .service files
[1.725s] DEBUG:colcon.colcon_core.event_reactor:joined thread
[1.725s] INFO:colcon.colcon_core.shell:Creating prefix script '/home/linux/ros2_ws/src/install/local_setup.ps1'
[1.726s] INFO:colcon.colcon_core.shell:Creating prefix util module '/home/linux/ros2_ws/src/install/_local_setup_util_ps1.py'
[1.727s] INFO:colcon.colcon_core.shell:Creating prefix chain script '/home/linux/ros2_ws/src/install/setup.ps1'
[1.728s] INFO:colcon.colcon_core.shell:Creating prefix script '/home/linux/ros2_ws/src/install/local_setup.sh'
[1.729s] INFO:colcon.colcon_core.shell:Creating prefix util module '/home/linux/ros2_ws/src/install/_local_setup_util_sh.py'
[1.729s] INFO:colcon.colcon_core.shell:Creating prefix chain script '/home/linux/ros2_ws/src/install/setup.sh'
[1.730s] INFO:colcon.colcon_core.shell:Creating prefix script '/home/linux/ros2_ws/src/install/local_setup.bash'
[1.730s] INFO:colcon.colcon_core.shell:Creating prefix chain script '/home/linux/ros2_ws/src/install/setup.bash'
[1.731s] INFO:colcon.colcon_core.shell:Creating prefix script '/home/linux/ros2_ws/src/install/local_setup.zsh'
[1.731s] INFO:colcon.colcon_core.shell:Creating prefix chain script '/home/linux/ros2_ws/src/install/setup.zsh'
