[0.013s] Invoking command in '/home/linux/ros2_ws/src/build/pub2': CMAKE_PREFIX_PATH=${CMAKE_PREFIX_PATH}:/opt/ros/foxy /usr/bin/cmake /home/linux/ros2_ws/src/pub2 -DAMENT_CMAKE_SYMLINK_INSTALL=1 -DCMAKE_INSTALL_PREFIX=/home/linux/ros2_ws/src/install/pub2
[0.176s] -- The C compiler identification is GNU 9.4.0
[0.358s] -- The CXX compiler identification is GNU 9.4.0
[0.459s] -- Check for working C compiler: /usr/bin/cc
[0.548s] -- Check for working C compiler: /usr/bin/cc -- works
[0.549s] -- Detecting C compiler ABI info
[0.628s] -- Detecting C compiler ABI info - done
[0.635s] -- Detecting C compile features
[0.635s] -- Detecting C compile features - done
[0.637s] -- Check for working CXX compiler: /usr/bin/c++
[0.791s] -- Check for working CXX compiler: /usr/bin/c++ -- works
[0.791s] -- Detecting CXX compiler ABI info
[0.874s] -- Detecting CXX compiler ABI info - done
[0.881s] -- Detecting CXX compile features
[0.881s] -- Detecting CXX compile features - done
[0.886s] -- Found ament_cmake: 0.9.12 (/opt/ros/foxy/share/ament_cmake/cmake)
[0.902s] -- Found PythonInterp: /usr/bin/python3 (found suitable version "3.8.10", minimum required is "3") 
[0.902s] -- Using PYTHON_EXECUTABLE: /usr/bin/python3
[0.998s] -- Override CMake install command with custom implementation using symlinks instead of copying resources
[1.022s] -- Found rclcpp: 2.4.3 (/opt/ros/foxy/share/rclcpp/cmake)
[1.135s] -- Using all available rosidl_typesupport_c: rosidl_typesupport_fastrtps_c;rosidl_typesupport_introspection_c
[1.140s] -- Found rosidl_adapter: 1.3.1 (/opt/ros/foxy/share/rosidl_adapter/cmake)
[1.735s] -- Found OpenSSL: /usr/lib/x86_64-linux-gnu/libcrypto.so (found version "1.1.1f")  
[2.397s] -- Found FastRTPS: /opt/ros/foxy/include  
[3.455s] -- Using all available rosidl_typesupport_cpp: rosidl_typesupport_fastrtps_cpp;rosidl_typesupport_introspection_cpp
[3.498s] -- Found rmw_implementation_cmake: 1.0.4 (/opt/ros/foxy/share/rmw_implementation_cmake/cmake)
[3.499s] -- Using RMW implementation 'rmw_fastrtps_cpp' as default
[3.501s] -- Looking for pthread.h
[3.588s] -- Looking for pthread.h - found
[3.588s] -- Performing Test CMAKE_HAVE_LIBC_PTHREAD
[3.667s] -- Performing Test CMAKE_HAVE_LIBC_PTHREAD - Failed
[3.667s] -- Looking for pthread_create in pthreads
[3.738s] -- Looking for pthread_create in pthreads - not found
[3.738s] -- Looking for pthread_create in pthread
[3.816s] -- Looking for pthread_create in pthread - found
[3.817s] -- Found Threads: TRUE  
[3.960s] -- Configuring done
[3.964s] -- Generating done
[3.966s] -- Build files have been written to: /home/linux/ros2_ws/src/build/pub2
[3.970s] Invoked command in '/home/linux/ros2_ws/src/build/pub2' returned '0': CMAKE_PREFIX_PATH=${CMAKE_PREFIX_PATH}:/opt/ros/foxy /usr/bin/cmake /home/linux/ros2_ws/src/pub2 -DAMENT_CMAKE_SYMLINK_INSTALL=1 -DCMAKE_INSTALL_PREFIX=/home/linux/ros2_ws/src/install/pub2
[3.972s] Invoking command in '/home/linux/ros2_ws/src/build/pub2': CMAKE_PREFIX_PATH=${CMAKE_PREFIX_PATH}:/opt/ros/foxy /usr/bin/cmake --build /home/linux/ros2_ws/src/build/pub2 -- -j16 -l16
[3.992s] [35m[1mScanning dependencies of target pub2[0m
[4.064s] [ 50%] [32mBuilding CXX object CMakeFiles/pub2.dir/src/pub.cpp.o[0m
[5.944s] [100%] [32m[1mLinking CXX executable pub2[0m
[6.072s] [100%] Built target pub2
[6.078s] Invoked command in '/home/linux/ros2_ws/src/build/pub2' returned '0': CMAKE_PREFIX_PATH=${CMAKE_PREFIX_PATH}:/opt/ros/foxy /usr/bin/cmake --build /home/linux/ros2_ws/src/build/pub2 -- -j16 -l16
[6.086s] Invoking command in '/home/linux/ros2_ws/src/build/pub2': CMAKE_PREFIX_PATH=${CMAKE_PREFIX_PATH}:/opt/ros/foxy /usr/bin/cmake --install /home/linux/ros2_ws/src/build/pub2
[6.090s] -- Install configuration: ""
[6.090s] -- Execute custom install script
[6.091s] -- Symlinking: /home/linux/ros2_ws/src/install/pub2/lib/pub2/pub2
[6.096s] -- Symlinking: /home/linux/ros2_ws/src/install/pub2/share/ament_index/resource_index/package_run_dependencies/pub2
[6.100s] -- Symlinking: /home/linux/ros2_ws/src/install/pub2/share/ament_index/resource_index/parent_prefix_path/pub2
[6.105s] -- Symlinking: /home/linux/ros2_ws/src/install/pub2/share/pub2/environment/ament_prefix_path.sh
[6.110s] -- Symlinking: /home/linux/ros2_ws/src/install/pub2/share/pub2/environment/ament_prefix_path.dsv
[6.114s] -- Symlinking: /home/linux/ros2_ws/src/install/pub2/share/pub2/environment/path.sh
[6.119s] -- Symlinking: /home/linux/ros2_ws/src/install/pub2/share/pub2/environment/path.dsv
[6.124s] -- Symlinking: /home/linux/ros2_ws/src/install/pub2/share/pub2/local_setup.bash
[6.129s] -- Symlinking: /home/linux/ros2_ws/src/install/pub2/share/pub2/local_setup.sh
[6.134s] -- Symlinking: /home/linux/ros2_ws/src/install/pub2/share/pub2/local_setup.zsh
[6.140s] -- Symlinking: /home/linux/ros2_ws/src/install/pub2/share/pub2/local_setup.dsv
[6.144s] -- Symlinking: /home/linux/ros2_ws/src/install/pub2/share/pub2/package.dsv
[6.149s] -- Symlinking: /home/linux/ros2_ws/src/install/pub2/share/ament_index/resource_index/packages/pub2
[6.154s] -- Symlinking: /home/linux/ros2_ws/src/install/pub2/share/pub2/cmake/pub2Config.cmake
[6.159s] -- Symlinking: /home/linux/ros2_ws/src/install/pub2/share/pub2/cmake/pub2Config-version.cmake
[6.164s] -- Symlinking: /home/linux/ros2_ws/src/install/pub2/share/pub2/package.xml
[6.170s] Invoked command in '/home/linux/ros2_ws/src/build/pub2' returned '0': CMAKE_PREFIX_PATH=${CMAKE_PREFIX_PATH}:/opt/ros/foxy /usr/bin/cmake --install /home/linux/ros2_ws/src/build/pub2
