-- Found ament_cmake: 0.9.12 (/opt/ros/foxy/share/ament_cmake/cmake)
-- Using PYTHON_EXECUTABLE: /usr/bin/python3
-- Override CMake install command with custom implementation using symlinks instead of copying resources
-- Found rclcpp: 2.4.3 (/opt/ros/foxy/share/rclcpp/cmake)
-- Using all available rosidl_typesupport_c: rosidl_typesupport_fastrtps_c;rosidl_typesupport_introspection_c
-- Found rosidl_adapter: 1.3.1 (/opt/ros/foxy/share/rosidl_adapter/cmake)
-- Using all available rosidl_typesupport_cpp: rosidl_typesupport_fastrtps_cpp;rosidl_typesupport_introspection_cpp
-- Found rmw_implementation_cmake: 1.0.4 (/opt/ros/foxy/share/rmw_implementation_cmake/cmake)
-- Using RMW implementation 'rmw_fastrtps_cpp' as default
-- Found sensor_msgs: 2.0.5 (/opt/ros/foxy/share/sensor_msgs/cmake)
-- Found cv_bridge: 3.0.7 (/opt/ros/foxy/share/cv_bridge/cmake)
-- Configuring done
-- Generating done
-- Build files have been written to: /home/ubuntu/ros2_ws/build/camera1-3
[35m[1mScanning dependencies of target pub[0m
[ 50%] Built target sub
[ 66%] [32mBuilding CXX object CMakeFiles/pub.dir/src/pmain.cpp.o[0m
[ 83%] [32m[1mLinking CXX executable pub[0m
[100%] Built target pub
-- Install configuration: ""
-- Execute custom install script
-- Up-to-date symlink: /home/ubuntu/ros2_ws/install/camera1-3/lib/camera1-3/pub
-- Symlinking: /home/ubuntu/ros2_ws/install/camera1-3/lib/camera1-3/sub
-- Up-to-date symlink: /home/ubuntu/ros2_ws/install/camera1-3/share/ament_index/resource_index/package_run_dependencies/camera1-3
-- Up-to-date symlink: /home/ubuntu/ros2_ws/install/camera1-3/share/ament_index/resource_index/parent_prefix_path/camera1-3
-- Up-to-date symlink: /home/ubuntu/ros2_ws/install/camera1-3/share/camera1-3/environment/ament_prefix_path.sh
-- Up-to-date symlink: /home/ubuntu/ros2_ws/install/camera1-3/share/camera1-3/environment/ament_prefix_path.dsv
-- Up-to-date symlink: /home/ubuntu/ros2_ws/install/camera1-3/share/camera1-3/environment/path.sh
-- Up-to-date symlink: /home/ubuntu/ros2_ws/install/camera1-3/share/camera1-3/environment/path.dsv
-- Up-to-date symlink: /home/ubuntu/ros2_ws/install/camera1-3/share/camera1-3/local_setup.bash
-- Up-to-date symlink: /home/ubuntu/ros2_ws/install/camera1-3/share/camera1-3/local_setup.sh
-- Up-to-date symlink: /home/ubuntu/ros2_ws/install/camera1-3/share/camera1-3/local_setup.zsh
-- Up-to-date symlink: /home/ubuntu/ros2_ws/install/camera1-3/share/camera1-3/local_setup.dsv
-- Symlinking: /home/ubuntu/ros2_ws/install/camera1-3/share/camera1-3/package.dsv
-- Up-to-date symlink: /home/ubuntu/ros2_ws/install/camera1-3/share/ament_index/resource_index/packages/camera1-3
-- Up-to-date symlink: /home/ubuntu/ros2_ws/install/camera1-3/share/camera1-3/cmake/camera1-3Config.cmake
-- Up-to-date symlink: /home/ubuntu/ros2_ws/install/camera1-3/share/camera1-3/cmake/camera1-3Config-version.cmake
-- Up-to-date symlink: /home/ubuntu/ros2_ws/install/camera1-3/share/camera1-3/package.xml
