[0.046s] Invoking command in '/home/ubuntu/ros2_ws/build/camera1-3': CMAKE_PREFIX_PATH=${CMAKE_PREFIX_PATH}:/opt/ros/foxy /usr/bin/cmake --build /home/ubuntu/ros2_ws/build/camera1-3 -- -j4 -l4
[0.158s] -- Found ament_cmake: 0.9.12 (/opt/ros/foxy/share/ament_cmake/cmake)
[0.245s] -- Using PYTHON_EXECUTABLE: /usr/bin/python3
[0.960s] -- Override CMake install command with custom implementation using symlinks instead of copying resources
[0.986s] -- Found rclcpp: 2.4.3 (/opt/ros/foxy/share/rclcpp/cmake)
[1.142s] -- Using all available rosidl_typesupport_c: rosidl_typesupport_fastrtps_c;rosidl_typesupport_introspection_c
[1.154s] -- Found rosidl_adapter: 1.3.1 (/opt/ros/foxy/share/rosidl_adapter/cmake)
[2.004s] -- Using all available rosidl_typesupport_cpp: rosidl_typesupport_fastrtps_cpp;rosidl_typesupport_introspection_cpp
[2.183s] -- Found rmw_implementation_cmake: 1.0.4 (/opt/ros/foxy/share/rmw_implementation_cmake/cmake)
[2.188s] -- Using RMW implementation 'rmw_fastrtps_cpp' as default
[2.692s] -- Found sensor_msgs: 2.0.5 (/opt/ros/foxy/share/sensor_msgs/cmake)
[3.086s] -- Found cv_bridge: 3.0.7 (/opt/ros/foxy/share/cv_bridge/cmake)
[3.532s] -- Configuring done
[3.632s] -- Generating done
[3.688s] -- Build files have been written to: /home/ubuntu/ros2_ws/build/camera1-3
[3.801s] [35m[1mScanning dependencies of target pub[0m
[3.920s] [ 50%] Built target sub
[3.983s] [ 66%] [32mBuilding CXX object CMakeFiles/pub.dir/src/pmain.cpp.o[0m
[17.126s] [ 83%] [32m[1mLinking CXX executable pub[0m
[19.032s] [100%] Built target pub
[19.071s] Invoked command in '/home/ubuntu/ros2_ws/build/camera1-3' returned '0': CMAKE_PREFIX_PATH=${CMAKE_PREFIX_PATH}:/opt/ros/foxy /usr/bin/cmake --build /home/ubuntu/ros2_ws/build/camera1-3 -- -j4 -l4
[19.118s] Invoking command in '/home/ubuntu/ros2_ws/build/camera1-3': CMAKE_PREFIX_PATH=${CMAKE_PREFIX_PATH}:/opt/ros/foxy /usr/bin/cmake --install /home/ubuntu/ros2_ws/build/camera1-3
[19.151s] -- Install configuration: ""
[19.152s] -- Execute custom install script
[19.154s] -- Up-to-date symlink: /home/ubuntu/ros2_ws/install/camera1-3/lib/camera1-3/pub
[19.155s] -- Symlinking: /home/ubuntu/ros2_ws/install/camera1-3/lib/camera1-3/sub
[19.186s] -- Up-to-date symlink: /home/ubuntu/ros2_ws/install/camera1-3/share/ament_index/resource_index/package_run_dependencies/camera1-3
[19.188s] -- Up-to-date symlink: /home/ubuntu/ros2_ws/install/camera1-3/share/ament_index/resource_index/parent_prefix_path/camera1-3
[19.189s] -- Up-to-date symlink: /home/ubuntu/ros2_ws/install/camera1-3/share/camera1-3/environment/ament_prefix_path.sh
[19.190s] -- Up-to-date symlink: /home/ubuntu/ros2_ws/install/camera1-3/share/camera1-3/environment/ament_prefix_path.dsv
[19.191s] -- Up-to-date symlink: /home/ubuntu/ros2_ws/install/camera1-3/share/camera1-3/environment/path.sh
[19.193s] -- Up-to-date symlink: /home/ubuntu/ros2_ws/install/camera1-3/share/camera1-3/environment/path.dsv
[19.194s] -- Up-to-date symlink: /home/ubuntu/ros2_ws/install/camera1-3/share/camera1-3/local_setup.bash
[19.195s] -- Up-to-date symlink: /home/ubuntu/ros2_ws/install/camera1-3/share/camera1-3/local_setup.sh
[19.197s] -- Up-to-date symlink: /home/ubuntu/ros2_ws/install/camera1-3/share/camera1-3/local_setup.zsh
[19.198s] -- Up-to-date symlink: /home/ubuntu/ros2_ws/install/camera1-3/share/camera1-3/local_setup.dsv
[19.199s] -- Symlinking: /home/ubuntu/ros2_ws/install/camera1-3/share/camera1-3/package.dsv
[19.232s] -- Up-to-date symlink: /home/ubuntu/ros2_ws/install/camera1-3/share/ament_index/resource_index/packages/camera1-3
[19.233s] -- Up-to-date symlink: /home/ubuntu/ros2_ws/install/camera1-3/share/camera1-3/cmake/camera1-3Config.cmake
[19.234s] -- Up-to-date symlink: /home/ubuntu/ros2_ws/install/camera1-3/share/camera1-3/cmake/camera1-3Config-version.cmake
[19.235s] -- Up-to-date symlink: /home/ubuntu/ros2_ws/install/camera1-3/share/camera1-3/package.xml
[19.242s] Invoked command in '/home/ubuntu/ros2_ws/build/camera1-3' returned '0': CMAKE_PREFIX_PATH=${CMAKE_PREFIX_PATH}:/opt/ros/foxy /usr/bin/cmake --install /home/ubuntu/ros2_ws/build/camera1-3
