[1.021s] DEBUG:colcon:Command line arguments: ['/usr/bin/colcon', 'build', '--symlink-install', '--packages-select', 'camera1-2']
[1.022s] DEBUG:colcon:Parsed command line arguments: Namespace(allow_overriding=[], ament_cmake_args=None, base_paths=['.'], build_base='build', catkin_cmake_args=None, catkin_skip_building_tests=False, cmake_args=None, cmake_clean_cache=False, cmake_clean_first=False, cmake_force_configure=False, cmake_target=None, cmake_target_skip_unavailable=False, continue_on_error=False, event_handlers=None, executor='parallel', ignore_user_meta=False, install_base='install', log_base=None, log_level=None, main=<bound method BuildVerb.main of <colcon_core.verb.build.BuildVerb object at 0xffff9cf9dd90>>, merge_install=False, metas=['./colcon.meta'], mixin=None, mixin_files=None, mixin_verb=('build',), packages_above=None, packages_above_and_dependencies=None, packages_above_depth=None, packages_end=None, packages_ignore=None, packages_ignore_regex=None, packages_select=['camera1-2'], packages_select_build_failed=False, packages_select_by_dep=None, packages_select_regex=None, packages_select_test_failures=False, packages_skip=None, packages_skip_build_finished=False, packages_skip_by_dep=None, packages_skip_regex=None, packages_skip_test_passed=False, packages_skip_up_to=None, packages_start=None, packages_up_to=None, packages_up_to_regex=None, parallel_workers=4, paths=None, symlink_install=True, test_result_base=None, verb_extension=<colcon_core.verb.build.BuildVerb object at 0xffff9cf9dd90>, verb_name='build', verb_parser=<colcon_mixin.mixin.mixin_argument.MixinArgumentDecorator object at 0xffff9cefc790>)
[1.827s] Level 1:colcon.colcon_core.package_discovery:discover_packages(colcon_meta) check parameters
[1.827s] Level 1:colcon.colcon_core.package_discovery:discover_packages(recursive) check parameters
[1.828s] Level 1:colcon.colcon_core.package_discovery:discover_packages(ignore) check parameters
[1.828s] Level 1:colcon.colcon_core.package_discovery:discover_packages(path) check parameters
[1.828s] Level 1:colcon.colcon_core.package_discovery:discover_packages(colcon_meta) discover
[1.828s] Level 1:colcon.colcon_core.package_discovery:discover_packages(recursive) discover
[1.828s] INFO:colcon.colcon_core.package_discovery:Crawling recursively for packages in '/home/ubuntu/ros2_ws'
[1.829s] Level 1:colcon.colcon_core.package_identification:_identify(.) by extensions ['ignore', 'ignore_ament_install']
[1.830s] Level 1:colcon.colcon_core.package_identification:_identify(.) by extension 'ignore'
[1.831s] Level 1:colcon.colcon_core.package_identification:_identify(.) by extension 'ignore_ament_install'
[1.831s] Level 1:colcon.colcon_core.package_identification:_identify(.) by extensions ['colcon_pkg']
[1.831s] Level 1:colcon.colcon_core.package_identification:_identify(.) by extension 'colcon_pkg'
[1.831s] Level 1:colcon.colcon_core.package_identification:_identify(.) by extensions ['colcon_meta']
[1.831s] Level 1:colcon.colcon_core.package_identification:_identify(.) by extension 'colcon_meta'
[1.832s] Level 1:colcon.colcon_core.package_identification:_identify(.) by extensions ['ros']
[1.832s] Level 1:colcon.colcon_core.package_identification:_identify(.) by extension 'ros'
[1.884s] Level 1:colcon.colcon_core.package_identification:_identify(.) by extensions ['cmake', 'python']
[1.884s] Level 1:colcon.colcon_core.package_identification:_identify(.) by extension 'cmake'
[1.885s] Level 1:colcon.colcon_core.package_identification:_identify(.) by extension 'python'
[1.885s] Level 1:colcon.colcon_core.package_identification:_identify(.) by extensions ['python_setup_py']
[1.885s] Level 1:colcon.colcon_core.package_identification:_identify(.) by extension 'python_setup_py'
[1.886s] Level 1:colcon.colcon_core.package_identification:_identify(build) by extensions ['ignore', 'ignore_ament_install']
[1.886s] Level 1:colcon.colcon_core.package_identification:_identify(build) by extension 'ignore'
[1.887s] Level 1:colcon.colcon_core.package_identification:_identify(build) ignored
[1.887s] Level 1:colcon.colcon_core.package_identification:_identify(install) by extensions ['ignore', 'ignore_ament_install']
[1.888s] Level 1:colcon.colcon_core.package_identification:_identify(install) by extension 'ignore'
[1.888s] Level 1:colcon.colcon_core.package_identification:_identify(install) ignored
[1.889s] Level 1:colcon.colcon_core.package_identification:_identify(log) by extensions ['ignore', 'ignore_ament_install']
[1.889s] Level 1:colcon.colcon_core.package_identification:_identify(log) by extension 'ignore'
[1.890s] Level 1:colcon.colcon_core.package_identification:_identify(log) ignored
[1.890s] Level 1:colcon.colcon_core.package_identification:_identify(src) by extensions ['ignore', 'ignore_ament_install']
[1.891s] Level 1:colcon.colcon_core.package_identification:_identify(src) by extension 'ignore'
[1.891s] Level 1:colcon.colcon_core.package_identification:_identify(src) by extension 'ignore_ament_install'
[1.891s] Level 1:colcon.colcon_core.package_identification:_identify(src) by extensions ['colcon_pkg']
[1.892s] Level 1:colcon.colcon_core.package_identification:_identify(src) by extension 'colcon_pkg'
[1.892s] Level 1:colcon.colcon_core.package_identification:_identify(src) by extensions ['colcon_meta']
[1.892s] Level 1:colcon.colcon_core.package_identification:_identify(src) by extension 'colcon_meta'
[1.892s] Level 1:colcon.colcon_core.package_identification:_identify(src) by extensions ['ros']
[1.892s] Level 1:colcon.colcon_core.package_identification:_identify(src) by extension 'ros'
[1.893s] Level 1:colcon.colcon_core.package_identification:_identify(src) by extensions ['cmake', 'python']
[1.893s] Level 1:colcon.colcon_core.package_identification:_identify(src) by extension 'cmake'
[1.893s] Level 1:colcon.colcon_core.package_identification:_identify(src) by extension 'python'
[1.894s] Level 1:colcon.colcon_core.package_identification:_identify(src) by extensions ['python_setup_py']
[1.894s] Level 1:colcon.colcon_core.package_identification:_identify(src) by extension 'python_setup_py'
[1.894s] Level 1:colcon.colcon_core.package_identification:_identify(src/camera1-1) by extensions ['ignore', 'ignore_ament_install']
[1.895s] Level 1:colcon.colcon_core.package_identification:_identify(src/camera1-1) by extension 'ignore'
[1.895s] Level 1:colcon.colcon_core.package_identification:_identify(src/camera1-1) by extension 'ignore_ament_install'
[1.896s] Level 1:colcon.colcon_core.package_identification:_identify(src/camera1-1) by extensions ['colcon_pkg']
[1.896s] Level 1:colcon.colcon_core.package_identification:_identify(src/camera1-1) by extension 'colcon_pkg'
[1.896s] Level 1:colcon.colcon_core.package_identification:_identify(src/camera1-1) by extensions ['colcon_meta']
[1.896s] Level 1:colcon.colcon_core.package_identification:_identify(src/camera1-1) by extension 'colcon_meta'
[1.896s] Level 1:colcon.colcon_core.package_identification:_identify(src/camera1-1) by extensions ['ros']
[1.897s] Level 1:colcon.colcon_core.package_identification:_identify(src/camera1-1) by extension 'ros'
[1.908s] DEBUG:colcon.colcon_core.package_identification:Package 'src/camera1-1' with type 'ros.ament_cmake' and name 'camera1-1'
[1.909s] Level 1:colcon.colcon_core.package_identification:_identify(src/camera1-2) by extensions ['ignore', 'ignore_ament_install']
[1.909s] Level 1:colcon.colcon_core.package_identification:_identify(src/camera1-2) by extension 'ignore'
[1.910s] Level 1:colcon.colcon_core.package_identification:_identify(src/camera1-2) by extension 'ignore_ament_install'
[1.910s] Level 1:colcon.colcon_core.package_identification:_identify(src/camera1-2) by extensions ['colcon_pkg']
[1.910s] Level 1:colcon.colcon_core.package_identification:_identify(src/camera1-2) by extension 'colcon_pkg'
[1.911s] Level 1:colcon.colcon_core.package_identification:_identify(src/camera1-2) by extensions ['colcon_meta']
[1.911s] Level 1:colcon.colcon_core.package_identification:_identify(src/camera1-2) by extension 'colcon_meta'
[1.911s] Level 1:colcon.colcon_core.package_identification:_identify(src/camera1-2) by extensions ['ros']
[1.911s] Level 1:colcon.colcon_core.package_identification:_identify(src/camera1-2) by extension 'ros'
[1.915s] DEBUG:colcon.colcon_core.package_identification:Package 'src/camera1-2' with type 'ros.ament_cmake' and name 'camera1-2'
[1.916s] Level 1:colcon.colcon_core.package_identification:_identify(src/camera1-3) by extensions ['ignore', 'ignore_ament_install']
[1.916s] Level 1:colcon.colcon_core.package_identification:_identify(src/camera1-3) by extension 'ignore'
[1.916s] Level 1:colcon.colcon_core.package_identification:_identify(src/camera1-3) by extension 'ignore_ament_install'
[1.917s] Level 1:colcon.colcon_core.package_identification:_identify(src/camera1-3) by extensions ['colcon_pkg']
[1.917s] Level 1:colcon.colcon_core.package_identification:_identify(src/camera1-3) by extension 'colcon_pkg'
[1.917s] Level 1:colcon.colcon_core.package_identification:_identify(src/camera1-3) by extensions ['colcon_meta']
[1.917s] Level 1:colcon.colcon_core.package_identification:_identify(src/camera1-3) by extension 'colcon_meta'
[1.918s] Level 1:colcon.colcon_core.package_identification:_identify(src/camera1-3) by extensions ['ros']
[1.918s] Level 1:colcon.colcon_core.package_identification:_identify(src/camera1-3) by extension 'ros'
[1.921s] DEBUG:colcon.colcon_core.package_identification:Package 'src/camera1-3' with type 'ros.ament_cmake' and name 'camera'
[1.922s] Level 1:colcon.colcon_core.package_discovery:discover_packages(recursive) using defaults
[1.922s] Level 1:colcon.colcon_core.package_discovery:discover_packages(ignore) discover
[1.922s] Level 1:colcon.colcon_core.package_discovery:discover_packages(ignore) using defaults
[1.922s] Level 1:colcon.colcon_core.package_discovery:discover_packages(path) discover
[1.922s] Level 1:colcon.colcon_core.package_discovery:discover_packages(path) using defaults
[2.034s] INFO:colcon.colcon_core.package_selection:Skipping not selected package 'camera' in 'src/camera1-3'
[2.035s] INFO:colcon.colcon_core.package_selection:Skipping not selected package 'camera1-1' in 'src/camera1-1'
[2.037s] Level 1:colcon.colcon_core.package_discovery:discover_packages(prefix_path) check parameters
[2.037s] Level 1:colcon.colcon_core.package_discovery:discover_packages(prefix_path) discover
[2.047s] DEBUG:colcon.colcon_installed_package_information.package_discovery:Found 3 installed packages in /home/ubuntu/ros2_ws/install
[2.055s] DEBUG:colcon.colcon_installed_package_information.package_discovery:Found 256 installed packages in /opt/ros/foxy
[2.062s] Level 1:colcon.colcon_core.package_discovery:discover_packages(prefix_path) using defaults
[2.459s] Level 5:colcon.colcon_core.verb:set package 'camera1-2' build argument 'cmake_args' from command line to 'None'
[2.459s] Level 5:colcon.colcon_core.verb:set package 'camera1-2' build argument 'cmake_target' from command line to 'None'
[2.459s] Level 5:colcon.colcon_core.verb:set package 'camera1-2' build argument 'cmake_target_skip_unavailable' from command line to 'False'
[2.459s] Level 5:colcon.colcon_core.verb:set package 'camera1-2' build argument 'cmake_clean_cache' from command line to 'False'
[2.459s] Level 5:colcon.colcon_core.verb:set package 'camera1-2' build argument 'cmake_clean_first' from command line to 'False'
[2.460s] Level 5:colcon.colcon_core.verb:set package 'camera1-2' build argument 'cmake_force_configure' from command line to 'False'
[2.460s] Level 5:colcon.colcon_core.verb:set package 'camera1-2' build argument 'ament_cmake_args' from command line to 'None'
[2.460s] Level 5:colcon.colcon_core.verb:set package 'camera1-2' build argument 'catkin_cmake_args' from command line to 'None'
[2.460s] Level 5:colcon.colcon_core.verb:set package 'camera1-2' build argument 'catkin_skip_building_tests' from command line to 'False'
[2.460s] DEBUG:colcon.colcon_core.verb:Building package 'camera1-2' with the following arguments: {'ament_cmake_args': None, 'build_base': '/home/ubuntu/ros2_ws/build/camera1-2', 'catkin_cmake_args': None, 'catkin_skip_building_tests': False, 'cmake_args': None, 'cmake_clean_cache': False, 'cmake_clean_first': False, 'cmake_force_configure': False, 'cmake_target': None, 'cmake_target_skip_unavailable': False, 'install_base': '/home/ubuntu/ros2_ws/install/camera1-2', 'merge_install': False, 'path': '/home/ubuntu/ros2_ws/src/camera1-2', 'symlink_install': True, 'test_result_base': None}
[2.461s] INFO:colcon.colcon_core.executor:Executing jobs using 'parallel' executor
[2.465s] DEBUG:colcon.colcon_parallel_executor.executor.parallel:run_until_complete
[2.466s] INFO:colcon.colcon_ros.task.ament_cmake.build:Building ROS package in '/home/ubuntu/ros2_ws/src/camera1-2' with build type 'ament_cmake'
[2.467s] INFO:colcon.colcon_cmake.task.cmake.build:Building CMake package in '/home/ubuntu/ros2_ws/src/camera1-2'
[2.478s] INFO:colcon.colcon_core.plugin_system:Skipping extension 'colcon_core.shell.bat': Not used on non-Windows systems
[2.479s] INFO:colcon.colcon_core.shell:Skip shell extension 'powershell' for command environment: Not usable outside of PowerShell
[2.479s] DEBUG:colcon.colcon_core.shell:Skip shell extension 'dsv' for command environment
[2.522s] DEBUG:colcon.colcon_core.event_handler.log_command:Invoking command in '/home/ubuntu/ros2_ws/build/camera1-2': CMAKE_PREFIX_PATH=${CMAKE_PREFIX_PATH}:/opt/ros/foxy /usr/bin/cmake --build /home/ubuntu/ros2_ws/build/camera1-2 -- -j4 -l4
[39.623s] DEBUG:colcon.colcon_core.event_handler.log_command:Invoked command in '/home/ubuntu/ros2_ws/build/camera1-2' returned '0': CMAKE_PREFIX_PATH=${CMAKE_PREFIX_PATH}:/opt/ros/foxy /usr/bin/cmake --build /home/ubuntu/ros2_ws/build/camera1-2 -- -j4 -l4
[39.672s] DEBUG:colcon.colcon_core.event_handler.log_command:Invoking command in '/home/ubuntu/ros2_ws/build/camera1-2': CMAKE_PREFIX_PATH=${CMAKE_PREFIX_PATH}:/opt/ros/foxy /usr/bin/cmake --install /home/ubuntu/ros2_ws/build/camera1-2
[39.771s] Level 1:colcon.colcon_core.environment:create_environment_scripts_only(camera1-2)
[39.773s] DEBUG:colcon.colcon_core.event_handler.log_command:Invoked command in '/home/ubuntu/ros2_ws/build/camera1-2' returned '0': CMAKE_PREFIX_PATH=${CMAKE_PREFIX_PATH}:/opt/ros/foxy /usr/bin/cmake --install /home/ubuntu/ros2_ws/build/camera1-2
[39.786s] Level 1:colcon.colcon_core.environment:checking '/home/ubuntu/ros2_ws/install/camera1-2' for CMake module files
[39.789s] Level 1:colcon.colcon_core.environment:checking '/home/ubuntu/ros2_ws/install/camera1-2' for CMake config files
[39.792s] Level 1:colcon.colcon_core.shell:create_environment_hook('camera1-2', 'cmake_prefix_path')
[39.793s] INFO:colcon.colcon_core.shell:Creating environment hook '/home/ubuntu/ros2_ws/install/camera1-2/share/camera1-2/hook/cmake_prefix_path.ps1'
[39.797s] INFO:colcon.colcon_core.shell:Creating environment descriptor '/home/ubuntu/ros2_ws/install/camera1-2/share/camera1-2/hook/cmake_prefix_path.dsv'
[39.799s] INFO:colcon.colcon_core.shell:Creating environment hook '/home/ubuntu/ros2_ws/install/camera1-2/share/camera1-2/hook/cmake_prefix_path.sh'
[39.804s] Level 1:colcon.colcon_core.environment:checking '/home/ubuntu/ros2_ws/install/camera1-2/lib'
[39.805s] Level 1:colcon.colcon_core.environment:checking '/home/ubuntu/ros2_ws/install/camera1-2/bin'
[39.805s] Level 1:colcon.colcon_core.environment:checking '/home/ubuntu/ros2_ws/install/camera1-2/lib/pkgconfig/camera1-2.pc'
[39.806s] Level 1:colcon.colcon_core.environment:checking '/home/ubuntu/ros2_ws/install/camera1-2/lib/python3.8/site-packages'
[39.807s] Level 1:colcon.colcon_core.environment:checking '/home/ubuntu/ros2_ws/install/camera1-2/bin'
[39.808s] INFO:colcon.colcon_core.shell:Creating package script '/home/ubuntu/ros2_ws/install/camera1-2/share/camera1-2/package.ps1'
[39.812s] INFO:colcon.colcon_core.shell:Creating package descriptor '/home/ubuntu/ros2_ws/install/camera1-2/share/camera1-2/package.dsv'
[39.815s] INFO:colcon.colcon_core.shell:Creating package script '/home/ubuntu/ros2_ws/install/camera1-2/share/camera1-2/package.sh'
[39.819s] INFO:colcon.colcon_core.shell:Creating package script '/home/ubuntu/ros2_ws/install/camera1-2/share/camera1-2/package.bash'
[39.822s] INFO:colcon.colcon_core.shell:Creating package script '/home/ubuntu/ros2_ws/install/camera1-2/share/camera1-2/package.zsh'
[39.826s] Level 1:colcon.colcon_core.environment:create_file_with_runtime_dependencies(/home/ubuntu/ros2_ws/install/camera1-2/share/colcon-core/packages/camera1-2)
[39.829s] Level 1:colcon.colcon_core.environment:create_environment_scripts_only(camera1-2)
[39.831s] Level 1:colcon.colcon_core.environment:checking '/home/ubuntu/ros2_ws/install/camera1-2' for CMake module files
[39.834s] Level 1:colcon.colcon_core.environment:checking '/home/ubuntu/ros2_ws/install/camera1-2' for CMake config files
[39.836s] Level 1:colcon.colcon_core.shell:create_environment_hook('camera1-2', 'cmake_prefix_path')
[39.837s] INFO:colcon.colcon_core.shell:Creating environment hook '/home/ubuntu/ros2_ws/install/camera1-2/share/camera1-2/hook/cmake_prefix_path.ps1'
[39.840s] INFO:colcon.colcon_core.shell:Creating environment descriptor '/home/ubuntu/ros2_ws/install/camera1-2/share/camera1-2/hook/cmake_prefix_path.dsv'
[39.842s] INFO:colcon.colcon_core.shell:Creating environment hook '/home/ubuntu/ros2_ws/install/camera1-2/share/camera1-2/hook/cmake_prefix_path.sh'
[39.845s] Level 1:colcon.colcon_core.environment:checking '/home/ubuntu/ros2_ws/install/camera1-2/lib'
[39.846s] Level 1:colcon.colcon_core.environment:checking '/home/ubuntu/ros2_ws/install/camera1-2/bin'
[39.846s] Level 1:colcon.colcon_core.environment:checking '/home/ubuntu/ros2_ws/install/camera1-2/lib/pkgconfig/camera1-2.pc'
[39.847s] Level 1:colcon.colcon_core.environment:checking '/home/ubuntu/ros2_ws/install/camera1-2/lib/python3.8/site-packages'
[39.848s] Level 1:colcon.colcon_core.environment:checking '/home/ubuntu/ros2_ws/install/camera1-2/bin'
[39.849s] INFO:colcon.colcon_core.shell:Creating package script '/home/ubuntu/ros2_ws/install/camera1-2/share/camera1-2/package.ps1'
[39.852s] INFO:colcon.colcon_core.shell:Creating package descriptor '/home/ubuntu/ros2_ws/install/camera1-2/share/camera1-2/package.dsv'
[39.855s] INFO:colcon.colcon_core.shell:Creating package script '/home/ubuntu/ros2_ws/install/camera1-2/share/camera1-2/package.sh'
[39.857s] INFO:colcon.colcon_core.shell:Creating package script '/home/ubuntu/ros2_ws/install/camera1-2/share/camera1-2/package.bash'
[39.861s] INFO:colcon.colcon_core.shell:Creating package script '/home/ubuntu/ros2_ws/install/camera1-2/share/camera1-2/package.zsh'
[39.863s] Level 1:colcon.colcon_core.environment:create_file_with_runtime_dependencies(/home/ubuntu/ros2_ws/install/camera1-2/share/colcon-core/packages/camera1-2)
[39.865s] DEBUG:colcon.colcon_parallel_executor.executor.parallel:closing loop
[39.866s] DEBUG:colcon.colcon_parallel_executor.executor.parallel:loop closed
[39.867s] DEBUG:colcon.colcon_parallel_executor.executor.parallel:run_until_complete finished with '0'
[39.867s] DEBUG:colcon.colcon_core.event_reactor:joining thread
[39.893s] INFO:colcon.colcon_core.plugin_system:Skipping extension 'colcon_notification.desktop_notification.notify_send': Could not find 'notify-send'
[39.893s] INFO:colcon.colcon_core.plugin_system:Skipping extension 'colcon_notification.desktop_notification.terminal_notifier': Not used on non-Darwin systems
[39.894s] INFO:colcon.colcon_core.plugin_system:Skipping extension 'colcon_notification.desktop_notification.win32': Not used on non-Windows systems
[39.894s] INFO:colcon.colcon_notification.desktop_notification:Sending desktop notification using 'notify2'
[39.897s] DEBUG:colcon.colcon_notification.desktop_notification.notify2:Failed to initialize notify2: org.freedesktop.DBus.Error.ServiceUnknown: The name org.freedesktop.Notifications was not provided by any .service files
[39.897s] DEBUG:colcon.colcon_core.event_reactor:joined thread
[39.899s] INFO:colcon.colcon_core.shell:Creating prefix script '/home/ubuntu/ros2_ws/install/local_setup.ps1'
[39.903s] INFO:colcon.colcon_core.shell:Creating prefix util module '/home/ubuntu/ros2_ws/install/_local_setup_util_ps1.py'
[39.909s] INFO:colcon.colcon_core.shell:Creating prefix chain script '/home/ubuntu/ros2_ws/install/setup.ps1'
[39.915s] INFO:colcon.colcon_core.shell:Creating prefix script '/home/ubuntu/ros2_ws/install/local_setup.sh'
[39.918s] INFO:colcon.colcon_core.shell:Creating prefix util module '/home/ubuntu/ros2_ws/install/_local_setup_util_sh.py'
[39.921s] INFO:colcon.colcon_core.shell:Creating prefix chain script '/home/ubuntu/ros2_ws/install/setup.sh'
[39.926s] INFO:colcon.colcon_core.shell:Creating prefix script '/home/ubuntu/ros2_ws/install/local_setup.bash'
[39.929s] INFO:colcon.colcon_core.shell:Creating prefix chain script '/home/ubuntu/ros2_ws/install/setup.bash'
[39.935s] INFO:colcon.colcon_core.shell:Creating prefix script '/home/ubuntu/ros2_ws/install/local_setup.zsh'
[39.939s] INFO:colcon.colcon_core.shell:Creating prefix chain script '/home/ubuntu/ros2_ws/install/setup.zsh'
