[1.043s] DEBUG:colcon:Command line arguments: ['/usr/bin/colcon', 'build', '--symlink-install', '--packages-select', 'camera1-2']
[1.044s] DEBUG:colcon:Parsed command line arguments: Namespace(allow_overriding=[], ament_cmake_args=None, base_paths=['.'], build_base='build', catkin_cmake_args=None, catkin_skip_building_tests=False, cmake_args=None, cmake_clean_cache=False, cmake_clean_first=False, cmake_force_configure=False, cmake_target=None, cmake_target_skip_unavailable=False, continue_on_error=False, event_handlers=None, executor='parallel', ignore_user_meta=False, install_base='install', log_base=None, log_level=None, main=<bound method BuildVerb.main of <colcon_core.verb.build.BuildVerb object at 0xffffa1194d90>>, merge_install=False, metas=['./colcon.meta'], mixin=None, mixin_files=None, mixin_verb=('build',), packages_above=None, packages_above_and_dependencies=None, packages_above_depth=None, packages_end=None, packages_ignore=None, packages_ignore_regex=None, packages_select=['camera1-2'], packages_select_build_failed=False, packages_select_by_dep=None, packages_select_regex=None, packages_select_test_failures=False, packages_skip=None, packages_skip_build_finished=False, packages_skip_by_dep=None, packages_skip_regex=None, packages_skip_test_passed=False, packages_skip_up_to=None, packages_start=None, packages_up_to=None, packages_up_to_regex=None, parallel_workers=4, paths=None, symlink_install=True, test_result_base=None, verb_extension=<colcon_core.verb.build.BuildVerb object at 0xffffa1194d90>, verb_name='build', verb_parser=<colcon_mixin.mixin.mixin_argument.MixinArgumentDecorator object at 0xffffa10f2790>)
[1.917s] Level 1:colcon.colcon_core.package_discovery:discover_packages(colcon_meta) check parameters
[1.917s] Level 1:colcon.colcon_core.package_discovery:discover_packages(recursive) check parameters
[1.917s] Level 1:colcon.colcon_core.package_discovery:discover_packages(ignore) check parameters
[1.918s] Level 1:colcon.colcon_core.package_discovery:discover_packages(path) check parameters
[1.918s] Level 1:colcon.colcon_core.package_discovery:discover_packages(colcon_meta) discover
[1.918s] Level 1:colcon.colcon_core.package_discovery:discover_packages(recursive) discover
[1.918s] INFO:colcon.colcon_core.package_discovery:Crawling recursively for packages in '/home/ubuntu/ros2_ws'
[1.919s] Level 1:colcon.colcon_core.package_identification:_identify(.) by extensions ['ignore', 'ignore_ament_install']
[1.920s] Level 1:colcon.colcon_core.package_identification:_identify(.) by extension 'ignore'
[1.920s] Level 1:colcon.colcon_core.package_identification:_identify(.) by extension 'ignore_ament_install'
[1.921s] Level 1:colcon.colcon_core.package_identification:_identify(.) by extensions ['colcon_pkg']
[1.921s] Level 1:colcon.colcon_core.package_identification:_identify(.) by extension 'colcon_pkg'
[1.921s] Level 1:colcon.colcon_core.package_identification:_identify(.) by extensions ['colcon_meta']
[1.921s] Level 1:colcon.colcon_core.package_identification:_identify(.) by extension 'colcon_meta'
[1.922s] Level 1:colcon.colcon_core.package_identification:_identify(.) by extensions ['ros']
[1.922s] Level 1:colcon.colcon_core.package_identification:_identify(.) by extension 'ros'
[1.972s] Level 1:colcon.colcon_core.package_identification:_identify(.) by extensions ['cmake', 'python']
[1.973s] Level 1:colcon.colcon_core.package_identification:_identify(.) by extension 'cmake'
[1.973s] Level 1:colcon.colcon_core.package_identification:_identify(.) by extension 'python'
[1.973s] Level 1:colcon.colcon_core.package_identification:_identify(.) by extensions ['python_setup_py']
[1.973s] Level 1:colcon.colcon_core.package_identification:_identify(.) by extension 'python_setup_py'
[1.974s] Level 1:colcon.colcon_core.package_identification:_identify(build) by extensions ['ignore', 'ignore_ament_install']
[1.975s] Level 1:colcon.colcon_core.package_identification:_identify(build) by extension 'ignore'
[1.975s] Level 1:colcon.colcon_core.package_identification:_identify(build) ignored
[1.976s] Level 1:colcon.colcon_core.package_identification:_identify(install) by extensions ['ignore', 'ignore_ament_install']
[1.976s] Level 1:colcon.colcon_core.package_identification:_identify(install) by extension 'ignore'
[1.976s] Level 1:colcon.colcon_core.package_identification:_identify(install) ignored
[1.977s] Level 1:colcon.colcon_core.package_identification:_identify(log) by extensions ['ignore', 'ignore_ament_install']
[1.978s] Level 1:colcon.colcon_core.package_identification:_identify(log) by extension 'ignore'
[1.978s] Level 1:colcon.colcon_core.package_identification:_identify(log) ignored
[1.979s] Level 1:colcon.colcon_core.package_identification:_identify(src) by extensions ['ignore', 'ignore_ament_install']
[1.979s] Level 1:colcon.colcon_core.package_identification:_identify(src) by extension 'ignore'
[1.979s] Level 1:colcon.colcon_core.package_identification:_identify(src) by extension 'ignore_ament_install'
[1.980s] Level 1:colcon.colcon_core.package_identification:_identify(src) by extensions ['colcon_pkg']
[1.980s] Level 1:colcon.colcon_core.package_identification:_identify(src) by extension 'colcon_pkg'
[1.980s] Level 1:colcon.colcon_core.package_identification:_identify(src) by extensions ['colcon_meta']
[1.980s] Level 1:colcon.colcon_core.package_identification:_identify(src) by extension 'colcon_meta'
[1.981s] Level 1:colcon.colcon_core.package_identification:_identify(src) by extensions ['ros']
[1.981s] Level 1:colcon.colcon_core.package_identification:_identify(src) by extension 'ros'
[1.981s] Level 1:colcon.colcon_core.package_identification:_identify(src) by extensions ['cmake', 'python']
[1.982s] Level 1:colcon.colcon_core.package_identification:_identify(src) by extension 'cmake'
[1.982s] Level 1:colcon.colcon_core.package_identification:_identify(src) by extension 'python'
[1.982s] Level 1:colcon.colcon_core.package_identification:_identify(src) by extensions ['python_setup_py']
[1.982s] Level 1:colcon.colcon_core.package_identification:_identify(src) by extension 'python_setup_py'
[1.983s] Level 1:colcon.colcon_core.package_identification:_identify(src/camera1-1) by extensions ['ignore', 'ignore_ament_install']
[1.983s] Level 1:colcon.colcon_core.package_identification:_identify(src/camera1-1) by extension 'ignore'
[1.984s] Level 1:colcon.colcon_core.package_identification:_identify(src/camera1-1) by extension 'ignore_ament_install'
[1.984s] Level 1:colcon.colcon_core.package_identification:_identify(src/camera1-1) by extensions ['colcon_pkg']
[1.984s] Level 1:colcon.colcon_core.package_identification:_identify(src/camera1-1) by extension 'colcon_pkg'
[1.984s] Level 1:colcon.colcon_core.package_identification:_identify(src/camera1-1) by extensions ['colcon_meta']
[1.985s] Level 1:colcon.colcon_core.package_identification:_identify(src/camera1-1) by extension 'colcon_meta'
[1.985s] Level 1:colcon.colcon_core.package_identification:_identify(src/camera1-1) by extensions ['ros']
[1.985s] Level 1:colcon.colcon_core.package_identification:_identify(src/camera1-1) by extension 'ros'
[1.997s] DEBUG:colcon.colcon_core.package_identification:Package 'src/camera1-1' with type 'ros.ament_cmake' and name 'camera1-1'
[1.997s] Level 1:colcon.colcon_core.package_identification:_identify(src/camera1-2) by extensions ['ignore', 'ignore_ament_install']
[1.998s] Level 1:colcon.colcon_core.package_identification:_identify(src/camera1-2) by extension 'ignore'
[1.998s] Level 1:colcon.colcon_core.package_identification:_identify(src/camera1-2) by extension 'ignore_ament_install'
[1.999s] Level 1:colcon.colcon_core.package_identification:_identify(src/camera1-2) by extensions ['colcon_pkg']
[1.999s] Level 1:colcon.colcon_core.package_identification:_identify(src/camera1-2) by extension 'colcon_pkg'
[1.999s] Level 1:colcon.colcon_core.package_identification:_identify(src/camera1-2) by extensions ['colcon_meta']
[1.999s] Level 1:colcon.colcon_core.package_identification:_identify(src/camera1-2) by extension 'colcon_meta'
[2.000s] Level 1:colcon.colcon_core.package_identification:_identify(src/camera1-2) by extensions ['ros']
[2.000s] Level 1:colcon.colcon_core.package_identification:_identify(src/camera1-2) by extension 'ros'
[2.004s] DEBUG:colcon.colcon_core.package_identification:Package 'src/camera1-2' with type 'ros.ament_cmake' and name 'camera1-2'
[2.004s] Level 1:colcon.colcon_core.package_identification:_identify(src/camera1-3) by extensions ['ignore', 'ignore_ament_install']
[2.005s] Level 1:colcon.colcon_core.package_identification:_identify(src/camera1-3) by extension 'ignore'
[2.005s] Level 1:colcon.colcon_core.package_identification:_identify(src/camera1-3) by extension 'ignore_ament_install'
[2.006s] Level 1:colcon.colcon_core.package_identification:_identify(src/camera1-3) by extensions ['colcon_pkg']
[2.006s] Level 1:colcon.colcon_core.package_identification:_identify(src/camera1-3) by extension 'colcon_pkg'
[2.006s] Level 1:colcon.colcon_core.package_identification:_identify(src/camera1-3) by extensions ['colcon_meta']
[2.006s] Level 1:colcon.colcon_core.package_identification:_identify(src/camera1-3) by extension 'colcon_meta'
[2.006s] Level 1:colcon.colcon_core.package_identification:_identify(src/camera1-3) by extensions ['ros']
[2.006s] Level 1:colcon.colcon_core.package_identification:_identify(src/camera1-3) by extension 'ros'
[2.010s] DEBUG:colcon.colcon_core.package_identification:Package 'src/camera1-3' with type 'ros.ament_cmake' and name 'camera'
[2.010s] Level 1:colcon.colcon_core.package_discovery:discover_packages(recursive) using defaults
[2.011s] Level 1:colcon.colcon_core.package_discovery:discover_packages(ignore) discover
[2.011s] Level 1:colcon.colcon_core.package_discovery:discover_packages(ignore) using defaults
[2.011s] Level 1:colcon.colcon_core.package_discovery:discover_packages(path) discover
[2.011s] Level 1:colcon.colcon_core.package_discovery:discover_packages(path) using defaults
[2.121s] INFO:colcon.colcon_core.package_selection:Skipping not selected package 'camera' in 'src/camera1-3'
[2.121s] INFO:colcon.colcon_core.package_selection:Skipping not selected package 'camera1-1' in 'src/camera1-1'
[2.123s] Level 1:colcon.colcon_core.package_discovery:discover_packages(prefix_path) check parameters
[2.123s] Level 1:colcon.colcon_core.package_discovery:discover_packages(prefix_path) discover
[2.133s] DEBUG:colcon.colcon_installed_package_information.package_discovery:Found 3 installed packages in /home/ubuntu/ros2_ws/install
[2.141s] DEBUG:colcon.colcon_installed_package_information.package_discovery:Found 256 installed packages in /opt/ros/foxy
[2.148s] Level 1:colcon.colcon_core.package_discovery:discover_packages(prefix_path) using defaults
[2.543s] Level 5:colcon.colcon_core.verb:set package 'camera1-2' build argument 'cmake_args' from command line to 'None'
[2.543s] Level 5:colcon.colcon_core.verb:set package 'camera1-2' build argument 'cmake_target' from command line to 'None'
[2.543s] Level 5:colcon.colcon_core.verb:set package 'camera1-2' build argument 'cmake_target_skip_unavailable' from command line to 'False'
[2.543s] Level 5:colcon.colcon_core.verb:set package 'camera1-2' build argument 'cmake_clean_cache' from command line to 'False'
[2.544s] Level 5:colcon.colcon_core.verb:set package 'camera1-2' build argument 'cmake_clean_first' from command line to 'False'
[2.544s] Level 5:colcon.colcon_core.verb:set package 'camera1-2' build argument 'cmake_force_configure' from command line to 'False'
[2.544s] Level 5:colcon.colcon_core.verb:set package 'camera1-2' build argument 'ament_cmake_args' from command line to 'None'
[2.544s] Level 5:colcon.colcon_core.verb:set package 'camera1-2' build argument 'catkin_cmake_args' from command line to 'None'
[2.544s] Level 5:colcon.colcon_core.verb:set package 'camera1-2' build argument 'catkin_skip_building_tests' from command line to 'False'
[2.544s] DEBUG:colcon.colcon_core.verb:Building package 'camera1-2' with the following arguments: {'ament_cmake_args': None, 'build_base': '/home/ubuntu/ros2_ws/build/camera1-2', 'catkin_cmake_args': None, 'catkin_skip_building_tests': False, 'cmake_args': None, 'cmake_clean_cache': False, 'cmake_clean_first': False, 'cmake_force_configure': False, 'cmake_target': None, 'cmake_target_skip_unavailable': False, 'install_base': '/home/ubuntu/ros2_ws/install/camera1-2', 'merge_install': False, 'path': '/home/ubuntu/ros2_ws/src/camera1-2', 'symlink_install': True, 'test_result_base': None}
[2.545s] INFO:colcon.colcon_core.executor:Executing jobs using 'parallel' executor
[2.549s] DEBUG:colcon.colcon_parallel_executor.executor.parallel:run_until_complete
[2.551s] INFO:colcon.colcon_ros.task.ament_cmake.build:Building ROS package in '/home/ubuntu/ros2_ws/src/camera1-2' with build type 'ament_cmake'
[2.551s] INFO:colcon.colcon_cmake.task.cmake.build:Building CMake package in '/home/ubuntu/ros2_ws/src/camera1-2'
[2.562s] INFO:colcon.colcon_core.plugin_system:Skipping extension 'colcon_core.shell.bat': Not used on non-Windows systems
[2.563s] INFO:colcon.colcon_core.shell:Skip shell extension 'powershell' for command environment: Not usable outside of PowerShell
[2.563s] DEBUG:colcon.colcon_core.shell:Skip shell extension 'dsv' for command environment
[2.605s] DEBUG:colcon.colcon_core.event_handler.log_command:Invoking command in '/home/ubuntu/ros2_ws/build/camera1-2': CMAKE_PREFIX_PATH=${CMAKE_PREFIX_PATH}:/opt/ros/foxy /usr/bin/cmake --build /home/ubuntu/ros2_ws/build/camera1-2 -- -j4 -l4
[33.501s] DEBUG:colcon.colcon_core.event_handler.log_command:Invoked command in '/home/ubuntu/ros2_ws/build/camera1-2' returned '0': CMAKE_PREFIX_PATH=${CMAKE_PREFIX_PATH}:/opt/ros/foxy /usr/bin/cmake --build /home/ubuntu/ros2_ws/build/camera1-2 -- -j4 -l4
[33.550s] DEBUG:colcon.colcon_core.event_handler.log_command:Invoking command in '/home/ubuntu/ros2_ws/build/camera1-2': CMAKE_PREFIX_PATH=${CMAKE_PREFIX_PATH}:/opt/ros/foxy /usr/bin/cmake --install /home/ubuntu/ros2_ws/build/camera1-2
[33.648s] Level 1:colcon.colcon_core.environment:create_environment_scripts_only(camera1-2)
[33.651s] DEBUG:colcon.colcon_core.event_handler.log_command:Invoked command in '/home/ubuntu/ros2_ws/build/camera1-2' returned '0': CMAKE_PREFIX_PATH=${CMAKE_PREFIX_PATH}:/opt/ros/foxy /usr/bin/cmake --install /home/ubuntu/ros2_ws/build/camera1-2
[33.665s] Level 1:colcon.colcon_core.environment:checking '/home/ubuntu/ros2_ws/install/camera1-2' for CMake module files
[33.668s] Level 1:colcon.colcon_core.environment:checking '/home/ubuntu/ros2_ws/install/camera1-2' for CMake config files
[33.671s] Level 1:colcon.colcon_core.shell:create_environment_hook('camera1-2', 'cmake_prefix_path')
[33.672s] INFO:colcon.colcon_core.shell:Creating environment hook '/home/ubuntu/ros2_ws/install/camera1-2/share/camera1-2/hook/cmake_prefix_path.ps1'
[33.675s] INFO:colcon.colcon_core.shell:Creating environment descriptor '/home/ubuntu/ros2_ws/install/camera1-2/share/camera1-2/hook/cmake_prefix_path.dsv'
[33.678s] INFO:colcon.colcon_core.shell:Creating environment hook '/home/ubuntu/ros2_ws/install/camera1-2/share/camera1-2/hook/cmake_prefix_path.sh'
[33.683s] Level 1:colcon.colcon_core.environment:checking '/home/ubuntu/ros2_ws/install/camera1-2/lib'
[33.684s] Level 1:colcon.colcon_core.environment:checking '/home/ubuntu/ros2_ws/install/camera1-2/bin'
[33.684s] Level 1:colcon.colcon_core.environment:checking '/home/ubuntu/ros2_ws/install/camera1-2/lib/pkgconfig/camera1-2.pc'
[33.685s] Level 1:colcon.colcon_core.environment:checking '/home/ubuntu/ros2_ws/install/camera1-2/lib/python3.8/site-packages'
[33.687s] Level 1:colcon.colcon_core.environment:checking '/home/ubuntu/ros2_ws/install/camera1-2/bin'
[33.688s] INFO:colcon.colcon_core.shell:Creating package script '/home/ubuntu/ros2_ws/install/camera1-2/share/camera1-2/package.ps1'
[33.692s] INFO:colcon.colcon_core.shell:Creating package descriptor '/home/ubuntu/ros2_ws/install/camera1-2/share/camera1-2/package.dsv'
[33.695s] INFO:colcon.colcon_core.shell:Creating package script '/home/ubuntu/ros2_ws/install/camera1-2/share/camera1-2/package.sh'
[33.699s] INFO:colcon.colcon_core.shell:Creating package script '/home/ubuntu/ros2_ws/install/camera1-2/share/camera1-2/package.bash'
[33.703s] INFO:colcon.colcon_core.shell:Creating package script '/home/ubuntu/ros2_ws/install/camera1-2/share/camera1-2/package.zsh'
[33.706s] Level 1:colcon.colcon_core.environment:create_file_with_runtime_dependencies(/home/ubuntu/ros2_ws/install/camera1-2/share/colcon-core/packages/camera1-2)
[33.709s] Level 1:colcon.colcon_core.environment:create_environment_scripts_only(camera1-2)
[33.710s] Level 1:colcon.colcon_core.environment:checking '/home/ubuntu/ros2_ws/install/camera1-2' for CMake module files
[33.713s] Level 1:colcon.colcon_core.environment:checking '/home/ubuntu/ros2_ws/install/camera1-2' for CMake config files
[33.715s] Level 1:colcon.colcon_core.shell:create_environment_hook('camera1-2', 'cmake_prefix_path')
[33.716s] INFO:colcon.colcon_core.shell:Creating environment hook '/home/ubuntu/ros2_ws/install/camera1-2/share/camera1-2/hook/cmake_prefix_path.ps1'
[33.718s] INFO:colcon.colcon_core.shell:Creating environment descriptor '/home/ubuntu/ros2_ws/install/camera1-2/share/camera1-2/hook/cmake_prefix_path.dsv'
[33.721s] INFO:colcon.colcon_core.shell:Creating environment hook '/home/ubuntu/ros2_ws/install/camera1-2/share/camera1-2/hook/cmake_prefix_path.sh'
[33.725s] Level 1:colcon.colcon_core.environment:checking '/home/ubuntu/ros2_ws/install/camera1-2/lib'
[33.725s] Level 1:colcon.colcon_core.environment:checking '/home/ubuntu/ros2_ws/install/camera1-2/bin'
[33.726s] Level 1:colcon.colcon_core.environment:checking '/home/ubuntu/ros2_ws/install/camera1-2/lib/pkgconfig/camera1-2.pc'
[33.727s] Level 1:colcon.colcon_core.environment:checking '/home/ubuntu/ros2_ws/install/camera1-2/lib/python3.8/site-packages'
[33.728s] Level 1:colcon.colcon_core.environment:checking '/home/ubuntu/ros2_ws/install/camera1-2/bin'
[33.729s] INFO:colcon.colcon_core.shell:Creating package script '/home/ubuntu/ros2_ws/install/camera1-2/share/camera1-2/package.ps1'
[33.733s] INFO:colcon.colcon_core.shell:Creating package descriptor '/home/ubuntu/ros2_ws/install/camera1-2/share/camera1-2/package.dsv'
[33.736s] INFO:colcon.colcon_core.shell:Creating package script '/home/ubuntu/ros2_ws/install/camera1-2/share/camera1-2/package.sh'
[33.738s] INFO:colcon.colcon_core.shell:Creating package script '/home/ubuntu/ros2_ws/install/camera1-2/share/camera1-2/package.bash'
[33.741s] INFO:colcon.colcon_core.shell:Creating package script '/home/ubuntu/ros2_ws/install/camera1-2/share/camera1-2/package.zsh'
[33.744s] Level 1:colcon.colcon_core.environment:create_file_with_runtime_dependencies(/home/ubuntu/ros2_ws/install/camera1-2/share/colcon-core/packages/camera1-2)
[33.746s] DEBUG:colcon.colcon_parallel_executor.executor.parallel:closing loop
[33.747s] DEBUG:colcon.colcon_parallel_executor.executor.parallel:loop closed
[33.747s] DEBUG:colcon.colcon_parallel_executor.executor.parallel:run_until_complete finished with '0'
[33.748s] DEBUG:colcon.colcon_core.event_reactor:joining thread
[33.775s] INFO:colcon.colcon_core.plugin_system:Skipping extension 'colcon_notification.desktop_notification.notify_send': Could not find 'notify-send'
[33.776s] INFO:colcon.colcon_core.plugin_system:Skipping extension 'colcon_notification.desktop_notification.terminal_notifier': Not used on non-Darwin systems
[33.776s] INFO:colcon.colcon_core.plugin_system:Skipping extension 'colcon_notification.desktop_notification.win32': Not used on non-Windows systems
[33.777s] INFO:colcon.colcon_notification.desktop_notification:Sending desktop notification using 'notify2'
[33.780s] DEBUG:colcon.colcon_notification.desktop_notification.notify2:Failed to initialize notify2: org.freedesktop.DBus.Error.ServiceUnknown: The name org.freedesktop.Notifications was not provided by any .service files
[33.780s] DEBUG:colcon.colcon_core.event_reactor:joined thread
[33.781s] INFO:colcon.colcon_core.shell:Creating prefix script '/home/ubuntu/ros2_ws/install/local_setup.ps1'
[33.786s] INFO:colcon.colcon_core.shell:Creating prefix util module '/home/ubuntu/ros2_ws/install/_local_setup_util_ps1.py'
[33.792s] INFO:colcon.colcon_core.shell:Creating prefix chain script '/home/ubuntu/ros2_ws/install/setup.ps1'
[33.798s] INFO:colcon.colcon_core.shell:Creating prefix script '/home/ubuntu/ros2_ws/install/local_setup.sh'
[33.801s] INFO:colcon.colcon_core.shell:Creating prefix util module '/home/ubuntu/ros2_ws/install/_local_setup_util_sh.py'
[33.804s] INFO:colcon.colcon_core.shell:Creating prefix chain script '/home/ubuntu/ros2_ws/install/setup.sh'
[33.810s] INFO:colcon.colcon_core.shell:Creating prefix script '/home/ubuntu/ros2_ws/install/local_setup.bash'
[33.813s] INFO:colcon.colcon_core.shell:Creating prefix chain script '/home/ubuntu/ros2_ws/install/setup.bash'
[33.818s] INFO:colcon.colcon_core.shell:Creating prefix script '/home/ubuntu/ros2_ws/install/local_setup.zsh'
[33.821s] INFO:colcon.colcon_core.shell:Creating prefix chain script '/home/ubuntu/ros2_ws/install/setup.zsh'
