[0.010s] Invoking command in '/home/linux/ros2_ws/src/build/pub2-2': CMAKE_PREFIX_PATH=${CMAKE_PREFIX_PATH}:/opt/ros/foxy /usr/bin/cmake --build /home/linux/ros2_ws/src/build/pub2-2 -- -j16 -l16
[0.095s] [100%] Built target pub2-2
[0.102s] Invoked command in '/home/linux/ros2_ws/src/build/pub2-2' returned '0': CMAKE_PREFIX_PATH=${CMAKE_PREFIX_PATH}:/opt/ros/foxy /usr/bin/cmake --build /home/linux/ros2_ws/src/build/pub2-2 -- -j16 -l16
[0.110s] Invoking command in '/home/linux/ros2_ws/src/build/pub2-2': CMAKE_PREFIX_PATH=${CMAKE_PREFIX_PATH}:/opt/ros/foxy /usr/bin/cmake --install /home/linux/ros2_ws/src/build/pub2-2
[0.114s] -- Install configuration: ""
[0.114s] -- Execute custom install script
[0.115s] -- Up-to-date symlink: /home/linux/ros2_ws/src/install/pub2-2/lib/pub2-2/pub2-2
[0.115s] -- Up-to-date symlink: /home/linux/ros2_ws/src/install/pub2-2/share/ament_index/resource_index/package_run_dependencies/pub2-2
[0.115s] -- Up-to-date symlink: /home/linux/ros2_ws/src/install/pub2-2/share/ament_index/resource_index/parent_prefix_path/pub2-2
[0.116s] -- Up-to-date symlink: /home/linux/ros2_ws/src/install/pub2-2/share/pub2-2/environment/ament_prefix_path.sh
[0.116s] -- Up-to-date symlink: /home/linux/ros2_ws/src/install/pub2-2/share/pub2-2/environment/ament_prefix_path.dsv
[0.116s] -- Up-to-date symlink: /home/linux/ros2_ws/src/install/pub2-2/share/pub2-2/environment/path.sh
[0.117s] -- Up-to-date symlink: /home/linux/ros2_ws/src/install/pub2-2/share/pub2-2/environment/path.dsv
[0.117s] -- Up-to-date symlink: /home/linux/ros2_ws/src/install/pub2-2/share/pub2-2/local_setup.bash
[0.117s] -- Up-to-date symlink: /home/linux/ros2_ws/src/install/pub2-2/share/pub2-2/local_setup.sh
[0.118s] -- Up-to-date symlink: /home/linux/ros2_ws/src/install/pub2-2/share/pub2-2/local_setup.zsh
[0.118s] -- Up-to-date symlink: /home/linux/ros2_ws/src/install/pub2-2/share/pub2-2/local_setup.dsv
[0.118s] -- Symlinking: /home/linux/ros2_ws/src/install/pub2-2/share/pub2-2/package.dsv
[0.125s] -- Up-to-date symlink: /home/linux/ros2_ws/src/install/pub2-2/share/ament_index/resource_index/packages/pub2-2
[0.125s] -- Up-to-date symlink: /home/linux/ros2_ws/src/install/pub2-2/share/pub2-2/cmake/pub2-2Config.cmake
[0.125s] -- Up-to-date symlink: /home/linux/ros2_ws/src/install/pub2-2/share/pub2-2/cmake/pub2-2Config-version.cmake
[0.125s] -- Up-to-date symlink: /home/linux/ros2_ws/src/install/pub2-2/share/pub2-2/package.xml
[0.127s] Invoked command in '/home/linux/ros2_ws/src/build/pub2-2' returned '0': CMAKE_PREFIX_PATH=${CMAKE_PREFIX_PATH}:/opt/ros/foxy /usr/bin/cmake --install /home/linux/ros2_ws/src/build/pub2-2
