[0.052s] Invoking command in '/home/ubuntu/ros2_ws/build/camera': CMAKE_PREFIX_PATH=${CMAKE_PREFIX_PATH}:/opt/ros/foxy /usr/bin/cmake --build /home/ubuntu/ros2_ws/build/camera -- -j4 -l4
[0.248s] [35m[1mScanning dependencies of target pub[0m
[0.253s] [35m[1mScanning dependencies of target sub_jetson[0m
[0.369s] [ 33%] Built target sub_wsl
[0.425s] [ 50%] [32mBuilding CXX object CMakeFiles/pub.dir/src/pub.cpp.o[0m
[0.455s] [ 66%] [32mBuilding CXX object CMakeFiles/sub_jetson.dir/src/sub_jetson.cpp.o[0m
[21.039s] [ 83%] [32m[1mLinking CXX executable pub[0m
[23.186s] [ 83%] Built target pub
[28.003s] [100%] [32m[1mLinking CXX executable sub_jetson[0m
[30.294s] [100%] Built target sub_jetson
[30.331s] Invoked command in '/home/ubuntu/ros2_ws/build/camera' returned '0': CMAKE_PREFIX_PATH=${CMAKE_PREFIX_PATH}:/opt/ros/foxy /usr/bin/cmake --build /home/ubuntu/ros2_ws/build/camera -- -j4 -l4
[30.378s] Invoking command in '/home/ubuntu/ros2_ws/build/camera': CMAKE_PREFIX_PATH=${CMAKE_PREFIX_PATH}:/opt/ros/foxy /usr/bin/cmake --install /home/ubuntu/ros2_ws/build/camera
[30.410s] -- Install configuration: ""
[30.412s] -- Execute custom install script
[30.414s] -- Up-to-date symlink: /home/ubuntu/ros2_ws/install/camera/lib/camera/pub
[30.415s] -- Up-to-date symlink: /home/ubuntu/ros2_ws/install/camera/lib/camera/sub_jetson
[30.416s] -- Up-to-date symlink: /home/ubuntu/ros2_ws/install/camera/lib/camera/sub_wsl
[30.417s] -- Up-to-date symlink: /home/ubuntu/ros2_ws/install/camera/share/ament_index/resource_index/package_run_dependencies/camera
[30.418s] -- Up-to-date symlink: /home/ubuntu/ros2_ws/install/camera/share/ament_index/resource_index/parent_prefix_path/camera
[30.420s] -- Up-to-date symlink: /home/ubuntu/ros2_ws/install/camera/share/camera/environment/ament_prefix_path.sh
[30.421s] -- Up-to-date symlink: /home/ubuntu/ros2_ws/install/camera/share/camera/environment/ament_prefix_path.dsv
[30.422s] -- Up-to-date symlink: /home/ubuntu/ros2_ws/install/camera/share/camera/environment/path.sh
[30.423s] -- Up-to-date symlink: /home/ubuntu/ros2_ws/install/camera/share/camera/environment/path.dsv
[30.424s] -- Up-to-date symlink: /home/ubuntu/ros2_ws/install/camera/share/camera/local_setup.bash
[30.425s] -- Up-to-date symlink: /home/ubuntu/ros2_ws/install/camera/share/camera/local_setup.sh
[30.426s] -- Up-to-date symlink: /home/ubuntu/ros2_ws/install/camera/share/camera/local_setup.zsh
[30.428s] -- Up-to-date symlink: /home/ubuntu/ros2_ws/install/camera/share/camera/local_setup.dsv
[30.428s] -- Symlinking: /home/ubuntu/ros2_ws/install/camera/share/camera/package.dsv
[30.462s] -- Up-to-date symlink: /home/ubuntu/ros2_ws/install/camera/share/ament_index/resource_index/packages/camera
[30.463s] -- Up-to-date symlink: /home/ubuntu/ros2_ws/install/camera/share/camera/cmake/cameraConfig.cmake
[30.464s] -- Up-to-date symlink: /home/ubuntu/ros2_ws/install/camera/share/camera/cmake/cameraConfig-version.cmake
[30.465s] -- Up-to-date symlink: /home/ubuntu/ros2_ws/install/camera/share/camera/package.xml
[30.471s] Invoked command in '/home/ubuntu/ros2_ws/build/camera' returned '0': CMAKE_PREFIX_PATH=${CMAKE_PREFIX_PATH}:/opt/ros/foxy /usr/bin/cmake --install /home/ubuntu/ros2_ws/build/camera
