-- The C compiler identification is GNU 9.4.0
-- The CXX compiler identification is GNU 9.4.0
-- Check for working C compiler: /usr/bin/cc
-- Check for working C compiler: /usr/bin/cc -- works
-- Detecting C compiler ABI info
-- Detecting C compiler ABI info - done
-- Detecting C compile features
-- Detecting C compile features - done
-- Check for working CXX compiler: /usr/bin/c++
-- Check for working CXX compiler: /usr/bin/c++ -- works
-- Detecting CXX compiler ABI info
-- Detecting CXX compiler ABI info - done
-- Detecting CXX compile features
-- Detecting CXX compile features - done
-- Found ament_cmake: 0.9.12 (/opt/ros/foxy/share/ament_cmake/cmake)
-- Found PythonInterp: /usr/bin/python3 (found suitable version "3.8.10", minimum required is "3") 
-- Using PYTHON_EXECUTABLE: /usr/bin/python3
-- Override CMake install command with custom implementation using symlinks instead of copying resources
-- Found rclcpp: 2.4.3 (/opt/ros/foxy/share/rclcpp/cmake)
-- Using all available rosidl_typesupport_c: rosidl_typesupport_fastrtps_c;rosidl_typesupport_introspection_c
-- Found rosidl_adapter: 1.3.1 (/opt/ros/foxy/share/rosidl_adapter/cmake)
-- Found OpenSSL: /usr/lib/aarch64-linux-gnu/libcrypto.so (found version "1.1.1f")  
-- Found FastRTPS: /opt/ros/foxy/include  
-- Using all available rosidl_typesupport_cpp: rosidl_typesupport_fastrtps_cpp;rosidl_typesupport_introspection_cpp
-- Found rmw_implementation_cmake: 1.0.4 (/opt/ros/foxy/share/rmw_implementation_cmake/cmake)
-- Using RMW implementation 'rmw_fastrtps_cpp' as default
-- Looking for pthread.h
-- Looking for pthread.h - found
-- Performing Test CMAKE_HAVE_LIBC_PTHREAD
-- Performing Test CMAKE_HAVE_LIBC_PTHREAD - Failed
-- Looking for pthread_create in pthreads
-- Looking for pthread_create in pthreads - not found
-- Looking for pthread_create in pthread
-- Looking for pthread_create in pthread - found
-- Found Threads: TRUE  
-- Found sensor_msgs: 2.0.5 (/opt/ros/foxy/share/sensor_msgs/cmake)
-- Found cv_bridge: 3.0.7 (/opt/ros/foxy/share/cv_bridge/cmake)
-- Found OpenCV: /usr (found version "4.2.0") 
-- Configuring done
-- Generating done
-- Build files have been written to: /home/ubuntu/ros2_ws/build/camera
[35m[1mScanning dependencies of target sub_wsl[0m
[35m[1mScanning dependencies of target sub_jetson[0m
[35m[1mScanning dependencies of target pub[0m
[ 16%] [32mBuilding CXX object CMakeFiles/sub_jetson.dir/src/sub_jetson.cpp.o[0m
[ 50%] [32mBuilding CXX object CMakeFiles/pub.dir/src/pub.cpp.o[0m
[ 50%] [32mBuilding CXX object CMakeFiles/sub_wsl.dir/src/sub_wsl.cpp.o[0m
[ 66%] [32m[1mLinking CXX executable pub[0m
[ 66%] Built target pub
[ 83%] [32m[1mLinking CXX executable sub_wsl[0m
[100%] [32m[1mLinking CXX executable sub_jetson[0m
[100%] Built target sub_wsl
[100%] Built target sub_jetson
-- Install configuration: ""
-- Execute custom install script
-- Symlinking: /home/ubuntu/ros2_ws/install/camera/lib/camera/pub
-- Symlinking: /home/ubuntu/ros2_ws/install/camera/lib/camera/sub_jetson
-- Symlinking: /home/ubuntu/ros2_ws/install/camera/lib/camera/sub_wsl
-- Symlinking: /home/ubuntu/ros2_ws/install/camera/share/ament_index/resource_index/package_run_dependencies/camera
-- Symlinking: /home/ubuntu/ros2_ws/install/camera/share/ament_index/resource_index/parent_prefix_path/camera
-- Symlinking: /home/ubuntu/ros2_ws/install/camera/share/camera/environment/ament_prefix_path.sh
-- Symlinking: /home/ubuntu/ros2_ws/install/camera/share/camera/environment/ament_prefix_path.dsv
-- Symlinking: /home/ubuntu/ros2_ws/install/camera/share/camera/environment/path.sh
-- Symlinking: /home/ubuntu/ros2_ws/install/camera/share/camera/environment/path.dsv
-- Symlinking: /home/ubuntu/ros2_ws/install/camera/share/camera/local_setup.bash
-- Symlinking: /home/ubuntu/ros2_ws/install/camera/share/camera/local_setup.sh
-- Symlinking: /home/ubuntu/ros2_ws/install/camera/share/camera/local_setup.zsh
-- Symlinking: /home/ubuntu/ros2_ws/install/camera/share/camera/local_setup.dsv
-- Symlinking: /home/ubuntu/ros2_ws/install/camera/share/camera/package.dsv
-- Symlinking: /home/ubuntu/ros2_ws/install/camera/share/ament_index/resource_index/packages/camera
-- Symlinking: /home/ubuntu/ros2_ws/install/camera/share/camera/cmake/cameraConfig.cmake
-- Symlinking: /home/ubuntu/ros2_ws/install/camera/share/camera/cmake/cameraConfig-version.cmake
-- Symlinking: /home/ubuntu/ros2_ws/install/camera/share/camera/package.xml
