[0.054s] Invoking command in '/home/ubuntu/ros2_ws/build/camera': CMAKE_PREFIX_PATH=/opt/ros/foxy /usr/bin/cmake /home/ubuntu/ros2_ws/src/camera -DAMENT_CMAKE_SYMLINK_INSTALL=1 -DCMAKE_INSTALL_PREFIX=/home/ubuntu/ros2_ws/install/camera
[0.474s] -- The C compiler identification is GNU 9.4.0
[0.700s] -- The CXX compiler identification is GNU 9.4.0
[0.730s] -- Check for working C compiler: /usr/bin/cc
[1.013s] -- Check for working C compiler: /usr/bin/cc -- works
[1.019s] -- Detecting C compiler ABI info
[1.299s] -- Detecting C compiler ABI info - done
[1.336s] -- Detecting C compile features
[1.338s] -- Detecting C compile features - done
[1.350s] -- Check for working CXX compiler: /usr/bin/c++
[1.657s] -- Check for working CXX compiler: /usr/bin/c++ -- works
[1.662s] -- Detecting CXX compiler ABI info
[1.977s] -- Detecting CXX compiler ABI info - done
[2.015s] -- Detecting CXX compile features
[2.017s] -- Detecting CXX compile features - done
[2.052s] -- Found ament_cmake: 0.9.12 (/opt/ros/foxy/share/ament_cmake/cmake)
[2.184s] -- Found PythonInterp: /usr/bin/python3 (found suitable version "3.8.10", minimum required is "3") 
[2.185s] -- Using PYTHON_EXECUTABLE: /usr/bin/python3
[2.930s] -- Override CMake install command with custom implementation using symlinks instead of copying resources
[3.175s] -- Found rclcpp: 2.4.3 (/opt/ros/foxy/share/rclcpp/cmake)
[3.721s] -- Using all available rosidl_typesupport_c: rosidl_typesupport_fastrtps_c;rosidl_typesupport_introspection_c
[3.782s] -- Found rosidl_adapter: 1.3.1 (/opt/ros/foxy/share/rosidl_adapter/cmake)
[4.355s] -- Found OpenSSL: /usr/lib/aarch64-linux-gnu/libcrypto.so (found version "1.1.1f")  
[4.573s] -- Found FastRTPS: /opt/ros/foxy/include  
[5.130s] -- Using all available rosidl_typesupport_cpp: rosidl_typesupport_fastrtps_cpp;rosidl_typesupport_introspection_cpp
[5.441s] -- Found rmw_implementation_cmake: 1.0.4 (/opt/ros/foxy/share/rmw_implementation_cmake/cmake)
[5.450s] -- Using RMW implementation 'rmw_fastrtps_cpp' as default
[5.457s] -- Looking for pthread.h
[5.756s] -- Looking for pthread.h - found
[5.756s] -- Performing Test CMAKE_HAVE_LIBC_PTHREAD
[6.051s] -- Performing Test CMAKE_HAVE_LIBC_PTHREAD - Failed
[6.052s] -- Looking for pthread_create in pthreads
[6.297s] -- Looking for pthread_create in pthreads - not found
[6.297s] -- Looking for pthread_create in pthread
[6.586s] -- Looking for pthread_create in pthread - found
[6.589s] -- Found Threads: TRUE  
[7.281s] -- Found sensor_msgs: 2.0.5 (/opt/ros/foxy/share/sensor_msgs/cmake)
[7.738s] -- Found cv_bridge: 3.0.7 (/opt/ros/foxy/share/cv_bridge/cmake)
[7.872s] -- Found OpenCV: /usr (found version "4.2.0") 
[8.219s] -- Configuring done
[8.361s] -- Generating done
[8.431s] -- Build files have been written to: /home/ubuntu/ros2_ws/build/camera
[8.463s] Invoked command in '/home/ubuntu/ros2_ws/build/camera' returned '0': CMAKE_PREFIX_PATH=/opt/ros/foxy /usr/bin/cmake /home/ubuntu/ros2_ws/src/camera -DAMENT_CMAKE_SYMLINK_INSTALL=1 -DCMAKE_INSTALL_PREFIX=/home/ubuntu/ros2_ws/install/camera
[8.473s] Invoking command in '/home/ubuntu/ros2_ws/build/camera': CMAKE_PREFIX_PATH=/opt/ros/foxy /usr/bin/cmake --build /home/ubuntu/ros2_ws/build/camera -- -j4 -l4
[8.635s] [35m[1mScanning dependencies of target sub_wsl[0m
[8.635s] [35m[1mScanning dependencies of target sub_jetson[0m
[8.637s] [35m[1mScanning dependencies of target pub[0m
[9.188s] [ 16%] [32mBuilding CXX object CMakeFiles/sub_jetson.dir/src/sub_jetson.cpp.o[0m
[9.193s] [ 50%] [32mBuilding CXX object CMakeFiles/pub.dir/src/pub.cpp.o[0m
[9.193s] [ 50%] [32mBuilding CXX object CMakeFiles/sub_wsl.dir/src/sub_wsl.cpp.o[0m
[32.921s] [ 66%] [32m[1mLinking CXX executable pub[0m
[36.387s] [ 66%] Built target pub
[39.660s] [ 83%] [32m[1mLinking CXX executable sub_wsl[0m
[39.717s] [100%] [32m[1mLinking CXX executable sub_jetson[0m
[42.545s] [100%] Built target sub_wsl
[42.568s] [100%] Built target sub_jetson
[42.619s] Invoked command in '/home/ubuntu/ros2_ws/build/camera' returned '0': CMAKE_PREFIX_PATH=/opt/ros/foxy /usr/bin/cmake --build /home/ubuntu/ros2_ws/build/camera -- -j4 -l4
[42.666s] Invoking command in '/home/ubuntu/ros2_ws/build/camera': CMAKE_PREFIX_PATH=/opt/ros/foxy /usr/bin/cmake --install /home/ubuntu/ros2_ws/build/camera
[42.697s] -- Install configuration: ""
[42.699s] -- Execute custom install script
[42.700s] -- Symlinking: /home/ubuntu/ros2_ws/install/camera/lib/camera/pub
[42.733s] -- Symlinking: /home/ubuntu/ros2_ws/install/camera/lib/camera/sub_jetson
[42.766s] -- Symlinking: /home/ubuntu/ros2_ws/install/camera/lib/camera/sub_wsl
[42.802s] -- Symlinking: /home/ubuntu/ros2_ws/install/camera/share/ament_index/resource_index/package_run_dependencies/camera
[42.835s] -- Symlinking: /home/ubuntu/ros2_ws/install/camera/share/ament_index/resource_index/parent_prefix_path/camera
[42.869s] -- Symlinking: /home/ubuntu/ros2_ws/install/camera/share/camera/environment/ament_prefix_path.sh
[42.905s] -- Symlinking: /home/ubuntu/ros2_ws/install/camera/share/camera/environment/ament_prefix_path.dsv
[42.936s] -- Symlinking: /home/ubuntu/ros2_ws/install/camera/share/camera/environment/path.sh
[42.969s] -- Symlinking: /home/ubuntu/ros2_ws/install/camera/share/camera/environment/path.dsv
[43.002s] -- Symlinking: /home/ubuntu/ros2_ws/install/camera/share/camera/local_setup.bash
[43.034s] -- Symlinking: /home/ubuntu/ros2_ws/install/camera/share/camera/local_setup.sh
[43.065s] -- Symlinking: /home/ubuntu/ros2_ws/install/camera/share/camera/local_setup.zsh
[43.097s] -- Symlinking: /home/ubuntu/ros2_ws/install/camera/share/camera/local_setup.dsv
[43.129s] -- Symlinking: /home/ubuntu/ros2_ws/install/camera/share/camera/package.dsv
[43.162s] -- Symlinking: /home/ubuntu/ros2_ws/install/camera/share/ament_index/resource_index/packages/camera
[43.195s] -- Symlinking: /home/ubuntu/ros2_ws/install/camera/share/camera/cmake/cameraConfig.cmake
[43.227s] -- Symlinking: /home/ubuntu/ros2_ws/install/camera/share/camera/cmake/cameraConfig-version.cmake
[43.259s] -- Symlinking: /home/ubuntu/ros2_ws/install/camera/share/camera/package.xml
[43.298s] Invoked command in '/home/ubuntu/ros2_ws/build/camera' returned '0': CMAKE_PREFIX_PATH=/opt/ros/foxy /usr/bin/cmake --install /home/ubuntu/ros2_ws/build/camera
