[0.009s] Invoking command in '/home/linux/ros2_ws/src/build/pub2-3': CMAKE_PREFIX_PATH=${CMAKE_PREFIX_PATH}:/opt/ros/foxy /usr/bin/cmake --build /home/linux/ros2_ws/src/build/pub2-3 -- -j16 -l16
[0.032s] [35m[1mScanning dependencies of target pub2-3[0m
[0.047s] [ 50%] [32mBuilding CXX object CMakeFiles/pub2-3.dir/src/pub2-3.cpp.o[0m
[2.040s] [100%] [32m[1mLinking CXX executable pub2-3[0m
[2.174s] [100%] Built target pub2-3
[2.181s] Invoked command in '/home/linux/ros2_ws/src/build/pub2-3' returned '0': CMAKE_PREFIX_PATH=${CMAKE_PREFIX_PATH}:/opt/ros/foxy /usr/bin/cmake --build /home/linux/ros2_ws/src/build/pub2-3 -- -j16 -l16
[2.188s] Invoking command in '/home/linux/ros2_ws/src/build/pub2-3': CMAKE_PREFIX_PATH=${CMAKE_PREFIX_PATH}:/opt/ros/foxy /usr/bin/cmake --install /home/linux/ros2_ws/src/build/pub2-3
[2.191s] -- Install configuration: ""
[2.191s] -- Execute custom install script
[2.192s] -- Up-to-date symlink: /home/linux/ros2_ws/src/install/pub2-3/lib/pub2-3/pub2-3
[2.192s] -- Up-to-date symlink: /home/linux/ros2_ws/src/install/pub2-3/share/ament_index/resource_index/package_run_dependencies/pub2-3
[2.192s] -- Up-to-date symlink: /home/linux/ros2_ws/src/install/pub2-3/share/ament_index/resource_index/parent_prefix_path/pub2-3
[2.192s] -- Up-to-date symlink: /home/linux/ros2_ws/src/install/pub2-3/share/pub2-3/environment/ament_prefix_path.sh
[2.192s] -- Up-to-date symlink: /home/linux/ros2_ws/src/install/pub2-3/share/pub2-3/environment/ament_prefix_path.dsv
[2.192s] -- Up-to-date symlink: /home/linux/ros2_ws/src/install/pub2-3/share/pub2-3/environment/path.sh
[2.192s] -- Up-to-date symlink: /home/linux/ros2_ws/src/install/pub2-3/share/pub2-3/environment/path.dsv
[2.193s] -- Up-to-date symlink: /home/linux/ros2_ws/src/install/pub2-3/share/pub2-3/local_setup.bash
[2.193s] -- Up-to-date symlink: /home/linux/ros2_ws/src/install/pub2-3/share/pub2-3/local_setup.sh
[2.193s] -- Up-to-date symlink: /home/linux/ros2_ws/src/install/pub2-3/share/pub2-3/local_setup.zsh
[2.193s] -- Up-to-date symlink: /home/linux/ros2_ws/src/install/pub2-3/share/pub2-3/local_setup.dsv
[2.193s] -- Symlinking: /home/linux/ros2_ws/src/install/pub2-3/share/pub2-3/package.dsv
[2.198s] -- Up-to-date symlink: /home/linux/ros2_ws/src/install/pub2-3/share/ament_index/resource_index/packages/pub2-3
[2.198s] -- Up-to-date symlink: /home/linux/ros2_ws/src/install/pub2-3/share/pub2-3/cmake/pub2-3Config.cmake
[2.199s] -- Up-to-date symlink: /home/linux/ros2_ws/src/install/pub2-3/share/pub2-3/cmake/pub2-3Config-version.cmake
[2.199s] -- Up-to-date symlink: /home/linux/ros2_ws/src/install/pub2-3/share/pub2-3/package.xml
[2.200s] Invoked command in '/home/linux/ros2_ws/src/build/pub2-3' returned '0': CMAKE_PREFIX_PATH=${CMAKE_PREFIX_PATH}:/opt/ros/foxy /usr/bin/cmake --install /home/linux/ros2_ws/src/build/pub2-3
