[0.986s] DEBUG:colcon:Command line arguments: ['/usr/bin/colcon', 'build', '--symlink-install', '--packages-select', 'camera1-2']
[0.987s] DEBUG:colcon:Parsed command line arguments: Namespace(allow_overriding=[], ament_cmake_args=None, base_paths=['.'], build_base='build', catkin_cmake_args=None, catkin_skip_building_tests=False, cmake_args=None, cmake_clean_cache=False, cmake_clean_first=False, cmake_force_configure=False, cmake_target=None, cmake_target_skip_unavailable=False, continue_on_error=False, event_handlers=None, executor='parallel', ignore_user_meta=False, install_base='install', log_base=None, log_level=None, main=<bound method BuildVerb.main of <colcon_core.verb.build.BuildVerb object at 0xffffad982d60>>, merge_install=False, metas=['./colcon.meta'], mixin=None, mixin_files=None, mixin_verb=('build',), packages_above=None, packages_above_and_dependencies=None, packages_above_depth=None, packages_end=None, packages_ignore=None, packages_ignore_regex=None, packages_select=['camera1-2'], packages_select_build_failed=False, packages_select_by_dep=None, packages_select_regex=None, packages_select_test_failures=False, packages_skip=None, packages_skip_build_finished=False, packages_skip_by_dep=None, packages_skip_regex=None, packages_skip_test_passed=False, packages_skip_up_to=None, packages_start=None, packages_up_to=None, packages_up_to_regex=None, parallel_workers=4, paths=None, symlink_install=True, test_result_base=None, verb_extension=<colcon_core.verb.build.BuildVerb object at 0xffffad982d60>, verb_name='build', verb_parser=<colcon_mixin.mixin.mixin_argument.MixinArgumentDecorator object at 0xffffad8e0760>)
[1.856s] Level 1:colcon.colcon_core.package_discovery:discover_packages(colcon_meta) check parameters
[1.857s] Level 1:colcon.colcon_core.package_discovery:discover_packages(recursive) check parameters
[1.857s] Level 1:colcon.colcon_core.package_discovery:discover_packages(ignore) check parameters
[1.857s] Level 1:colcon.colcon_core.package_discovery:discover_packages(path) check parameters
[1.857s] Level 1:colcon.colcon_core.package_discovery:discover_packages(colcon_meta) discover
[1.858s] Level 1:colcon.colcon_core.package_discovery:discover_packages(recursive) discover
[1.858s] INFO:colcon.colcon_core.package_discovery:Crawling recursively for packages in '/home/ubuntu/ros2_ws'
[1.858s] Level 1:colcon.colcon_core.package_identification:_identify(.) by extensions ['ignore', 'ignore_ament_install']
[1.860s] Level 1:colcon.colcon_core.package_identification:_identify(.) by extension 'ignore'
[1.860s] Level 1:colcon.colcon_core.package_identification:_identify(.) by extension 'ignore_ament_install'
[1.861s] Level 1:colcon.colcon_core.package_identification:_identify(.) by extensions ['colcon_pkg']
[1.861s] Level 1:colcon.colcon_core.package_identification:_identify(.) by extension 'colcon_pkg'
[1.861s] Level 1:colcon.colcon_core.package_identification:_identify(.) by extensions ['colcon_meta']
[1.862s] Level 1:colcon.colcon_core.package_identification:_identify(.) by extension 'colcon_meta'
[1.862s] Level 1:colcon.colcon_core.package_identification:_identify(.) by extensions ['ros']
[1.862s] Level 1:colcon.colcon_core.package_identification:_identify(.) by extension 'ros'
[1.914s] Level 1:colcon.colcon_core.package_identification:_identify(.) by extensions ['cmake', 'python']
[1.914s] Level 1:colcon.colcon_core.package_identification:_identify(.) by extension 'cmake'
[1.915s] Level 1:colcon.colcon_core.package_identification:_identify(.) by extension 'python'
[1.915s] Level 1:colcon.colcon_core.package_identification:_identify(.) by extensions ['python_setup_py']
[1.915s] Level 1:colcon.colcon_core.package_identification:_identify(.) by extension 'python_setup_py'
[1.916s] Level 1:colcon.colcon_core.package_identification:_identify(build) by extensions ['ignore', 'ignore_ament_install']
[1.916s] Level 1:colcon.colcon_core.package_identification:_identify(build) by extension 'ignore'
[1.916s] Level 1:colcon.colcon_core.package_identification:_identify(build) ignored
[1.917s] Level 1:colcon.colcon_core.package_identification:_identify(install) by extensions ['ignore', 'ignore_ament_install']
[1.918s] Level 1:colcon.colcon_core.package_identification:_identify(install) by extension 'ignore'
[1.918s] Level 1:colcon.colcon_core.package_identification:_identify(install) ignored
[1.919s] Level 1:colcon.colcon_core.package_identification:_identify(log) by extensions ['ignore', 'ignore_ament_install']
[1.919s] Level 1:colcon.colcon_core.package_identification:_identify(log) by extension 'ignore'
[1.920s] Level 1:colcon.colcon_core.package_identification:_identify(log) ignored
[1.920s] Level 1:colcon.colcon_core.package_identification:_identify(src) by extensions ['ignore', 'ignore_ament_install']
[1.921s] Level 1:colcon.colcon_core.package_identification:_identify(src) by extension 'ignore'
[1.921s] Level 1:colcon.colcon_core.package_identification:_identify(src) by extension 'ignore_ament_install'
[1.921s] Level 1:colcon.colcon_core.package_identification:_identify(src) by extensions ['colcon_pkg']
[1.921s] Level 1:colcon.colcon_core.package_identification:_identify(src) by extension 'colcon_pkg'
[1.922s] Level 1:colcon.colcon_core.package_identification:_identify(src) by extensions ['colcon_meta']
[1.922s] Level 1:colcon.colcon_core.package_identification:_identify(src) by extension 'colcon_meta'
[1.922s] Level 1:colcon.colcon_core.package_identification:_identify(src) by extensions ['ros']
[1.922s] Level 1:colcon.colcon_core.package_identification:_identify(src) by extension 'ros'
[1.923s] Level 1:colcon.colcon_core.package_identification:_identify(src) by extensions ['cmake', 'python']
[1.923s] Level 1:colcon.colcon_core.package_identification:_identify(src) by extension 'cmake'
[1.923s] Level 1:colcon.colcon_core.package_identification:_identify(src) by extension 'python'
[1.923s] Level 1:colcon.colcon_core.package_identification:_identify(src) by extensions ['python_setup_py']
[1.923s] Level 1:colcon.colcon_core.package_identification:_identify(src) by extension 'python_setup_py'
[1.924s] Level 1:colcon.colcon_core.package_identification:_identify(src/camera1-1) by extensions ['ignore', 'ignore_ament_install']
[1.925s] Level 1:colcon.colcon_core.package_identification:_identify(src/camera1-1) by extension 'ignore'
[1.925s] Level 1:colcon.colcon_core.package_identification:_identify(src/camera1-1) by extension 'ignore_ament_install'
[1.926s] Level 1:colcon.colcon_core.package_identification:_identify(src/camera1-1) by extensions ['colcon_pkg']
[1.926s] Level 1:colcon.colcon_core.package_identification:_identify(src/camera1-1) by extension 'colcon_pkg'
[1.926s] Level 1:colcon.colcon_core.package_identification:_identify(src/camera1-1) by extensions ['colcon_meta']
[1.926s] Level 1:colcon.colcon_core.package_identification:_identify(src/camera1-1) by extension 'colcon_meta'
[1.926s] Level 1:colcon.colcon_core.package_identification:_identify(src/camera1-1) by extensions ['ros']
[1.927s] Level 1:colcon.colcon_core.package_identification:_identify(src/camera1-1) by extension 'ros'
[1.938s] DEBUG:colcon.colcon_core.package_identification:Package 'src/camera1-1' with type 'ros.ament_cmake' and name 'camera1-1'
[1.939s] Level 1:colcon.colcon_core.package_identification:_identify(src/camera1-2) by extensions ['ignore', 'ignore_ament_install']
[1.939s] Level 1:colcon.colcon_core.package_identification:_identify(src/camera1-2) by extension 'ignore'
[1.940s] Level 1:colcon.colcon_core.package_identification:_identify(src/camera1-2) by extension 'ignore_ament_install'
[1.940s] Level 1:colcon.colcon_core.package_identification:_identify(src/camera1-2) by extensions ['colcon_pkg']
[1.940s] Level 1:colcon.colcon_core.package_identification:_identify(src/camera1-2) by extension 'colcon_pkg'
[1.940s] Level 1:colcon.colcon_core.package_identification:_identify(src/camera1-2) by extensions ['colcon_meta']
[1.941s] Level 1:colcon.colcon_core.package_identification:_identify(src/camera1-2) by extension 'colcon_meta'
[1.941s] Level 1:colcon.colcon_core.package_identification:_identify(src/camera1-2) by extensions ['ros']
[1.941s] Level 1:colcon.colcon_core.package_identification:_identify(src/camera1-2) by extension 'ros'
[1.945s] DEBUG:colcon.colcon_core.package_identification:Package 'src/camera1-2' with type 'ros.ament_cmake' and name 'camera1-2'
[1.946s] Level 1:colcon.colcon_core.package_identification:_identify(src/camera1-3) by extensions ['ignore', 'ignore_ament_install']
[1.946s] Level 1:colcon.colcon_core.package_identification:_identify(src/camera1-3) by extension 'ignore'
[1.946s] Level 1:colcon.colcon_core.package_identification:_identify(src/camera1-3) by extension 'ignore_ament_install'
[1.947s] Level 1:colcon.colcon_core.package_identification:_identify(src/camera1-3) by extensions ['colcon_pkg']
[1.947s] Level 1:colcon.colcon_core.package_identification:_identify(src/camera1-3) by extension 'colcon_pkg'
[1.947s] Level 1:colcon.colcon_core.package_identification:_identify(src/camera1-3) by extensions ['colcon_meta']
[1.947s] Level 1:colcon.colcon_core.package_identification:_identify(src/camera1-3) by extension 'colcon_meta'
[1.948s] Level 1:colcon.colcon_core.package_identification:_identify(src/camera1-3) by extensions ['ros']
[1.948s] Level 1:colcon.colcon_core.package_identification:_identify(src/camera1-3) by extension 'ros'
[1.951s] DEBUG:colcon.colcon_core.package_identification:Package 'src/camera1-3' with type 'ros.ament_cmake' and name 'camera'
[1.952s] Level 1:colcon.colcon_core.package_discovery:discover_packages(recursive) using defaults
[1.952s] Level 1:colcon.colcon_core.package_discovery:discover_packages(ignore) discover
[1.952s] Level 1:colcon.colcon_core.package_discovery:discover_packages(ignore) using defaults
[1.952s] Level 1:colcon.colcon_core.package_discovery:discover_packages(path) discover
[1.952s] Level 1:colcon.colcon_core.package_discovery:discover_packages(path) using defaults
[2.062s] INFO:colcon.colcon_core.package_selection:Skipping not selected package 'camera' in 'src/camera1-3'
[2.063s] INFO:colcon.colcon_core.package_selection:Skipping not selected package 'camera1-1' in 'src/camera1-1'
[2.065s] Level 1:colcon.colcon_core.package_discovery:discover_packages(prefix_path) check parameters
[2.065s] Level 1:colcon.colcon_core.package_discovery:discover_packages(prefix_path) discover
[2.076s] DEBUG:colcon.colcon_installed_package_information.package_discovery:Found 3 installed packages in /home/ubuntu/ros2_ws/install
[2.084s] DEBUG:colcon.colcon_installed_package_information.package_discovery:Found 256 installed packages in /opt/ros/foxy
[2.090s] Level 1:colcon.colcon_core.package_discovery:discover_packages(prefix_path) using defaults
[2.484s] Level 5:colcon.colcon_core.verb:set package 'camera1-2' build argument 'cmake_args' from command line to 'None'
[2.485s] Level 5:colcon.colcon_core.verb:set package 'camera1-2' build argument 'cmake_target' from command line to 'None'
[2.485s] Level 5:colcon.colcon_core.verb:set package 'camera1-2' build argument 'cmake_target_skip_unavailable' from command line to 'False'
[2.485s] Level 5:colcon.colcon_core.verb:set package 'camera1-2' build argument 'cmake_clean_cache' from command line to 'False'
[2.485s] Level 5:colcon.colcon_core.verb:set package 'camera1-2' build argument 'cmake_clean_first' from command line to 'False'
[2.485s] Level 5:colcon.colcon_core.verb:set package 'camera1-2' build argument 'cmake_force_configure' from command line to 'False'
[2.485s] Level 5:colcon.colcon_core.verb:set package 'camera1-2' build argument 'ament_cmake_args' from command line to 'None'
[2.485s] Level 5:colcon.colcon_core.verb:set package 'camera1-2' build argument 'catkin_cmake_args' from command line to 'None'
[2.485s] Level 5:colcon.colcon_core.verb:set package 'camera1-2' build argument 'catkin_skip_building_tests' from command line to 'False'
[2.486s] DEBUG:colcon.colcon_core.verb:Building package 'camera1-2' with the following arguments: {'ament_cmake_args': None, 'build_base': '/home/ubuntu/ros2_ws/build/camera1-2', 'catkin_cmake_args': None, 'catkin_skip_building_tests': False, 'cmake_args': None, 'cmake_clean_cache': False, 'cmake_clean_first': False, 'cmake_force_configure': False, 'cmake_target': None, 'cmake_target_skip_unavailable': False, 'install_base': '/home/ubuntu/ros2_ws/install/camera1-2', 'merge_install': False, 'path': '/home/ubuntu/ros2_ws/src/camera1-2', 'symlink_install': True, 'test_result_base': None}
[2.486s] INFO:colcon.colcon_core.executor:Executing jobs using 'parallel' executor
[2.490s] DEBUG:colcon.colcon_parallel_executor.executor.parallel:run_until_complete
[2.492s] INFO:colcon.colcon_ros.task.ament_cmake.build:Building ROS package in '/home/ubuntu/ros2_ws/src/camera1-2' with build type 'ament_cmake'
[2.493s] INFO:colcon.colcon_cmake.task.cmake.build:Building CMake package in '/home/ubuntu/ros2_ws/src/camera1-2'
[2.503s] INFO:colcon.colcon_core.plugin_system:Skipping extension 'colcon_core.shell.bat': Not used on non-Windows systems
[2.504s] INFO:colcon.colcon_core.shell:Skip shell extension 'powershell' for command environment: Not usable outside of PowerShell
[2.505s] DEBUG:colcon.colcon_core.shell:Skip shell extension 'dsv' for command environment
[2.547s] DEBUG:colcon.colcon_core.event_handler.log_command:Invoking command in '/home/ubuntu/ros2_ws/build/camera1-2': CMAKE_PREFIX_PATH=${CMAKE_PREFIX_PATH}:/opt/ros/foxy /usr/bin/cmake --build /home/ubuntu/ros2_ws/build/camera1-2 -- -j4 -l4
[35.157s] DEBUG:colcon.colcon_core.event_handler.log_command:Invoked command in '/home/ubuntu/ros2_ws/build/camera1-2' returned '0': CMAKE_PREFIX_PATH=${CMAKE_PREFIX_PATH}:/opt/ros/foxy /usr/bin/cmake --build /home/ubuntu/ros2_ws/build/camera1-2 -- -j4 -l4
[35.214s] DEBUG:colcon.colcon_core.event_handler.log_command:Invoking command in '/home/ubuntu/ros2_ws/build/camera1-2': CMAKE_PREFIX_PATH=${CMAKE_PREFIX_PATH}:/opt/ros/foxy /usr/bin/cmake --install /home/ubuntu/ros2_ws/build/camera1-2
[35.322s] Level 1:colcon.colcon_core.environment:create_environment_scripts_only(camera1-2)
[35.324s] DEBUG:colcon.colcon_core.event_handler.log_command:Invoked command in '/home/ubuntu/ros2_ws/build/camera1-2' returned '0': CMAKE_PREFIX_PATH=${CMAKE_PREFIX_PATH}:/opt/ros/foxy /usr/bin/cmake --install /home/ubuntu/ros2_ws/build/camera1-2
[35.337s] Level 1:colcon.colcon_core.environment:checking '/home/ubuntu/ros2_ws/install/camera1-2' for CMake module files
[35.341s] Level 1:colcon.colcon_core.environment:checking '/home/ubuntu/ros2_ws/install/camera1-2' for CMake config files
[35.344s] Level 1:colcon.colcon_core.shell:create_environment_hook('camera1-2', 'cmake_prefix_path')
[35.345s] INFO:colcon.colcon_core.shell:Creating environment hook '/home/ubuntu/ros2_ws/install/camera1-2/share/camera1-2/hook/cmake_prefix_path.ps1'
[35.348s] INFO:colcon.colcon_core.shell:Creating environment descriptor '/home/ubuntu/ros2_ws/install/camera1-2/share/camera1-2/hook/cmake_prefix_path.dsv'
[35.351s] INFO:colcon.colcon_core.shell:Creating environment hook '/home/ubuntu/ros2_ws/install/camera1-2/share/camera1-2/hook/cmake_prefix_path.sh'
[35.355s] Level 1:colcon.colcon_core.environment:checking '/home/ubuntu/ros2_ws/install/camera1-2/lib'
[35.356s] Level 1:colcon.colcon_core.environment:checking '/home/ubuntu/ros2_ws/install/camera1-2/bin'
[35.357s] Level 1:colcon.colcon_core.environment:checking '/home/ubuntu/ros2_ws/install/camera1-2/lib/pkgconfig/camera1-2.pc'
[35.358s] Level 1:colcon.colcon_core.environment:checking '/home/ubuntu/ros2_ws/install/camera1-2/lib/python3.8/site-packages'
[35.359s] Level 1:colcon.colcon_core.environment:checking '/home/ubuntu/ros2_ws/install/camera1-2/bin'
[35.360s] INFO:colcon.colcon_core.shell:Creating package script '/home/ubuntu/ros2_ws/install/camera1-2/share/camera1-2/package.ps1'
[35.364s] INFO:colcon.colcon_core.shell:Creating package descriptor '/home/ubuntu/ros2_ws/install/camera1-2/share/camera1-2/package.dsv'
[35.367s] INFO:colcon.colcon_core.shell:Creating package script '/home/ubuntu/ros2_ws/install/camera1-2/share/camera1-2/package.sh'
[35.371s] INFO:colcon.colcon_core.shell:Creating package script '/home/ubuntu/ros2_ws/install/camera1-2/share/camera1-2/package.bash'
[35.375s] INFO:colcon.colcon_core.shell:Creating package script '/home/ubuntu/ros2_ws/install/camera1-2/share/camera1-2/package.zsh'
[35.379s] Level 1:colcon.colcon_core.environment:create_file_with_runtime_dependencies(/home/ubuntu/ros2_ws/install/camera1-2/share/colcon-core/packages/camera1-2)
[35.383s] Level 1:colcon.colcon_core.environment:create_environment_scripts_only(camera1-2)
[35.384s] Level 1:colcon.colcon_core.environment:checking '/home/ubuntu/ros2_ws/install/camera1-2' for CMake module files
[35.387s] Level 1:colcon.colcon_core.environment:checking '/home/ubuntu/ros2_ws/install/camera1-2' for CMake config files
[35.390s] Level 1:colcon.colcon_core.shell:create_environment_hook('camera1-2', 'cmake_prefix_path')
[35.391s] INFO:colcon.colcon_core.shell:Creating environment hook '/home/ubuntu/ros2_ws/install/camera1-2/share/camera1-2/hook/cmake_prefix_path.ps1'
[35.393s] INFO:colcon.colcon_core.shell:Creating environment descriptor '/home/ubuntu/ros2_ws/install/camera1-2/share/camera1-2/hook/cmake_prefix_path.dsv'
[35.395s] INFO:colcon.colcon_core.shell:Creating environment hook '/home/ubuntu/ros2_ws/install/camera1-2/share/camera1-2/hook/cmake_prefix_path.sh'
[35.399s] Level 1:colcon.colcon_core.environment:checking '/home/ubuntu/ros2_ws/install/camera1-2/lib'
[35.399s] Level 1:colcon.colcon_core.environment:checking '/home/ubuntu/ros2_ws/install/camera1-2/bin'
[35.399s] Level 1:colcon.colcon_core.environment:checking '/home/ubuntu/ros2_ws/install/camera1-2/lib/pkgconfig/camera1-2.pc'
[35.400s] Level 1:colcon.colcon_core.environment:checking '/home/ubuntu/ros2_ws/install/camera1-2/lib/python3.8/site-packages'
[35.401s] Level 1:colcon.colcon_core.environment:checking '/home/ubuntu/ros2_ws/install/camera1-2/bin'
[35.403s] INFO:colcon.colcon_core.shell:Creating package script '/home/ubuntu/ros2_ws/install/camera1-2/share/camera1-2/package.ps1'
[35.406s] INFO:colcon.colcon_core.shell:Creating package descriptor '/home/ubuntu/ros2_ws/install/camera1-2/share/camera1-2/package.dsv'
[35.409s] INFO:colcon.colcon_core.shell:Creating package script '/home/ubuntu/ros2_ws/install/camera1-2/share/camera1-2/package.sh'
[35.411s] INFO:colcon.colcon_core.shell:Creating package script '/home/ubuntu/ros2_ws/install/camera1-2/share/camera1-2/package.bash'
[35.414s] INFO:colcon.colcon_core.shell:Creating package script '/home/ubuntu/ros2_ws/install/camera1-2/share/camera1-2/package.zsh'
[35.416s] Level 1:colcon.colcon_core.environment:create_file_with_runtime_dependencies(/home/ubuntu/ros2_ws/install/camera1-2/share/colcon-core/packages/camera1-2)
[35.418s] DEBUG:colcon.colcon_parallel_executor.executor.parallel:closing loop
[35.419s] DEBUG:colcon.colcon_parallel_executor.executor.parallel:loop closed
[35.420s] DEBUG:colcon.colcon_parallel_executor.executor.parallel:run_until_complete finished with '0'
[35.420s] DEBUG:colcon.colcon_core.event_reactor:joining thread
[35.447s] INFO:colcon.colcon_core.plugin_system:Skipping extension 'colcon_notification.desktop_notification.notify_send': Could not find 'notify-send'
[35.448s] INFO:colcon.colcon_core.plugin_system:Skipping extension 'colcon_notification.desktop_notification.terminal_notifier': Not used on non-Darwin systems
[35.448s] INFO:colcon.colcon_core.plugin_system:Skipping extension 'colcon_notification.desktop_notification.win32': Not used on non-Windows systems
[35.448s] INFO:colcon.colcon_notification.desktop_notification:Sending desktop notification using 'notify2'
[35.451s] DEBUG:colcon.colcon_notification.desktop_notification.notify2:Failed to initialize notify2: org.freedesktop.DBus.Error.ServiceUnknown: The name org.freedesktop.Notifications was not provided by any .service files
[35.451s] DEBUG:colcon.colcon_core.event_reactor:joined thread
[35.453s] INFO:colcon.colcon_core.shell:Creating prefix script '/home/ubuntu/ros2_ws/install/local_setup.ps1'
[35.457s] INFO:colcon.colcon_core.shell:Creating prefix util module '/home/ubuntu/ros2_ws/install/_local_setup_util_ps1.py'
[35.463s] INFO:colcon.colcon_core.shell:Creating prefix chain script '/home/ubuntu/ros2_ws/install/setup.ps1'
[35.468s] INFO:colcon.colcon_core.shell:Creating prefix script '/home/ubuntu/ros2_ws/install/local_setup.sh'
[35.472s] INFO:colcon.colcon_core.shell:Creating prefix util module '/home/ubuntu/ros2_ws/install/_local_setup_util_sh.py'
[35.475s] INFO:colcon.colcon_core.shell:Creating prefix chain script '/home/ubuntu/ros2_ws/install/setup.sh'
[35.479s] INFO:colcon.colcon_core.shell:Creating prefix script '/home/ubuntu/ros2_ws/install/local_setup.bash'
[35.482s] INFO:colcon.colcon_core.shell:Creating prefix chain script '/home/ubuntu/ros2_ws/install/setup.bash'
[35.486s] INFO:colcon.colcon_core.shell:Creating prefix script '/home/ubuntu/ros2_ws/install/local_setup.zsh'
[35.488s] INFO:colcon.colcon_core.shell:Creating prefix chain script '/home/ubuntu/ros2_ws/install/setup.zsh'
