[0.253s] DEBUG:colcon:Command line arguments: ['/usr/bin/colcon', 'build', '--symlink-install', '--packages-select', 'pub2-2']
[0.253s] DEBUG:colcon:Parsed command line arguments: Namespace(allow_overriding=[], ament_cmake_args=None, base_paths=['.'], build_base='build', catkin_cmake_args=None, catkin_skip_building_tests=False, cmake_args=None, cmake_clean_cache=False, cmake_clean_first=False, cmake_force_configure=False, cmake_target=None, cmake_target_skip_unavailable=False, continue_on_error=False, event_handlers=None, executor='parallel', ignore_user_meta=False, install_base='install', log_base=None, log_level=None, main=<bound method BuildVerb.main of <colcon_core.verb.build.BuildVerb object at 0x7f31d3286070>>, merge_install=False, metas=['./colcon.meta'], packages_above=None, packages_above_and_dependencies=None, packages_above_depth=None, packages_end=None, packages_ignore=None, packages_ignore_regex=None, packages_select=['pub2-2'], packages_select_build_failed=False, packages_select_by_dep=None, packages_select_regex=None, packages_select_test_failures=False, packages_skip=None, packages_skip_build_finished=False, packages_skip_by_dep=None, packages_skip_regex=None, packages_skip_test_passed=False, packages_skip_up_to=None, packages_start=None, packages_up_to=None, packages_up_to_regex=None, parallel_workers=16, paths=None, symlink_install=True, test_result_base=None, verb_extension=<colcon_core.verb.build.BuildVerb object at 0x7f31d3286070>, verb_name='build', verb_parser=<colcon_defaults.argument_parser.defaults.DefaultArgumentsDecorator object at 0x7f31d3124af0>)
[0.373s] Level 1:colcon.colcon_core.package_discovery:discover_packages(colcon_meta) check parameters
[0.374s] Level 1:colcon.colcon_core.package_discovery:discover_packages(recursive) check parameters
[0.374s] Level 1:colcon.colcon_core.package_discovery:discover_packages(ignore) check parameters
[0.374s] Level 1:colcon.colcon_core.package_discovery:discover_packages(path) check parameters
[0.374s] Level 1:colcon.colcon_core.package_discovery:discover_packages(colcon_meta) discover
[0.374s] Level 1:colcon.colcon_core.package_discovery:discover_packages(recursive) discover
[0.374s] INFO:colcon.colcon_core.package_discovery:Crawling recursively for packages in '/home/linux/ros2_ws/src'
[0.374s] Level 1:colcon.colcon_core.package_identification:_identify(.) by extensions ['ignore', 'ignore_ament_install']
[0.374s] Level 1:colcon.colcon_core.package_identification:_identify(.) by extension 'ignore'
[0.374s] Level 1:colcon.colcon_core.package_identification:_identify(.) by extension 'ignore_ament_install'
[0.374s] Level 1:colcon.colcon_core.package_identification:_identify(.) by extensions ['colcon_pkg']
[0.374s] Level 1:colcon.colcon_core.package_identification:_identify(.) by extension 'colcon_pkg'
[0.374s] Level 1:colcon.colcon_core.package_identification:_identify(.) by extensions ['colcon_meta']
[0.374s] Level 1:colcon.colcon_core.package_identification:_identify(.) by extension 'colcon_meta'
[0.374s] Level 1:colcon.colcon_core.package_identification:_identify(.) by extensions ['ros']
[0.374s] Level 1:colcon.colcon_core.package_identification:_identify(.) by extension 'ros'
[0.384s] Level 1:colcon.colcon_core.package_identification:_identify(.) by extensions ['cmake', 'python']
[0.384s] Level 1:colcon.colcon_core.package_identification:_identify(.) by extension 'cmake'
[0.384s] Level 1:colcon.colcon_core.package_identification:_identify(.) by extension 'python'
[0.384s] Level 1:colcon.colcon_core.package_identification:_identify(.) by extensions ['python_setup_py']
[0.384s] Level 1:colcon.colcon_core.package_identification:_identify(.) by extension 'python_setup_py'
[0.384s] Level 1:colcon.colcon_core.package_identification:_identify(build) by extensions ['ignore', 'ignore_ament_install']
[0.384s] Level 1:colcon.colcon_core.package_identification:_identify(build) by extension 'ignore'
[0.384s] Level 1:colcon.colcon_core.package_identification:_identify(build) ignored
[0.384s] Level 1:colcon.colcon_core.package_identification:_identify(install) by extensions ['ignore', 'ignore_ament_install']
[0.384s] Level 1:colcon.colcon_core.package_identification:_identify(install) by extension 'ignore'
[0.385s] Level 1:colcon.colcon_core.package_identification:_identify(install) ignored
[0.385s] Level 1:colcon.colcon_core.package_identification:_identify(log) by extensions ['ignore', 'ignore_ament_install']
[0.385s] Level 1:colcon.colcon_core.package_identification:_identify(log) by extension 'ignore'
[0.385s] Level 1:colcon.colcon_core.package_identification:_identify(log) ignored
[0.385s] Level 1:colcon.colcon_core.package_identification:_identify(pub1-1) by extensions ['ignore', 'ignore_ament_install']
[0.385s] Level 1:colcon.colcon_core.package_identification:_identify(pub1-1) by extension 'ignore'
[0.385s] Level 1:colcon.colcon_core.package_identification:_identify(pub1-1) by extension 'ignore_ament_install'
[0.385s] Level 1:colcon.colcon_core.package_identification:_identify(pub1-1) by extensions ['colcon_pkg']
[0.385s] Level 1:colcon.colcon_core.package_identification:_identify(pub1-1) by extension 'colcon_pkg'
[0.385s] Level 1:colcon.colcon_core.package_identification:_identify(pub1-1) by extensions ['colcon_meta']
[0.385s] Level 1:colcon.colcon_core.package_identification:_identify(pub1-1) by extension 'colcon_meta'
[0.385s] Level 1:colcon.colcon_core.package_identification:_identify(pub1-1) by extensions ['ros']
[0.385s] Level 1:colcon.colcon_core.package_identification:_identify(pub1-1) by extension 'ros'
[0.387s] DEBUG:colcon.colcon_core.package_identification:Package 'pub1-1' with type 'ros.ament_cmake' and name 'pub1-1'
[0.387s] Level 1:colcon.colcon_core.package_identification:_identify(pub1-2) by extensions ['ignore', 'ignore_ament_install']
[0.387s] Level 1:colcon.colcon_core.package_identification:_identify(pub1-2) by extension 'ignore'
[0.387s] Level 1:colcon.colcon_core.package_identification:_identify(pub1-2) by extension 'ignore_ament_install'
[0.387s] Level 1:colcon.colcon_core.package_identification:_identify(pub1-2) by extensions ['colcon_pkg']
[0.387s] Level 1:colcon.colcon_core.package_identification:_identify(pub1-2) by extension 'colcon_pkg'
[0.387s] Level 1:colcon.colcon_core.package_identification:_identify(pub1-2) by extensions ['colcon_meta']
[0.387s] Level 1:colcon.colcon_core.package_identification:_identify(pub1-2) by extension 'colcon_meta'
[0.387s] Level 1:colcon.colcon_core.package_identification:_identify(pub1-2) by extensions ['ros']
[0.387s] Level 1:colcon.colcon_core.package_identification:_identify(pub1-2) by extension 'ros'
[0.388s] DEBUG:colcon.colcon_core.package_identification:Package 'pub1-2' with type 'ros.ament_cmake' and name 'pub1-2'
[0.388s] Level 1:colcon.colcon_core.package_identification:_identify(pub1-3) by extensions ['ignore', 'ignore_ament_install']
[0.388s] Level 1:colcon.colcon_core.package_identification:_identify(pub1-3) by extension 'ignore'
[0.388s] Level 1:colcon.colcon_core.package_identification:_identify(pub1-3) by extension 'ignore_ament_install'
[0.388s] Level 1:colcon.colcon_core.package_identification:_identify(pub1-3) by extensions ['colcon_pkg']
[0.388s] Level 1:colcon.colcon_core.package_identification:_identify(pub1-3) by extension 'colcon_pkg'
[0.388s] Level 1:colcon.colcon_core.package_identification:_identify(pub1-3) by extensions ['colcon_meta']
[0.388s] Level 1:colcon.colcon_core.package_identification:_identify(pub1-3) by extension 'colcon_meta'
[0.388s] Level 1:colcon.colcon_core.package_identification:_identify(pub1-3) by extensions ['ros']
[0.388s] Level 1:colcon.colcon_core.package_identification:_identify(pub1-3) by extension 'ros'
[0.388s] DEBUG:colcon.colcon_core.package_identification:Package 'pub1-3' with type 'ros.ament_cmake' and name 'pub1-3'
[0.388s] Level 1:colcon.colcon_core.package_identification:_identify(pub2) by extensions ['ignore', 'ignore_ament_install']
[0.388s] Level 1:colcon.colcon_core.package_identification:_identify(pub2) by extension 'ignore'
[0.389s] Level 1:colcon.colcon_core.package_identification:_identify(pub2) by extension 'ignore_ament_install'
[0.389s] Level 1:colcon.colcon_core.package_identification:_identify(pub2) by extensions ['colcon_pkg']
[0.389s] Level 1:colcon.colcon_core.package_identification:_identify(pub2) by extension 'colcon_pkg'
[0.389s] Level 1:colcon.colcon_core.package_identification:_identify(pub2) by extensions ['colcon_meta']
[0.389s] Level 1:colcon.colcon_core.package_identification:_identify(pub2) by extension 'colcon_meta'
[0.389s] Level 1:colcon.colcon_core.package_identification:_identify(pub2) by extensions ['ros']
[0.389s] Level 1:colcon.colcon_core.package_identification:_identify(pub2) by extension 'ros'
[0.389s] DEBUG:colcon.colcon_core.package_identification:Package 'pub2' with type 'ros.ament_cmake' and name 'pub2'
[0.389s] Level 1:colcon.colcon_core.package_identification:_identify(pub2-1) by extensions ['ignore', 'ignore_ament_install']
[0.389s] Level 1:colcon.colcon_core.package_identification:_identify(pub2-1) by extension 'ignore'
[0.389s] Level 1:colcon.colcon_core.package_identification:_identify(pub2-1) by extension 'ignore_ament_install'
[0.389s] Level 1:colcon.colcon_core.package_identification:_identify(pub2-1) by extensions ['colcon_pkg']
[0.389s] Level 1:colcon.colcon_core.package_identification:_identify(pub2-1) by extension 'colcon_pkg'
[0.389s] Level 1:colcon.colcon_core.package_identification:_identify(pub2-1) by extensions ['colcon_meta']
[0.389s] Level 1:colcon.colcon_core.package_identification:_identify(pub2-1) by extension 'colcon_meta'
[0.389s] Level 1:colcon.colcon_core.package_identification:_identify(pub2-1) by extensions ['ros']
[0.389s] Level 1:colcon.colcon_core.package_identification:_identify(pub2-1) by extension 'ros'
[0.390s] DEBUG:colcon.colcon_core.package_identification:Package 'pub2-1' with type 'ros.ament_cmake' and name 'pub2-1'
[0.390s] Level 1:colcon.colcon_core.package_identification:_identify(pub2-2) by extensions ['ignore', 'ignore_ament_install']
[0.390s] Level 1:colcon.colcon_core.package_identification:_identify(pub2-2) by extension 'ignore'
[0.390s] Level 1:colcon.colcon_core.package_identification:_identify(pub2-2) by extension 'ignore_ament_install'
[0.390s] Level 1:colcon.colcon_core.package_identification:_identify(pub2-2) by extensions ['colcon_pkg']
[0.390s] Level 1:colcon.colcon_core.package_identification:_identify(pub2-2) by extension 'colcon_pkg'
[0.390s] Level 1:colcon.colcon_core.package_identification:_identify(pub2-2) by extensions ['colcon_meta']
[0.390s] Level 1:colcon.colcon_core.package_identification:_identify(pub2-2) by extension 'colcon_meta'
[0.390s] Level 1:colcon.colcon_core.package_identification:_identify(pub2-2) by extensions ['ros']
[0.390s] Level 1:colcon.colcon_core.package_identification:_identify(pub2-2) by extension 'ros'
[0.391s] DEBUG:colcon.colcon_core.package_identification:Package 'pub2-2' with type 'ros.ament_cmake' and name 'pub2-2'
[0.391s] Level 1:colcon.colcon_core.package_identification:_identify(pub2-3) by extensions ['ignore', 'ignore_ament_install']
[0.391s] Level 1:colcon.colcon_core.package_identification:_identify(pub2-3) by extension 'ignore'
[0.391s] Level 1:colcon.colcon_core.package_identification:_identify(pub2-3) by extension 'ignore_ament_install'
[0.391s] Level 1:colcon.colcon_core.package_identification:_identify(pub2-3) by extensions ['colcon_pkg']
[0.391s] Level 1:colcon.colcon_core.package_identification:_identify(pub2-3) by extension 'colcon_pkg'
[0.391s] Level 1:colcon.colcon_core.package_identification:_identify(pub2-3) by extensions ['colcon_meta']
[0.391s] Level 1:colcon.colcon_core.package_identification:_identify(pub2-3) by extension 'colcon_meta'
[0.391s] Level 1:colcon.colcon_core.package_identification:_identify(pub2-3) by extensions ['ros']
[0.391s] Level 1:colcon.colcon_core.package_identification:_identify(pub2-3) by extension 'ros'
[0.392s] DEBUG:colcon.colcon_core.package_identification:Package 'pub2-3' with type 'ros.ament_cmake' and name 'pub2-3'
[0.392s] Level 1:colcon.colcon_core.package_discovery:discover_packages(recursive) using defaults
[0.392s] Level 1:colcon.colcon_core.package_discovery:discover_packages(ignore) discover
[0.392s] Level 1:colcon.colcon_core.package_discovery:discover_packages(ignore) using defaults
[0.392s] Level 1:colcon.colcon_core.package_discovery:discover_packages(path) discover
[0.392s] Level 1:colcon.colcon_core.package_discovery:discover_packages(path) using defaults
[0.406s] INFO:colcon.colcon_core.package_selection:Skipping not selected package 'pub1-1' in 'pub1-1'
[0.406s] INFO:colcon.colcon_core.package_selection:Skipping not selected package 'pub1-2' in 'pub1-2'
[0.406s] INFO:colcon.colcon_core.package_selection:Skipping not selected package 'pub1-3' in 'pub1-3'
[0.406s] INFO:colcon.colcon_core.package_selection:Skipping not selected package 'pub2' in 'pub2'
[0.406s] INFO:colcon.colcon_core.package_selection:Skipping not selected package 'pub2-1' in 'pub2-1'
[0.406s] INFO:colcon.colcon_core.package_selection:Skipping not selected package 'pub2-3' in 'pub2-3'
[0.407s] Level 1:colcon.colcon_core.package_discovery:discover_packages(prefix_path) check parameters
[0.407s] Level 1:colcon.colcon_core.package_discovery:discover_packages(prefix_path) discover
[0.409s] DEBUG:colcon.colcon_installed_package_information.package_discovery:Found 3 installed packages in /home/linux/ros2_ws/src/install
[0.409s] DEBUG:colcon.colcon_installed_package_information.package_discovery:Found 4 installed packages in /home/linux/ros2_ws/install
[0.415s] DEBUG:colcon.colcon_installed_package_information.package_discovery:Found 258 installed packages in /opt/ros/foxy
[0.416s] Level 1:colcon.colcon_core.package_discovery:discover_packages(prefix_path) using defaults
[0.481s] Level 5:colcon.colcon_core.verb:set package 'pub2-2' build argument 'cmake_args' from command line to 'None'
[0.481s] Level 5:colcon.colcon_core.verb:set package 'pub2-2' build argument 'cmake_target' from command line to 'None'
[0.481s] Level 5:colcon.colcon_core.verb:set package 'pub2-2' build argument 'cmake_target_skip_unavailable' from command line to 'False'
[0.481s] Level 5:colcon.colcon_core.verb:set package 'pub2-2' build argument 'cmake_clean_cache' from command line to 'False'
[0.481s] Level 5:colcon.colcon_core.verb:set package 'pub2-2' build argument 'cmake_clean_first' from command line to 'False'
[0.481s] Level 5:colcon.colcon_core.verb:set package 'pub2-2' build argument 'cmake_force_configure' from command line to 'False'
[0.481s] Level 5:colcon.colcon_core.verb:set package 'pub2-2' build argument 'ament_cmake_args' from command line to 'None'
[0.481s] Level 5:colcon.colcon_core.verb:set package 'pub2-2' build argument 'catkin_cmake_args' from command line to 'None'
[0.481s] Level 5:colcon.colcon_core.verb:set package 'pub2-2' build argument 'catkin_skip_building_tests' from command line to 'False'
[0.481s] DEBUG:colcon.colcon_core.verb:Building package 'pub2-2' with the following arguments: {'ament_cmake_args': None, 'build_base': '/home/linux/ros2_ws/src/build/pub2-2', 'catkin_cmake_args': None, 'catkin_skip_building_tests': False, 'cmake_args': None, 'cmake_clean_cache': False, 'cmake_clean_first': False, 'cmake_force_configure': False, 'cmake_target': None, 'cmake_target_skip_unavailable': False, 'install_base': '/home/linux/ros2_ws/src/install/pub2-2', 'merge_install': False, 'path': '/home/linux/ros2_ws/src/pub2-2', 'symlink_install': True, 'test_result_base': None}
[0.481s] INFO:colcon.colcon_core.executor:Executing jobs using 'parallel' executor
[0.482s] DEBUG:colcon.colcon_parallel_executor.executor.parallel:run_until_complete
[0.483s] INFO:colcon.colcon_ros.task.ament_cmake.build:Building ROS package in '/home/linux/ros2_ws/src/pub2-2' with build type 'ament_cmake'
[0.483s] INFO:colcon.colcon_cmake.task.cmake.build:Building CMake package in '/home/linux/ros2_ws/src/pub2-2'
[0.486s] INFO:colcon.colcon_core.plugin_system:Skipping extension 'colcon_core.shell.bat': Not used on non-Windows systems
[0.486s] INFO:colcon.colcon_core.shell:Skip shell extension 'powershell' for command environment: Not usable outside of PowerShell
[0.486s] DEBUG:colcon.colcon_core.shell:Skip shell extension 'dsv' for command environment
[0.495s] DEBUG:colcon.colcon_core.event_handler.log_command:Invoking command in '/home/linux/ros2_ws/src/build/pub2-2': CMAKE_PREFIX_PATH=${CMAKE_PREFIX_PATH}:/opt/ros/foxy /usr/bin/cmake --build /home/linux/ros2_ws/src/build/pub2-2 -- -j16 -l16
[2.671s] DEBUG:colcon.colcon_core.event_handler.log_command:Invoked command in '/home/linux/ros2_ws/src/build/pub2-2' returned '0': CMAKE_PREFIX_PATH=${CMAKE_PREFIX_PATH}:/opt/ros/foxy /usr/bin/cmake --build /home/linux/ros2_ws/src/build/pub2-2 -- -j16 -l16
[2.679s] DEBUG:colcon.colcon_core.event_handler.log_command:Invoking command in '/home/linux/ros2_ws/src/build/pub2-2': CMAKE_PREFIX_PATH=${CMAKE_PREFIX_PATH}:/opt/ros/foxy /usr/bin/cmake --install /home/linux/ros2_ws/src/build/pub2-2
[2.766s] Level 1:colcon.colcon_core.environment:create_environment_scripts_only(pub2-2)
[2.767s] DEBUG:colcon.colcon_core.event_handler.log_command:Invoked command in '/home/linux/ros2_ws/src/build/pub2-2' returned '0': CMAKE_PREFIX_PATH=${CMAKE_PREFIX_PATH}:/opt/ros/foxy /usr/bin/cmake --install /home/linux/ros2_ws/src/build/pub2-2
[2.770s] Level 1:colcon.colcon_core.environment:checking '/home/linux/ros2_ws/src/install/pub2-2' for CMake module files
[2.771s] Level 1:colcon.colcon_core.environment:checking '/home/linux/ros2_ws/src/install/pub2-2' for CMake config files
[2.771s] Level 1:colcon.colcon_core.shell:create_environment_hook('pub2-2', 'cmake_prefix_path')
[2.771s] INFO:colcon.colcon_core.shell:Creating environment hook '/home/linux/ros2_ws/src/install/pub2-2/share/pub2-2/hook/cmake_prefix_path.ps1'
[2.772s] INFO:colcon.colcon_core.shell:Creating environment descriptor '/home/linux/ros2_ws/src/install/pub2-2/share/pub2-2/hook/cmake_prefix_path.dsv'
[2.772s] INFO:colcon.colcon_core.shell:Creating environment hook '/home/linux/ros2_ws/src/install/pub2-2/share/pub2-2/hook/cmake_prefix_path.sh'
[2.773s] Level 1:colcon.colcon_core.environment:checking '/home/linux/ros2_ws/src/install/pub2-2/lib'
[2.773s] Level 1:colcon.colcon_core.environment:checking '/home/linux/ros2_ws/src/install/pub2-2/bin'
[2.773s] Level 1:colcon.colcon_core.environment:checking '/home/linux/ros2_ws/src/install/pub2-2/lib/pkgconfig/pub2-2.pc'
[2.773s] Level 1:colcon.colcon_core.environment:checking '/home/linux/ros2_ws/src/install/pub2-2/lib/python3.8/site-packages'
[2.773s] Level 1:colcon.colcon_core.environment:checking '/home/linux/ros2_ws/src/install/pub2-2/bin'
[2.773s] INFO:colcon.colcon_core.shell:Creating package script '/home/linux/ros2_ws/src/install/pub2-2/share/pub2-2/package.ps1'
[2.774s] INFO:colcon.colcon_core.shell:Creating package descriptor '/home/linux/ros2_ws/src/install/pub2-2/share/pub2-2/package.dsv'
[2.774s] INFO:colcon.colcon_core.shell:Creating package script '/home/linux/ros2_ws/src/install/pub2-2/share/pub2-2/package.sh'
[2.775s] INFO:colcon.colcon_core.shell:Creating package script '/home/linux/ros2_ws/src/install/pub2-2/share/pub2-2/package.bash'
[2.776s] INFO:colcon.colcon_core.shell:Creating package script '/home/linux/ros2_ws/src/install/pub2-2/share/pub2-2/package.zsh'
[2.776s] Level 1:colcon.colcon_core.environment:create_file_with_runtime_dependencies(/home/linux/ros2_ws/src/install/pub2-2/share/colcon-core/packages/pub2-2)
[2.777s] Level 1:colcon.colcon_core.environment:create_environment_scripts_only(pub2-2)
[2.777s] Level 1:colcon.colcon_core.environment:checking '/home/linux/ros2_ws/src/install/pub2-2' for CMake module files
[2.777s] Level 1:colcon.colcon_core.environment:checking '/home/linux/ros2_ws/src/install/pub2-2' for CMake config files
[2.777s] Level 1:colcon.colcon_core.shell:create_environment_hook('pub2-2', 'cmake_prefix_path')
[2.777s] INFO:colcon.colcon_core.shell:Creating environment hook '/home/linux/ros2_ws/src/install/pub2-2/share/pub2-2/hook/cmake_prefix_path.ps1'
[2.777s] INFO:colcon.colcon_core.shell:Creating environment descriptor '/home/linux/ros2_ws/src/install/pub2-2/share/pub2-2/hook/cmake_prefix_path.dsv'
[2.778s] INFO:colcon.colcon_core.shell:Creating environment hook '/home/linux/ros2_ws/src/install/pub2-2/share/pub2-2/hook/cmake_prefix_path.sh'
[2.778s] Level 1:colcon.colcon_core.environment:checking '/home/linux/ros2_ws/src/install/pub2-2/lib'
[2.778s] Level 1:colcon.colcon_core.environment:checking '/home/linux/ros2_ws/src/install/pub2-2/bin'
[2.778s] Level 1:colcon.colcon_core.environment:checking '/home/linux/ros2_ws/src/install/pub2-2/lib/pkgconfig/pub2-2.pc'
[2.778s] Level 1:colcon.colcon_core.environment:checking '/home/linux/ros2_ws/src/install/pub2-2/lib/python3.8/site-packages'
[2.779s] Level 1:colcon.colcon_core.environment:checking '/home/linux/ros2_ws/src/install/pub2-2/bin'
[2.779s] INFO:colcon.colcon_core.shell:Creating package script '/home/linux/ros2_ws/src/install/pub2-2/share/pub2-2/package.ps1'
[2.779s] INFO:colcon.colcon_core.shell:Creating package descriptor '/home/linux/ros2_ws/src/install/pub2-2/share/pub2-2/package.dsv'
[2.780s] INFO:colcon.colcon_core.shell:Creating package script '/home/linux/ros2_ws/src/install/pub2-2/share/pub2-2/package.sh'
[2.780s] INFO:colcon.colcon_core.shell:Creating package script '/home/linux/ros2_ws/src/install/pub2-2/share/pub2-2/package.bash'
[2.780s] INFO:colcon.colcon_core.shell:Creating package script '/home/linux/ros2_ws/src/install/pub2-2/share/pub2-2/package.zsh'
[2.780s] Level 1:colcon.colcon_core.environment:create_file_with_runtime_dependencies(/home/linux/ros2_ws/src/install/pub2-2/share/colcon-core/packages/pub2-2)
[2.781s] DEBUG:colcon.colcon_parallel_executor.executor.parallel:closing loop
[2.781s] DEBUG:colcon.colcon_parallel_executor.executor.parallel:loop closed
[2.781s] DEBUG:colcon.colcon_parallel_executor.executor.parallel:run_until_complete finished with '0'
[2.781s] DEBUG:colcon.colcon_core.event_reactor:joining thread
[2.811s] INFO:colcon.colcon_core.plugin_system:Skipping extension 'colcon_notification.desktop_notification.notify_send': Could not find 'notify-send'
[2.811s] INFO:colcon.colcon_core.plugin_system:Skipping extension 'colcon_notification.desktop_notification.terminal_notifier': Not used on non-Darwin systems
[2.811s] INFO:colcon.colcon_core.plugin_system:Skipping extension 'colcon_notification.desktop_notification.win32': Not used on non-Windows systems
[2.811s] INFO:colcon.colcon_notification.desktop_notification:Sending desktop notification using 'notify2'
[2.812s] DEBUG:colcon.colcon_notification.desktop_notification.notify2:Failed to initialize notify2: org.freedesktop.DBus.Error.ServiceUnknown: The name org.freedesktop.Notifications was not provided by any .service files
[2.812s] DEBUG:colcon.colcon_core.event_reactor:joined thread
[2.812s] INFO:colcon.colcon_core.shell:Creating prefix script '/home/linux/ros2_ws/src/install/local_setup.ps1'
[2.813s] INFO:colcon.colcon_core.shell:Creating prefix util module '/home/linux/ros2_ws/src/install/_local_setup_util_ps1.py'
[2.814s] INFO:colcon.colcon_core.shell:Creating prefix chain script '/home/linux/ros2_ws/src/install/setup.ps1'
[2.815s] INFO:colcon.colcon_core.shell:Creating prefix script '/home/linux/ros2_ws/src/install/local_setup.sh'
[2.815s] INFO:colcon.colcon_core.shell:Creating prefix util module '/home/linux/ros2_ws/src/install/_local_setup_util_sh.py'
[2.816s] INFO:colcon.colcon_core.shell:Creating prefix chain script '/home/linux/ros2_ws/src/install/setup.sh'
[2.816s] INFO:colcon.colcon_core.shell:Creating prefix script '/home/linux/ros2_ws/src/install/local_setup.bash'
[2.817s] INFO:colcon.colcon_core.shell:Creating prefix chain script '/home/linux/ros2_ws/src/install/setup.bash'
[2.817s] INFO:colcon.colcon_core.shell:Creating prefix script '/home/linux/ros2_ws/src/install/local_setup.zsh'
[2.818s] INFO:colcon.colcon_core.shell:Creating prefix chain script '/home/linux/ros2_ws/src/install/setup.zsh'
