[0.012s] Invoking command in '/home/linux/ros2_ws/src/build/pub2-3': CMAKE_PREFIX_PATH=${CMAKE_PREFIX_PATH}:/opt/ros/foxy /usr/bin/cmake --build /home/linux/ros2_ws/src/build/pub2-3 -- -j16 -l16
[0.085s] [100%] Built target pub2-3
[0.092s] Invoked command in '/home/linux/ros2_ws/src/build/pub2-3' returned '0': CMAKE_PREFIX_PATH=${CMAKE_PREFIX_PATH}:/opt/ros/foxy /usr/bin/cmake --build /home/linux/ros2_ws/src/build/pub2-3 -- -j16 -l16
[0.098s] Invoking command in '/home/linux/ros2_ws/src/build/pub2-3': CMAKE_PREFIX_PATH=${CMAKE_PREFIX_PATH}:/opt/ros/foxy /usr/bin/cmake --install /home/linux/ros2_ws/src/build/pub2-3
[0.103s] -- Install configuration: ""
[0.103s] -- Execute custom install script
[0.104s] -- Up-to-date symlink: /home/linux/ros2_ws/src/install/pub2-3/lib/pub2-3/pub2-3
[0.104s] -- Up-to-date symlink: /home/linux/ros2_ws/src/install/pub2-3/share/ament_index/resource_index/package_run_dependencies/pub2-3
[0.104s] -- Up-to-date symlink: /home/linux/ros2_ws/src/install/pub2-3/share/ament_index/resource_index/parent_prefix_path/pub2-3
[0.105s] -- Up-to-date symlink: /home/linux/ros2_ws/src/install/pub2-3/share/pub2-3/environment/ament_prefix_path.sh
[0.105s] -- Up-to-date symlink: /home/linux/ros2_ws/src/install/pub2-3/share/pub2-3/environment/ament_prefix_path.dsv
[0.106s] -- Up-to-date symlink: /home/linux/ros2_ws/src/install/pub2-3/share/pub2-3/environment/path.sh
[0.106s] -- Up-to-date symlink: /home/linux/ros2_ws/src/install/pub2-3/share/pub2-3/environment/path.dsv
[0.107s] -- Up-to-date symlink: /home/linux/ros2_ws/src/install/pub2-3/share/pub2-3/local_setup.bash
[0.108s] -- Up-to-date symlink: /home/linux/ros2_ws/src/install/pub2-3/share/pub2-3/local_setup.sh
[0.109s] -- Up-to-date symlink: /home/linux/ros2_ws/src/install/pub2-3/share/pub2-3/local_setup.zsh
[0.109s] -- Up-to-date symlink: /home/linux/ros2_ws/src/install/pub2-3/share/pub2-3/local_setup.dsv
[0.111s] -- Symlinking: /home/linux/ros2_ws/src/install/pub2-3/share/pub2-3/package.dsv
[0.117s] -- Up-to-date symlink: /home/linux/ros2_ws/src/install/pub2-3/share/ament_index/resource_index/packages/pub2-3
[0.117s] -- Up-to-date symlink: /home/linux/ros2_ws/src/install/pub2-3/share/pub2-3/cmake/pub2-3Config.cmake
[0.118s] -- Up-to-date symlink: /home/linux/ros2_ws/src/install/pub2-3/share/pub2-3/cmake/pub2-3Config-version.cmake
[0.118s] -- Up-to-date symlink: /home/linux/ros2_ws/src/install/pub2-3/share/pub2-3/package.xml
[0.119s] Invoked command in '/home/linux/ros2_ws/src/build/pub2-3' returned '0': CMAKE_PREFIX_PATH=${CMAKE_PREFIX_PATH}:/opt/ros/foxy /usr/bin/cmake --install /home/linux/ros2_ws/src/build/pub2-3
