[0.013s] Invoking command in '/home/linux/ros2_ws/src/build/pub2-3': CMAKE_PREFIX_PATH=${CMAKE_PREFIX_PATH}:/opt/ros/foxy /usr/bin/cmake --build /home/linux/ros2_ws/src/build/pub2-3 -- -j16 -l16
[0.068s] [35m[1mScanning dependencies of target pub2-3[0m
[0.093s] [ 50%] [32mBuilding CXX object CMakeFiles/pub2-3.dir/src/pub2-3.cpp.o[0m
[2.137s] [100%] [32m[1mLinking CXX executable pub2-3[0m
[2.292s] [100%] Built target pub2-3
[2.299s] Invoked command in '/home/linux/ros2_ws/src/build/pub2-3' returned '0': CMAKE_PREFIX_PATH=${CMAKE_PREFIX_PATH}:/opt/ros/foxy /usr/bin/cmake --build /home/linux/ros2_ws/src/build/pub2-3 -- -j16 -l16
[2.308s] Invoking command in '/home/linux/ros2_ws/src/build/pub2-3': CMAKE_PREFIX_PATH=${CMAKE_PREFIX_PATH}:/opt/ros/foxy /usr/bin/cmake --install /home/linux/ros2_ws/src/build/pub2-3
[2.313s] -- Install configuration: ""
[2.313s] -- Execute custom install script
[2.314s] -- Up-to-date symlink: /home/linux/ros2_ws/src/install/pub2-3/lib/pub2-3/pub2-3
[2.314s] -- Up-to-date symlink: /home/linux/ros2_ws/src/install/pub2-3/share/ament_index/resource_index/package_run_dependencies/pub2-3
[2.314s] -- Up-to-date symlink: /home/linux/ros2_ws/src/install/pub2-3/share/ament_index/resource_index/parent_prefix_path/pub2-3
[2.314s] -- Up-to-date symlink: /home/linux/ros2_ws/src/install/pub2-3/share/pub2-3/environment/ament_prefix_path.sh
[2.315s] -- Up-to-date symlink: /home/linux/ros2_ws/src/install/pub2-3/share/pub2-3/environment/ament_prefix_path.dsv
[2.315s] -- Up-to-date symlink: /home/linux/ros2_ws/src/install/pub2-3/share/pub2-3/environment/path.sh
[2.316s] -- Up-to-date symlink: /home/linux/ros2_ws/src/install/pub2-3/share/pub2-3/environment/path.dsv
[2.316s] -- Up-to-date symlink: /home/linux/ros2_ws/src/install/pub2-3/share/pub2-3/local_setup.bash
[2.316s] -- Up-to-date symlink: /home/linux/ros2_ws/src/install/pub2-3/share/pub2-3/local_setup.sh
[2.317s] -- Up-to-date symlink: /home/linux/ros2_ws/src/install/pub2-3/share/pub2-3/local_setup.zsh
[2.317s] -- Up-to-date symlink: /home/linux/ros2_ws/src/install/pub2-3/share/pub2-3/local_setup.dsv
[2.317s] -- Symlinking: /home/linux/ros2_ws/src/install/pub2-3/share/pub2-3/package.dsv
[2.323s] -- Up-to-date symlink: /home/linux/ros2_ws/src/install/pub2-3/share/ament_index/resource_index/packages/pub2-3
[2.324s] -- Up-to-date symlink: /home/linux/ros2_ws/src/install/pub2-3/share/pub2-3/cmake/pub2-3Config.cmake
[2.324s] -- Up-to-date symlink: /home/linux/ros2_ws/src/install/pub2-3/share/pub2-3/cmake/pub2-3Config-version.cmake
[2.324s] -- Up-to-date symlink: /home/linux/ros2_ws/src/install/pub2-3/share/pub2-3/package.xml
[2.326s] Invoked command in '/home/linux/ros2_ws/src/build/pub2-3' returned '0': CMAKE_PREFIX_PATH=${CMAKE_PREFIX_PATH}:/opt/ros/foxy /usr/bin/cmake --install /home/linux/ros2_ws/src/build/pub2-3
